2022-12-15 22:40:42, success
2022-12-16 01:42:15, success
2022-12-16 04:44:18, success
2022-12-16 07:45:19, success
2022-12-16 10:47:22, success
2022-12-16 13:49:14, success
2022-12-16 16:52:37, success
2022-12-16 19:53:45, success
2022-12-16 22:54:28, success
2022-12-17 01:58:04, success
2022-12-17 04:59:27, success
2022-12-17 08:00:20, success
2022-12-17 11:02:21, success
2022-12-17 14:03:33, success
2022-12-17 17:06:19, success
2022-12-17 20:10:19, success
2022-12-17 23:11:10, success
2022-12-18 02:12:40, success
2022-12-18 05:14:23, success
2022-12-18 08:14:40, success
2022-12-18 11:14:59, success
2022-12-18 14:16:34, success
2022-12-18 17:17:34, success
2022-12-18 20:19:30, success
2022-12-18 23:19:30, success
2022-12-19 02:21:57, success
2022-12-19 05:22:27, success
2022-12-19 08:24:16, success
2022-12-19 11:27:26, success
2022-12-19 14:29:50, success
2022-12-19 17:30:55, success
2022-12-19 20:32:07, success
2022-12-19 23:33:37, success
2022-12-20 02:33:42, success
2022-12-20 05:36:11, success
2022-12-20 08:38:22, success
2022-12-20 11:40:45, success
2022-12-20 14:42:03, success
2022-12-20 17:44:49, success
2022-12-20 20:46:47, success
2022-12-20 23:48:33, success
2022-12-21 02:48:54, success
2022-12-21 05:50:42, success
2022-12-21 08:53:44, success
2022-12-21 11:56:32, success
2022-12-21 14:56:35, success
2022-12-21 17:57:36, success
2022-12-25 20:56:58, success
2022-12-25 23:58:40, success
2022-12-26 02:59:17, success
2022-12-26 06:00:55, success
2022-12-26 09:03:45, success
2022-12-26 12:05:17, success
2022-12-26 15:06:31, success
2022-12-26 18:07:01, success
2022-12-26 21:07:19, success
2022-12-27 00:07:38, success
2022-12-27 03:09:31, success
2022-12-27 06:11:34, success
2022-12-27 09:13:21, success
2022-12-27 12:14:20, success
2022-12-27 15:16:35, success
2022-12-27 18:17:35, success
2022-12-27 21:19:57, success
2022-12-28 00:20:10, success
2022-12-28 03:22:12, success
2022-12-28 06:22:47, success
2022-12-28 09:24:01, success
2022-12-28 12:26:26, success
2022-12-28 15:28:43, success
2022-12-28 18:30:55, success
2022-12-28 21:31:35, success
2022-12-29 00:33:41, success
2022-12-29 03:36:08, success
2022-12-29 06:36:36, success
2022-12-29 09:38:57, success
2022-12-29 12:41:20, success
2022-12-29 15:43:40, success
2022-12-29 18:43:40, success
2022-12-29 21:44:06, success
2022-12-30 00:46:07, success
2022-12-30 03:47:42, success
2022-12-30 06:49:13, success
2022-12-30 09:50:07, success
2022-12-30 12:52:59, success
2022-12-30 15:54:53, success
2022-12-30 18:56:29, success
2022-12-30 21:58:06, success
2022-12-31 00:59:23, success
2022-12-31 04:01:28, success
2022-12-31 07:03:26, success
2022-12-31 10:04:01, success
2022-12-31 13:06:51, success
2022-12-31 16:06:56, success
2022-12-31 19:07:10, success
2022-12-31 22:08:47, success
2023-01-01 01:09:25, success
2023-01-01 04:11:50, success
2023-01-01 07:14:06, success
2023-01-01 10:14:37, success
2023-01-01 13:16:45, success
2023-01-01 16:17:24, success
2023-01-01 19:17:39, success
2023-01-01 22:18:36, success
2023-01-02 01:21:11, success
2023-01-02 04:23:40, success
2023-01-02 07:23:53, success
2023-01-02 10:25:39, success
2023-01-02 13:27:24, success
2023-01-02 16:28:50, success
2023-01-02 19:29:47, success
2023-01-02 22:30:31, success
2023-01-03 01:31:48, success
2023-01-03 04:33:30, success
2023-01-03 07:34:00, success
2023-01-03 10:35:59, success
2023-01-03 13:38:35, success
2023-01-03 16:39:22, success
2023-01-03 19:41:52, success
2023-01-03 22:44:11, success
2023-01-04 01:45:14, success
2023-01-04 04:46:05, success
2023-01-04 07:48:35, success
2023-01-04 10:51:00, success
2023-01-04 13:51:49, success
2023-01-04 16:53:10, success
2023-01-04 19:54:07, success
2023-01-04 22:56:19, success
2023-01-05 01:58:49, success
2023-01-05 05:00:12, success
2023-01-05 08:02:18, success
2023-01-05 11:02:19, success
2023-01-05 14:03:32, success
2023-01-05 17:03:48, success
2023-01-05 20:04:30, success
2023-01-05 23:05:38, success
2023-01-06 02:06:23, success
2023-01-06 05:08:54, success
2023-01-06 08:10:02, success
2023-01-06 11:12:45, success
2023-01-06 14:14:07, success
2023-01-06 17:15:08, success
2023-01-06 20:16:34, success
2023-01-06 23:16:50, success
2023-01-07 02:18:59, success
2023-01-07 05:20:35, success
2023-01-07 08:22:43, success
2023-01-07 11:25:34, success
2023-01-07 14:28:25, success
2023-01-07 17:29:48, success
2023-01-07 20:31:08, success
2023-01-07 23:32:13, success
2023-01-08 02:34:23, success
2023-01-08 05:34:54, success
2023-01-08 08:37:25, success
2023-01-08 11:38:48, success
2023-01-08 14:38:51, success
2023-01-08 17:40:31, success
2023-01-08 20:42:23, success
2023-01-08 23:42:24, success
2023-01-09 02:42:35, success
2023-01-09 05:43:10, success
2023-01-09 08:43:55, success
2023-01-09 11:45:13, success
2023-01-09 14:47:50, success
2023-01-09 16:33:39, failed
2023-01-09 16:37:13, success
2023-01-09 19:38:08, success
2023-01-09 22:39:36, success
2023-01-10 01:39:56, success
2023-01-10 04:42:02, success
2023-01-10 07:44:34, success
2023-01-10 10:45:09, success
2023-01-10 13:46:03, success
2023-01-10 16:47:55, success
2023-01-10 19:48:16, success
2023-01-10 22:49:36, success
2023-01-11 01:50:31, success
2023-01-11 04:51:12, success
2023-01-11 07:53:26, success
2023-01-11 10:55:22, success
2023-01-11 13:55:38, success
2023-01-11 16:56:24, success
2023-01-11 19:58:53, success
2023-01-11 23:00:02, success
2023-01-12 02:01:11, success
2023-01-12 05:04:16, success
2023-01-12 08:06:36, success
2023-01-12 11:09:01, success
2023-01-12 14:11:34, success
2023-01-12 17:12:53, success
2023-01-12 20:14:19, success
2023-01-12 23:14:43, success
2023-01-13 02:15:29, success
2023-01-13 05:17:00, success
2023-01-13 08:21:17, success
2023-01-13 11:23:48, success
2023-01-13 14:23:48, success
2023-01-13 17:25:19, success
2023-01-13 20:26:35, success
2023-01-13 23:27:19, success
2023-01-14 02:30:12, success
2023-01-14 05:32:18, success
2023-01-14 08:35:00, success
2023-01-14 11:36:07, success
2023-01-14 14:37:22, success
2023-01-14 17:38:37, success
2023-01-14 20:40:54, success
2023-01-14 23:41:00, success
2023-01-15 16:00:41, success
2023-01-15 19:01:05, success
2023-01-15 22:01:42, success
2023-01-16 01:03:35, success
2023-01-16 04:06:14, success
2023-01-16 07:07:09, success
2023-01-16 10:09:24, success
2023-01-16 13:10:52, success
2023-01-16 16:12:09, success
2023-01-16 19:13:01, success
2023-01-16 22:13:09, success
2023-01-17 01:13:33, success
2023-01-17 04:15:41, success
2023-01-17 07:16:08, success
2023-01-17 10:17:45, success
2023-01-17 13:17:45, success
2023-01-17 16:20:28, success
2023-01-17 19:22:29, success
2023-01-17 22:24:31, success
2023-01-18 01:25:55, success
2023-01-18 04:28:37, success
2023-01-18 07:29:40, success
2023-01-18 10:30:52, success
2023-01-18 13:32:20, success
2023-01-18 16:32:25, success
2023-01-18 19:34:11, success
2023-01-18 22:34:30, success
2023-01-19 01:36:57, success
2023-01-19 04:39:26, success
2023-01-19 07:40:34, success
2023-01-19 10:41:04, success
2023-01-19 13:43:44, success
2023-01-19 16:45:38, success
2023-01-19 19:48:32, success
2023-01-19 22:49:33, success
2023-01-20 01:49:59, success
2023-01-20 04:52:22, success
2023-01-20 07:54:05, success
2023-01-20 10:55:26, success
2023-01-20 13:57:11, success
2023-01-20 17:00:19, success
2023-01-20 20:03:02, success
2023-01-20 23:04:39, success
2023-01-21 02:05:55, success
2023-01-21 05:07:16, success
2023-01-21 08:09:43, success
2023-01-21 11:10:29, success
2023-01-21 14:13:15, success
2023-01-21 17:14:07, success
2023-01-21 20:15:32, success
2023-01-21 23:15:32, success
2023-01-22 02:16:47, success
2023-01-22 05:21:40, success
2023-01-22 08:24:22, success
2023-01-22 11:25:00, success
2023-01-22 14:25:30, success
2023-01-22 17:27:07, success
2023-01-22 19:05:20, failed
2023-01-22 19:09:12, success
2023-01-22 22:10:30, success
2023-01-23 01:11:08, success
2023-01-23 04:11:18, success
2023-01-23 07:11:24, success
2023-01-23 10:14:26, success
2023-01-23 13:15:43, success
2023-01-23 16:17:46, success
2023-01-23 19:19:06, success
2023-01-23 22:20:36, success
2023-01-24 01:22:57, success
2023-01-24 04:23:58, success
2023-01-24 07:25:54, success
2023-01-24 10:27:56, success
2023-01-24 13:30:46, success
2023-01-24 16:32:05, success
2023-01-24 19:33:26, success
2023-01-24 22:33:43, success
2023-01-25 01:35:34, success
2023-01-25 04:36:17, success
2023-01-25 07:37:51, success
2023-01-25 10:38:07, success
2023-01-25 13:51:12, failed
2023-01-25 14:10:53, success
2023-03-25 15:00:52, success
2023-03-25 20:59:34, success
<<<<<<< HEAD
2023-03-26 08:15:04, success
=======
2023-03-26 00:21:27, success
>>>>>>> aa894518c388e9e2458f8f3d9e8aea78ac88a56c
2023-03-26 08:21:51, success
<<<<<<< HEAD
2023-03-26 11:28:59, success
=======
2023-03-26 11:28:32, success
>>>>>>> 9d53db250e74bad2eb99232681ee4ad8afc21816
