2022-12-15 10:49:42, success
2022-12-15 13:51:15, success
2022-12-15 16:51:21, success
2022-12-15 19:53:01, success
2022-12-15 22:53:58, success
2022-12-16 01:56:42, success
2022-12-16 04:59:22, success
2022-12-16 07:59:47, success
2022-12-16 11:01:57, success
2022-12-16 14:04:54, success
2022-12-16 17:08:31, success
2022-12-16 20:12:49, success
2022-12-16 23:13:04, success
2022-12-17 02:15:20, success
2022-12-17 05:16:47, success
2022-12-17 08:18:17, success
2022-12-17 11:20:19, success
2022-12-17 14:22:09, success
2022-12-17 17:22:18, success
2022-12-17 20:25:10, success
2022-12-17 23:25:35, success
2022-12-18 02:26:55, success
2022-12-18 05:28:03, success
2022-12-18 08:28:48, success
2022-12-18 11:29:55, success
2022-12-18 14:31:05, success
2022-12-18 17:32:03, success
2022-12-18 20:33:03, success
2022-12-18 23:36:14, success
2022-12-19 02:36:57, success
2022-12-19 05:39:17, success
2022-12-19 08:41:54, success
2022-12-19 11:45:41, success
2022-12-19 14:45:51, success
2022-12-19 17:46:09, success
2022-12-19 20:48:34, success
2022-12-19 23:50:38, success
2022-12-20 02:53:18, success
2022-12-20 05:56:09, success
2022-12-20 08:58:22, success
2022-12-20 12:01:16, success
2022-12-20 15:03:12, success
2022-12-20 18:06:30, success
2022-12-20 21:07:34, success
2022-12-21 00:08:05, success
2022-12-21 03:09:56, success
2022-12-21 06:12:19, success
2022-12-21 09:12:46, success
2022-12-21 12:16:58, success
2022-12-21 15:21:16, success
2022-12-21 18:23:26, success
2022-12-25 20:55:15, success
2022-12-25 23:57:37, success
2022-12-26 02:58:16, success
2022-12-26 05:59:47, success
2022-12-26 09:02:39, success
2022-12-26 12:04:09, success
2022-12-26 15:05:26, success
2022-12-26 18:05:58, success
2022-12-26 21:06:12, success
2022-12-27 00:06:31, success
2022-12-27 03:07:43, success
2022-12-27 06:08:01, success
2022-12-27 09:09:29, success
2022-12-27 12:12:12, success
2022-12-27 15:13:03, success
2022-12-27 18:16:29, success
2022-12-27 21:18:53, success
2022-12-28 00:19:08, success
2022-12-28 03:21:10, success
2022-12-28 06:21:32, success
2022-12-28 09:22:53, success
2022-12-28 12:25:08, success
2022-12-28 15:27:33, success
2022-12-28 18:29:51, success
2022-12-28 21:30:36, success
2022-12-29 00:32:39, success
2022-12-29 03:32:40, success
2022-12-29 06:33:08, success
2022-12-29 09:35:10, success
2022-12-29 12:37:29, success
2022-12-29 15:37:37, success
2022-12-29 18:40:06, success
2022-12-29 21:40:29, success
2022-12-30 00:42:43, success
2022-12-30 03:44:04, success
2022-12-30 06:45:48, success
2022-12-30 09:48:30, success
2022-12-30 12:51:12, success
2022-12-30 15:53:44, success
2022-12-30 18:55:18, success
2022-12-30 21:57:04, success
2022-12-31 00:58:20, success
2022-12-31 04:00:14, success
2022-12-31 07:02:22, success
2022-12-31 10:02:57, success
2022-12-31 13:05:19, success
2022-12-31 16:05:48, success
2022-12-31 19:06:07, success
2022-12-31 20:33:44, failed
2022-12-31 23:35:49, failed
2023-01-01 02:42:28, failed
2023-01-01 05:45:03, failed
2023-01-01 08:47:15, failed
2023-01-01 11:48:01, failed
2023-01-01 14:49:56, failed
2023-01-01 17:51:35, failed
2023-01-01 20:53:44, failed
2023-01-01 23:54:29, failed
2023-01-02 02:54:34, failed
2023-01-02 05:55:52, failed
2023-01-02 08:57:33, failed
2023-01-02 11:58:28, failed
2023-01-02 15:00:41, failed
2023-01-02 18:02:48, failed
2023-01-02 21:04:11, failed
2023-01-03 00:05:22, failed
2023-01-03 03:07:19, failed
2023-01-03 06:08:12, failed
2023-01-03 09:10:29, failed
2023-01-03 12:10:54, failed
2023-01-03 15:11:21, failed
2023-01-03 18:11:44, failed
2023-01-03 21:14:00, failed
2023-01-04 00:15:14, failed
2023-01-04 03:16:13, failed
2023-01-04 06:16:54, failed
2023-01-04 09:18:39, failed
2023-01-04 12:20:52, failed
2023-01-04 15:23:18, failed
2023-01-04 18:24:58, failed
2023-01-04 21:26:14, failed
2023-01-05 00:27:22, failed
2023-01-05 03:29:56, failed
2023-01-05 06:32:18, failed
2023-01-05 09:34:12, failed
2023-01-05 12:35:39, failed
2023-01-05 15:36:19, failed
2023-01-05 18:38:17, failed
2023-01-05 21:40:15, failed
2023-01-06 00:41:33, failed
2023-01-06 03:42:13, failed
2023-01-06 06:42:44, failed
2023-01-06 09:44:55, failed
2023-01-06 12:45:51, failed
2023-01-06 15:46:39, failed
2023-01-06 18:47:57, failed
2023-01-06 21:49:47, failed
2023-01-07 00:49:50, failed
2023-01-07 03:49:59, failed
2023-01-07 06:50:39, failed
2023-01-07 09:51:47, failed
2023-01-07 12:53:28, failed
2023-01-07 15:54:02, failed
2023-01-07 18:54:08, failed
2023-01-07 21:54:14, failed
2023-01-08 00:56:51, failed
2023-01-08 03:59:27, failed
2023-01-08 07:01:51, failed
2023-01-08 10:04:01, failed
2023-01-08 13:06:49, failed
2023-01-08 16:07:21, failed
2023-01-08 19:09:49, failed
2023-01-08 22:11:32, failed
2023-01-09 01:12:35, failed
2023-01-09 04:13:27, failed
2023-01-09 07:14:24, failed
2023-01-09 10:14:43, failed
2023-01-09 13:16:35, failed
2023-01-09 16:17:55, failed
2023-01-09 19:18:05, failed
2023-01-09 22:18:18, failed
2023-01-10 01:19:56, failed
2023-01-10 04:20:16, failed
2023-01-10 07:22:48, failed
2023-01-10 10:23:26, failed
2023-01-10 13:25:43, failed
2023-01-10 16:26:52, failed
2023-01-10 19:30:45, failed
2023-01-10 22:31:31, failed
2023-01-11 01:33:36, failed
2023-01-11 04:34:19, failed
2023-01-11 07:36:11, failed
2023-01-11 10:37:52, failed
2023-01-11 13:40:05, failed
2023-01-11 16:41:07, failed
2023-01-11 19:43:03, failed
2023-01-11 22:44:48, failed
2023-01-12 01:47:49, failed
2023-01-12 04:48:01, failed
2023-01-12 07:49:10, failed
2023-01-12 10:50:37, failed
2023-01-12 13:52:57, failed
2023-01-12 16:54:46, failed
2023-01-12 19:56:37, failed
2023-01-12 22:57:12, failed
2023-01-13 01:59:47, failed
2023-01-13 05:01:47, failed
2023-01-13 08:04:40, failed
2023-01-13 11:05:27, failed
2023-01-13 14:06:37, failed
2023-01-13 17:07:15, failed
2023-01-13 20:09:35, failed
2023-01-13 23:11:47, failed
2023-01-14 02:12:22, failed
2023-01-14 05:14:44, failed
2023-01-14 08:15:45, failed
2023-01-14 11:18:41, failed
2023-01-14 14:19:34, failed
2023-01-14 17:20:31, failed
2023-01-14 20:21:08, failed
2023-01-14 23:22:22, failed
2023-01-15 15:58:56, failed
2023-01-15 18:59:55, failed
2023-01-15 22:00:39, failed
2023-01-16 01:02:33, failed
2023-01-16 04:05:10, failed
2023-01-16 07:06:05, failed
2023-01-16 10:08:14, failed
2023-01-16 13:09:49, failed
2023-01-16 16:10:58, failed
2023-01-16 19:11:58, failed
2023-01-16 22:12:05, failed
2023-01-17 01:12:20, failed
2023-01-17 04:14:34, failed
2023-01-17 07:14:56, failed
2023-01-17 10:16:24, failed
2023-01-17 13:16:38, failed
2023-01-17 16:19:17, failed
2023-01-17 19:21:25, failed
2023-01-17 22:23:20, failed
2023-01-18 01:24:46, failed
2023-01-18 04:24:46, failed
2023-01-18 07:25:48, failed
2023-01-18 10:26:52, failed
2023-01-18 13:28:16, failed
2023-01-18 16:28:17, failed
2023-01-18 19:30:22, failed
2023-01-18 22:30:28, failed
2023-01-19 01:30:43, failed
2023-01-19 04:32:01, failed
2023-01-19 07:33:22, failed
2023-01-19 10:36:23, failed
2023-01-19 13:39:21, failed
2023-01-19 16:41:01, failed
2023-01-19 19:43:51, failed
2023-01-19 22:45:04, failed
2023-01-20 01:45:44, failed
2023-01-20 04:48:12, failed
2023-01-20 07:49:42, failed
2023-01-20 10:51:09, failed
2023-01-20 13:52:36, failed
2023-01-20 16:52:37, failed
2023-01-20 19:55:24, failed
2023-01-20 22:55:37, failed
2023-01-21 01:58:24, failed
2023-01-21 04:59:56, failed
2023-01-21 08:02:36, failed
2023-01-21 11:02:53, failed
2023-01-21 14:05:27, failed
2023-01-21 17:06:29, failed
2023-01-21 20:08:11, failed
2023-01-21 23:10:58, failed
2023-01-22 02:12:22, failed
2023-01-22 05:15:01, failed
2023-01-22 08:18:14, failed
2023-01-22 11:20:08, failed
2023-01-22 14:21:17, failed
2023-01-22 17:22:48, failed
2023-01-22 20:24:36, failed
2023-01-22 23:26:52, failed
2023-01-23 02:27:25, failed
2023-01-23 05:28:19, failed
2023-01-23 08:30:53, failed
2023-01-23 11:33:26, failed
2023-01-23 14:35:42, failed
2023-01-23 17:36:41, failed
2023-01-23 20:38:41, failed
2023-01-23 23:40:17, failed
2023-01-24 02:41:58, failed
2023-01-24 05:42:39, failed
2023-01-24 08:44:41, failed
2023-01-24 11:45:22, failed
2023-01-24 14:46:41, failed
2023-01-24 17:47:17, failed
2023-01-24 20:49:07, failed
2023-01-24 23:51:11, failed
2023-01-25 02:53:38, failed
2023-01-25 05:54:44, failed
2023-01-25 08:54:46, failed
2023-01-25 11:56:26, failed
2023-01-25 14:59:10, failed
2023-03-25 13:01:00, failed
2023-03-25 20:56:49, failed
<<<<<<< HEAD
2023-03-26 08:12:11, failed
=======
2023-03-26 00:18:41, failed
>>>>>>> aa894518c388e9e2458f8f3d9e8aea78ac88a56c
2023-03-26 08:18:54, failed
