2022-12-06 13:57:36, success
2022-12-06 17:59:29, success
2022-12-06 22:00:13, success
2022-12-07 02:00:58, success
2022-12-07 06:02:54, success
2022-12-07 10:05:04, success
2022-12-07 14:06:25, success
2022-12-07 18:06:53, success
2022-12-07 22:11:48, success
2022-12-08 02:15:37, success
2022-12-08 06:15:55, success
2022-12-08 10:17:57, success
2022-12-08 14:18:44, success
2022-12-08 18:22:36, success
2022-12-08 22:22:39, success
2022-12-09 02:24:50, success
2022-12-09 06:27:52, success
2022-12-09 10:29:35, success
2022-12-09 14:29:37, success
2022-12-09 18:31:30, success
2022-12-09 20:21:45, failed
2022-12-10 00:21:47, failed
2022-12-10 04:22:37, failed
2022-12-10 08:25:06, failed
2022-12-10 12:27:18, failed
2022-12-10 16:29:30, failed
2022-12-10 20:31:49, failed
2022-12-11 00:34:46, failed
2022-12-11 04:34:51, failed
2022-12-11 08:35:45, failed
2022-12-11 12:38:35, failed
2022-12-11 16:39:48, failed
2022-12-11 20:43:43, failed
2022-12-12 00:44:06, failed
2022-12-12 04:44:13, failed
2022-12-12 08:46:34, failed
2022-12-12 12:50:26, failed
2022-12-12 16:53:15, failed
2022-12-12 20:53:22, failed
2022-12-13 00:54:33, failed
2022-12-13 04:57:20, failed
2022-12-13 08:58:11, failed
2022-12-13 13:00:38, failed
2022-12-13 17:03:09, failed
2022-12-13 21:05:59, failed
2022-12-14 01:08:39, failed
2022-12-14 05:08:58, failed
2022-12-14 09:13:10, failed
2022-12-14 13:15:00, failed
2022-12-14 17:16:48, failed
2022-12-14 21:16:50, failed
2022-12-15 01:19:04, failed
2022-12-15 05:23:01, failed
2022-12-15 09:23:24, failed
2022-12-15 13:24:21, failed
2022-12-15 17:24:29, failed
2022-12-15 21:24:37, failed
2022-12-16 01:27:34, failed
2022-12-16 05:28:04, failed
2022-12-16 09:29:33, failed
2022-12-16 13:31:35, failed
2022-12-16 17:36:36, failed
2022-12-16 21:38:49, failed
2022-12-17 01:39:33, failed
2022-12-17 05:43:18, failed
2022-12-17 09:43:19, failed
2022-12-17 13:45:24, failed
2022-12-17 17:47:02, failed
2022-12-17 21:50:40, failed
2022-12-18 01:53:31, failed
2022-12-18 05:54:35, failed
2022-12-18 09:58:42, failed
2022-12-18 14:01:43, failed
2022-12-18 18:03:15, failed
2022-12-18 22:05:23, failed
2022-12-19 02:06:55, failed
2022-12-19 06:09:20, failed
2022-12-19 10:09:22, failed
2022-12-19 14:11:39, failed
2022-12-19 18:14:09, failed
2022-12-19 22:15:09, failed
2022-12-20 02:16:43, failed
2022-12-20 06:17:44, failed
2022-12-20 10:19:00, failed
2022-12-20 14:19:29, failed
2022-12-20 18:21:25, failed
2022-12-20 22:21:53, failed
2022-12-21 02:22:20, failed
2022-12-21 06:24:23, failed
2022-12-21 10:24:39, failed
2022-12-21 14:27:15, failed
2022-12-21 18:29:22, failed
2022-12-25 20:57:53, success
2022-12-26 00:59:32, success
2022-12-26 05:00:10, success
2022-12-26 09:01:46, success
2022-12-26 13:03:16, success
2022-12-26 17:04:47, success
2022-12-26 21:05:23, success
2022-12-27 01:06:20, success
2022-12-27 05:08:35, success
2022-12-27 09:08:36, success
2022-12-27 13:08:39, success
2022-12-27 17:08:58, success
2022-12-27 20:08:47, failed
2022-12-27 20:12:38, success
2022-12-28 00:12:55, success
2022-12-28 04:15:06, success
2022-12-28 08:17:06, success
2022-12-28 12:17:18, success
2022-12-28 16:19:11, success
2022-12-28 20:21:07, success
2022-12-29 00:22:05, success
2022-12-29 04:23:32, success
2022-12-29 08:25:22, success
2022-12-29 12:26:27, success
2022-12-29 16:28:54, success
2022-12-29 20:29:49, success
2022-12-30 00:32:17, success
2022-12-30 04:33:27, success
2022-12-30 08:33:40, success
2022-12-30 12:36:17, success
2022-12-30 16:37:44, success
2022-12-30 20:39:17, success
2022-12-31 00:40:41, success
2022-12-31 04:41:10, success
2022-12-31 08:43:36, success
2022-12-31 12:43:37, success
2022-12-31 16:53:12, success
2022-12-31 20:54:23, success
2023-01-01 00:56:00, success
2023-01-01 04:58:29, success
2023-01-01 09:00:13, success
2023-01-01 13:01:30, success
2023-01-01 17:01:58, success
2023-01-01 21:02:48, success
2023-01-02 01:03:38, success
2023-01-02 05:05:33, success
2023-01-02 09:08:10, success
2023-01-02 13:09:01, success
2023-01-02 17:11:26, success
2023-01-02 21:13:51, success
2023-01-03 01:14:32, success
2023-01-03 05:14:56, success
2023-01-03 09:14:57, success
2023-01-03 13:17:00, success
2023-01-03 17:18:18, success
2023-01-03 21:29:40, success
2023-01-04 01:30:00, success
2023-01-04 05:31:00, success
2023-01-04 09:31:32, success
2023-01-04 13:32:28, success
2023-01-04 17:35:19, success
2023-01-04 21:36:16, success
2023-01-05 01:38:38, success
2023-01-05 05:40:34, success
2023-01-05 09:41:44, success
2023-01-05 13:42:48, success
2023-01-05 17:45:05, success
2023-01-05 21:47:28, success
2023-01-06 01:47:29, success
2023-01-06 05:49:46, success
2023-01-06 09:52:08, success
2023-01-06 13:54:56, success
2023-01-06 17:57:12, success
2023-01-06 21:57:23, success
2023-01-07 01:59:56, success
2023-01-07 06:00:57, success
2023-01-07 10:05:32, success
2023-01-07 14:06:47, success
2023-01-07 18:08:42, success
2023-01-07 22:08:49, success
2023-01-08 02:09:45, success
2023-01-08 06:10:32, success
2023-01-08 10:11:20, success
2023-01-08 14:12:11, success
2023-01-08 18:14:13, success
2023-01-08 22:16:09, success
2023-01-09 02:17:40, success
2023-01-09 06:19:17, success
2023-01-09 10:21:21, success
2023-01-09 14:21:35, success
2023-01-09 18:21:46, success
2023-01-09 22:23:04, success
2023-01-10 02:24:23, success
2023-01-10 06:26:09, success
2023-01-10 10:28:20, success
2023-01-10 14:30:16, success
2023-01-10 18:32:08, success
2023-01-10 22:33:30, success
2023-01-11 02:35:29, success
2023-01-11 06:37:42, success
2023-01-11 10:39:40, success
2023-01-11 14:41:40, success
2023-01-11 18:50:16, success
2023-01-11 22:52:28, success
2023-01-12 02:54:59, success
2023-01-12 06:56:31, success
2023-01-12 10:58:34, success
2023-01-12 15:00:51, success
2023-01-12 19:02:16, success
2023-01-12 23:04:45, success
2023-01-13 03:05:11, success
2023-01-13 07:07:04, success
2023-01-13 11:07:34, success
2023-01-13 15:09:30, success
2023-01-13 19:10:18, success
2023-01-13 23:10:57, success
2023-01-14 03:13:34, success
2023-01-14 07:13:50, success
2023-01-14 11:14:49, success
2023-01-14 15:19:28, success
2023-01-14 19:20:28, success
2023-01-14 23:21:40, success
2023-01-15 16:02:14, success
2023-01-15 20:02:53, success
2023-01-16 00:02:53, success
2023-01-16 04:04:21, success
2023-01-16 08:07:31, success
2023-01-16 12:07:34, success
2023-01-16 16:07:34, success
2023-01-16 20:11:28, success
2023-01-17 00:12:06, success
2023-01-17 04:13:46, success
2023-01-17 08:15:05, success
2023-01-17 12:16:14, success
2023-01-17 16:18:28, success
2023-01-17 20:20:30, success
2023-01-18 00:22:44, success
2023-01-18 04:24:03, success
2023-01-18 08:24:52, success
2023-01-18 12:27:28, success
2023-01-18 16:27:33, success
2023-01-18 20:28:17, success
2023-01-19 00:29:32, success
2023-01-19 04:31:04, success
2023-01-19 08:32:13, success
2023-01-19 12:34:22, success
2023-01-19 16:36:38, success
2023-01-19 20:37:10, success
2023-01-20 00:38:34, success
2023-01-20 04:38:36, success
2023-01-20 08:40:03, success
2023-01-20 12:42:54, success
2023-01-20 16:43:00, success
2023-01-20 20:45:35, success
2023-01-21 00:45:44, success
2023-01-21 04:47:20, success
2023-01-21 08:48:11, success
2023-01-21 12:49:04, success
2023-01-21 16:49:53, success
2023-01-21 20:52:52, success
2023-01-22 00:54:44, success
2023-01-22 04:55:18, success
2023-01-22 08:57:43, success
2023-01-22 12:58:54, success
2023-01-22 16:59:46, success
2023-01-22 21:00:23, success
2023-01-23 01:02:38, success
2023-01-23 05:04:34, success
2023-01-23 09:05:10, success
2023-01-23 13:06:57, success
2023-01-23 17:07:32, success
2023-01-23 21:10:10, success
2023-01-24 01:12:45, success
2023-01-24 05:13:18, success
2023-01-24 09:15:10, success
2023-01-24 13:17:08, success
2023-01-24 17:19:52, success
2023-01-24 21:22:22, success
2023-01-25 01:24:03, success
2023-01-25 05:24:20, success
2023-01-25 09:25:10, success
2023-01-25 12:48:03, failed
2023-01-25 12:54:12, success
2023-03-25 15:02:19, failed
2023-03-25 21:01:08, failed
2023-03-25 22:19:09, success
<<<<<<< HEAD
2023-03-26 08:16:39, success
=======
2023-03-26 02:19:39, success
>>>>>>> aa894518c388e9e2458f8f3d9e8aea78ac88a56c
2023-03-26 08:23:11, success
<<<<<<< HEAD
2023-03-26 12:39:49, success
=======
<<<<<<< HEAD
2023-03-26 12:25:38, success
=======
2023-03-26 12:23:53, success
>>>>>>> b9c05bd58af84d60cde5826032c245eaba8c8946
2023-03-26 12:29:57, success
>>>>>>> 32e1b65eec651a139ac5524c1db72ee0092bf51d
<<<<<<< HEAD
2023-03-26 12:45:19, success
=======
2023-03-26 12:43:09, success
>>>>>>> c39ea66ce757de7dc50ec501fdc5de32a58be571
2023-03-26 12:49:41, success
