2022-12-15 14:26:15, success
2022-12-15 17:29:43, success
2022-12-15 20:33:20, success
2022-12-15 23:36:19, success
2022-12-16 02:36:39, success
2022-12-16 05:38:28, success
2022-12-16 08:40:18, success
2022-12-16 11:42:24, success
2022-12-16 14:44:49, success
2022-12-16 17:46:40, success
2022-12-16 20:50:07, success
2022-12-16 23:53:01, success
2022-12-17 02:53:34, success
2022-12-17 05:55:53, success
2022-12-17 08:57:52, success
2022-12-17 12:00:03, success
2022-12-17 15:02:02, success
2022-12-17 18:03:09, success
2022-12-17 21:06:04, success
2022-12-18 00:08:11, success
2022-12-18 03:11:23, success
2022-12-18 06:13:42, success
2022-12-18 09:16:52, success
2022-12-18 11:29:34, failed
2022-12-18 11:50:02, success
2022-12-18 14:52:26, success
2022-12-18 17:53:52, success
2022-12-18 20:56:09, success
2022-12-18 23:57:30, success
2022-12-19 02:57:48, success
2022-12-19 05:59:38, success
2022-12-19 09:01:18, success
2022-12-19 12:01:27, success
2022-12-19 15:02:54, success
2022-12-19 18:03:33, success
2022-12-19 21:06:12, success
2022-12-20 00:06:38, success
2022-12-20 03:07:42, success
2022-12-20 06:08:09, success
2022-12-20 09:08:45, success
2022-12-20 12:10:03, success
2022-12-20 15:10:51, success
2022-12-20 18:14:17, success
2022-12-20 21:15:27, success
2022-12-21 00:16:10, success
2022-12-21 03:17:50, success
2022-12-21 06:19:52, success
2022-12-21 09:21:31, success
2022-12-21 12:25:13, success
2022-12-21 15:26:01, success
2022-12-21 18:27:15, success
2022-12-25 20:54:59, success
2022-12-25 23:57:25, success
2022-12-26 02:58:05, success
2022-12-26 05:59:35, success
2022-12-26 09:02:27, success
2022-12-26 12:03:57, success
2022-12-26 15:05:16, success
2022-12-26 18:05:46, success
2022-12-26 21:06:01, success
2022-12-27 00:06:19, success
2022-12-27 03:07:23, success
2022-12-27 06:07:50, success
2022-12-27 09:09:16, success
2022-12-27 12:12:00, success
2022-12-27 15:12:51, success
2022-12-27 18:12:51, success
2022-12-27 21:15:30, success
2022-12-28 00:16:03, success
2022-12-28 03:18:22, success
2022-12-28 06:18:55, success
2022-12-28 09:19:46, success
2022-12-28 12:21:51, success
2022-12-28 15:22:17, success
2022-12-28 18:22:35, success
2022-12-28 21:23:09, success
2022-12-29 00:25:04, success
2022-12-29 03:25:04, success
2022-12-29 06:25:32, success
2022-12-29 09:27:19, success
2022-12-29 12:29:41, success
2022-12-29 15:29:59, success
2022-12-29 18:30:12, success
2022-12-29 21:31:57, success
2022-12-30 00:32:48, success
2022-12-30 03:33:58, success
2022-12-30 06:35:58, success
2022-12-30 09:36:58, success
2022-12-30 12:39:40, success
2022-12-30 15:42:12, success
2022-12-30 18:44:43, success
2022-12-30 21:46:50, success
2022-12-31 00:48:32, success
2022-12-31 03:50:40, success
2022-12-31 06:52:16, success
2022-12-31 09:52:19, success
2022-12-31 12:54:50, success
2022-12-31 15:56:26, success
2022-12-31 18:58:18, success
2022-12-31 21:58:55, success
2023-01-01 00:59:20, success
2023-01-01 03:59:44, success
2023-01-01 07:01:56, success
2023-01-01 10:02:03, success
2023-01-01 13:02:05, success
2023-01-01 16:03:15, success
2023-01-01 19:03:46, success
2023-01-01 22:04:05, success
2023-01-02 01:04:11, success
2023-01-02 04:06:07, success
2023-01-02 07:08:50, success
2023-01-02 10:11:09, success
2023-01-02 13:12:09, success
2023-01-02 16:14:28, success
2023-01-02 19:16:11, success
2023-01-02 22:16:30, success
2023-01-03 01:17:46, success
2023-01-03 04:18:16, success
2023-01-03 07:19:54, success
2023-01-03 10:21:44, success
2023-01-03 13:23:20, success
2023-01-03 16:24:20, success
2023-01-03 19:26:05, success
2023-01-03 22:27:23, success
2023-01-04 01:28:00, success
2023-01-04 04:29:02, success
2023-01-04 07:30:56, success
2023-01-04 10:33:18, success
2023-01-04 13:36:00, success
2023-01-04 16:38:54, success
2023-01-04 19:39:12, success
2023-01-04 22:40:13, success
2023-01-05 01:41:48, success
2023-01-05 04:43:03, success
2023-01-05 07:44:35, success
2023-01-05 10:47:31, success
2023-01-05 13:48:44, success
2023-01-05 16:48:45, success
2023-01-05 19:50:02, success
2023-01-05 22:50:54, success
2023-01-06 01:51:07, success
2023-01-06 04:51:59, success
2023-01-06 07:53:02, success
2023-01-06 10:55:18, success
2023-01-06 13:55:32, success
2023-01-06 16:57:33, success
2023-01-06 19:58:45, success
2023-01-06 23:00:55, success
2023-01-07 02:03:25, success
2023-01-07 05:05:01, success
2023-01-07 08:06:31, success
2023-01-07 11:06:52, success
2023-01-07 14:07:22, success
2023-01-07 17:09:08, success
2023-01-07 20:09:55, success
2023-01-07 23:10:50, success
2023-01-08 02:13:01, success
2023-01-08 05:13:02, success
2023-01-08 08:13:04, success
2023-01-08 11:14:46, success
2023-01-08 14:15:41, success
2023-01-08 17:16:28, success
2023-01-08 20:18:12, success
2023-01-08 23:18:51, success
2023-01-09 02:20:56, success
2023-01-09 05:22:47, success
2023-01-09 08:23:23, success
2023-01-09 11:25:11, success
2023-01-09 14:27:43, success
2023-01-09 17:28:21, success
2023-01-09 20:29:19, success
2023-01-09 23:34:50, success
2023-01-10 02:35:50, success
2023-01-10 05:36:08, success
2023-01-10 08:36:45, success
2023-01-10 11:38:04, success
2023-01-10 14:39:28, success
2023-01-10 17:40:36, success
2023-01-10 20:41:09, success
2023-01-10 23:42:09, success
2023-01-11 02:44:35, success
2023-01-11 05:46:30, success
2023-01-11 08:48:20, success
2023-01-11 11:49:26, success
2023-01-11 14:51:42, success
2023-01-11 17:52:26, success
2023-01-11 20:55:23, success
2023-01-11 23:57:52, success
2023-01-12 02:58:26, success
2023-01-12 06:00:29, success
2023-01-12 09:02:26, success
2023-01-12 12:04:53, success
2023-01-12 15:06:33, success
2023-01-12 18:06:45, success
2023-01-12 21:07:28, success
2023-01-13 00:08:45, success
2023-01-13 03:11:25, success
2023-01-13 06:13:27, success
2023-01-13 09:14:02, success
2023-01-13 12:15:26, success
2023-01-13 15:16:09, success
2023-01-13 18:17:19, success
2023-01-13 21:19:28, success
2023-01-14 00:21:43, success
2023-01-14 03:21:54, success
2023-01-14 06:24:08, success
2023-01-14 09:24:21, success
2023-01-14 12:24:41, success
2023-01-14 15:25:55, success
2023-01-14 18:26:03, success
2023-01-14 21:26:10, success
2023-01-15 15:58:35, success
2023-01-15 18:59:40, success
2023-01-15 22:00:28, success
2023-01-16 01:02:22, success
2023-01-16 04:04:59, success
2023-01-16 07:05:48, success
2023-01-16 10:07:51, success
2023-01-16 13:09:36, success
2023-01-16 16:10:46, success
2023-01-16 19:11:46, success
2023-01-16 22:11:52, success
2023-01-17 01:12:07, success
2023-01-17 04:14:22, success
2023-01-17 07:14:45, success
2023-01-17 10:16:11, success
2023-01-17 13:16:26, success
2023-01-17 16:19:05, success
2023-01-17 19:21:12, success
2023-01-17 22:23:08, success
2023-01-18 01:24:35, success
2023-01-18 04:27:13, success
2023-01-18 07:28:23, success
2023-01-18 10:29:28, success
2023-01-18 13:31:00, success
2023-01-18 16:31:01, success
2023-01-18 19:32:51, success
2023-01-18 22:33:05, success
2023-01-19 01:33:07, success
2023-01-19 04:34:55, success
2023-01-19 07:36:06, success
2023-01-19 10:36:11, success
2023-01-19 13:39:10, success
2023-01-19 16:40:47, success
2023-01-19 19:43:38, success
2023-01-19 22:44:53, success
2023-01-20 01:45:33, success
2023-01-20 04:48:00, success
2023-01-20 07:49:29, success
2023-01-20 10:50:57, success
2023-01-20 13:52:24, success
2023-01-20 16:52:25, success
2023-01-20 19:55:09, success
2023-01-20 22:55:27, success
2023-01-21 01:58:11, success
2023-01-21 04:59:44, success
2023-01-21 08:02:24, success
2023-01-21 11:02:42, success
2023-01-21 14:05:15, success
2023-01-21 17:06:18, success
2023-01-21 20:07:59, success
2023-01-21 23:10:45, success
2023-01-22 02:12:10, success
2023-01-22 05:14:51, success
2023-01-22 08:18:02, success
2023-01-22 11:19:57, success
2023-01-22 14:21:05, success
2023-01-22 17:22:29, success
2023-01-22 20:24:25, success
2023-01-22 23:26:41, success
2023-01-23 02:27:14, success
2023-01-23 05:28:07, success
2023-01-23 08:30:42, success
2023-01-23 11:33:05, success
2023-01-23 14:35:31, success
2023-01-23 17:36:28, success
2023-01-23 20:38:30, success
2023-01-23 23:40:06, success
2023-01-24 02:41:46, success
2023-01-24 05:42:28, success
2023-01-24 08:44:29, success
2023-01-24 11:45:10, success
2023-01-24 14:46:29, success
2023-01-24 17:47:05, success
2023-01-24 20:48:55, success
2023-01-24 23:51:00, success
2023-01-25 02:53:26, success
2023-01-25 05:54:33, success
2023-01-25 08:54:34, success
2023-01-25 11:56:14, success
2023-01-25 14:58:58, success
2023-03-25 13:00:32, success
2023-03-25 20:56:20, success
<<<<<<< HEAD
2023-03-26 08:11:39, success
=======
2023-03-26 00:18:10, success
>>>>>>> aa894518c388e9e2458f8f3d9e8aea78ac88a56c
2023-03-26 08:18:22, success
2023-03-26 11:25:59, success
