2022-12-05 11:35:54, success
2022-12-05 15:39:40, success
2022-12-05 19:43:15, success
2022-12-05 23:44:42, success
2022-12-06 03:44:58, success
2022-12-06 07:47:07, success
2022-12-06 11:48:27, success
2022-12-06 15:49:27, success
2022-12-06 19:50:45, success
2022-12-06 23:52:21, success
2022-12-07 03:52:58, success
2022-12-07 07:55:06, success
2022-12-07 11:57:42, success
2022-12-07 16:00:08, success
2022-12-07 20:02:37, success
2022-12-08 00:03:59, success
2022-12-08 04:06:33, success
2022-12-08 08:07:31, success
2022-12-08 12:09:13, success
2022-12-08 16:10:32, success
2022-12-08 20:12:12, success
2022-12-09 00:13:42, success
2022-12-09 04:15:59, success
2022-12-09 08:18:56, success
2022-12-09 12:20:39, success
2022-12-09 16:23:24, success
2022-12-09 20:21:22, failed
2022-12-10 00:21:37, failed
2022-12-10 04:22:28, failed
2022-12-10 08:24:55, failed
2022-12-10 12:27:08, failed
2022-12-10 16:29:20, failed
2022-12-10 20:31:40, failed
2022-12-11 00:34:36, failed
2022-12-11 04:34:41, failed
2022-12-11 08:35:35, failed
2022-12-11 12:38:25, failed
2022-12-11 16:39:37, failed
2022-12-11 20:43:33, failed
2022-12-12 00:43:56, failed
2022-12-12 04:44:03, failed
2022-12-12 08:46:24, failed
2022-12-12 12:50:17, failed
2022-12-12 16:53:05, failed
2022-12-12 20:53:12, failed
2022-12-13 00:54:23, failed
2022-12-13 04:57:10, failed
2022-12-13 08:58:01, failed
2022-12-13 13:00:28, failed
2022-12-13 17:02:59, failed
2022-12-13 21:05:49, failed
2022-12-14 01:08:28, failed
2022-12-14 05:08:49, failed
2022-12-14 09:13:00, failed
2022-12-14 13:14:50, failed
2022-12-14 17:16:38, failed
2022-12-14 21:16:39, failed
2022-12-15 01:18:53, failed
2022-12-15 05:22:50, failed
2022-12-15 09:23:13, failed
2022-12-15 13:24:11, failed
2022-12-15 17:24:19, failed
2022-12-15 21:24:27, failed
2022-12-16 01:27:24, failed
2022-12-16 05:27:54, failed
2022-12-16 09:29:22, failed
2022-12-16 13:31:24, failed
2022-12-16 17:36:25, failed
2022-12-16 21:38:38, failed
2022-12-17 01:39:24, failed
2022-12-17 05:43:08, failed
2022-12-17 09:43:09, failed
2022-12-17 13:45:14, failed
2022-12-17 17:46:52, failed
2022-12-17 21:50:30, failed
2022-12-18 01:53:21, failed
2022-12-18 05:54:25, failed
2022-12-18 09:58:31, failed
2022-12-18 14:01:32, failed
2022-12-18 18:03:05, failed
2022-12-18 22:05:13, failed
2022-12-19 02:06:45, failed
2022-12-19 06:09:11, failed
2022-12-19 10:09:12, failed
2022-12-19 14:11:29, failed
2022-12-19 18:13:59, failed
2022-12-19 22:14:59, failed
2022-12-20 02:16:32, failed
2022-12-20 06:17:34, failed
2022-12-20 10:18:50, failed
2022-12-20 14:19:19, failed
2022-12-20 18:21:15, failed
2022-12-20 22:21:43, failed
2022-12-21 02:22:10, failed
2022-12-21 06:24:13, failed
2022-12-21 10:24:28, failed
2022-12-21 14:27:04, failed
2022-12-21 18:29:12, failed
2022-12-25 20:57:49, success
2022-12-26 00:59:31, success
2022-12-26 05:00:09, success
2022-12-26 09:01:45, success
2022-12-26 13:03:15, success
2022-12-26 17:04:47, success
2022-12-26 21:05:22, success
2022-12-27 01:06:20, success
2022-12-27 05:08:35, success
2022-12-27 09:08:36, success
2022-12-27 13:08:38, success
2022-12-27 17:08:58, success
2022-12-27 18:24:25, failed
2022-12-27 18:28:17, success
2022-12-27 22:28:36, success
2022-12-28 02:30:57, success
2022-12-28 06:33:05, success
2022-12-28 10:34:32, success
2022-12-28 14:36:32, success
2022-12-28 18:36:44, success
2022-12-28 22:38:06, success
2022-12-29 02:40:09, success
2022-12-29 06:41:56, success
2022-12-29 10:42:18, success
2022-12-29 14:44:06, success
2022-12-29 18:44:16, success
2022-12-29 22:45:33, success
2022-12-30 02:46:51, success
2022-12-30 06:47:27, success
2022-12-30 10:50:02, success
2022-12-30 14:52:36, success
2022-12-30 18:54:35, success
2022-12-30 22:54:41, success
2022-12-31 02:56:23, success
2022-12-31 06:58:51, success
2022-12-31 11:00:22, success
2022-12-31 15:01:05, success
2022-12-31 19:02:49, success
2022-12-31 23:05:06, success
2023-01-01 03:07:42, success
2023-01-01 07:09:36, success
2023-01-01 11:10:11, success
2023-01-01 15:10:51, success
2023-01-01 19:13:20, success
2023-01-01 23:14:19, success
2023-01-02 03:14:36, success
2023-01-02 07:16:13, success
2023-01-02 11:17:29, success
2023-01-02 15:18:19, success
2023-01-02 19:20:36, success
2023-01-02 23:22:06, success
2023-01-03 03:22:44, success
2023-01-03 07:24:27, success
2023-01-03 11:25:06, success
2023-01-03 15:27:08, success
2023-01-03 19:28:13, success
2023-01-03 23:29:26, success
2023-01-04 03:31:03, success
2023-01-04 07:33:09, success
2023-01-04 11:33:47, success
2023-01-04 15:36:08, success
2023-01-04 19:38:31, success
2023-01-04 23:40:56, success
2023-01-05 03:42:59, success
2023-01-05 07:43:59, success
2023-01-05 11:44:22, success
2023-01-05 15:46:21, success
2023-01-05 19:46:58, success
2023-01-05 23:49:27, success
2023-01-06 03:49:44, success
2023-01-06 07:52:23, success
2023-01-06 11:54:33, success
2023-01-06 15:56:37, success
2023-01-06 19:58:12, success
2023-01-06 23:59:25, success
2023-01-07 04:00:34, success
2023-01-07 08:03:04, success
2023-01-07 12:04:42, success
2023-01-07 16:07:08, success
2023-01-07 20:09:17, success
2023-01-08 00:11:01, success
2023-01-08 04:11:38, success
2023-01-08 08:12:30, success
2023-01-08 12:13:28, success
2023-01-08 16:14:02, success
2023-01-08 20:14:32, success
2023-01-09 00:14:50, success
2023-01-09 04:15:19, success
2023-01-09 08:17:15, success
2023-01-09 12:19:48, success
2023-01-09 16:19:51, success
2023-01-09 20:22:42, success
2023-01-10 00:24:02, success
2023-01-10 04:25:26, success
2023-01-10 08:25:54, success
2023-01-10 12:27:44, success
2023-01-10 16:28:48, success
2023-01-10 20:31:27, success
2023-01-11 00:33:24, success
2023-01-11 04:33:32, success
2023-01-11 08:35:47, success
2023-01-11 12:36:25, success
2023-01-11 16:37:10, success
2023-01-11 20:40:01, success
2023-01-12 00:42:23, success
2023-01-12 04:44:38, success
2023-01-12 08:45:10, success
2023-01-12 12:45:37, success
2023-01-12 16:47:56, success
2023-01-12 20:49:49, success
2023-01-13 00:52:07, success
2023-01-13 04:52:17, success
2023-01-13 08:53:27, success
2023-01-13 12:54:28, success
2023-01-13 16:55:22, success
2023-01-13 20:56:50, success
2023-01-14 00:57:01, success
2023-01-14 04:59:49, success
2023-01-14 09:00:36, success
2023-01-14 13:03:41, success
2023-01-14 17:06:24, success
2023-01-14 21:07:21, success
2023-01-15 16:02:13, success
2023-01-15 20:02:52, success
2023-01-16 00:02:52, success
2023-01-16 04:04:21, success
2023-01-16 08:07:31, success
2023-01-16 12:07:33, success
2023-01-16 16:07:34, success
2023-01-16 20:11:27, success
2023-01-17 00:12:06, success
2023-01-17 04:13:45, success
2023-01-17 08:15:05, success
2023-01-17 12:16:14, success
2023-01-17 16:18:27, success
2023-01-17 20:20:30, success
2023-01-18 00:22:43, success
2023-01-18 04:24:02, success
2023-01-18 08:24:51, success
2023-01-18 12:27:28, success
2023-01-18 16:27:32, success
2023-01-18 20:28:16, success
2023-01-19 00:29:31, success
2023-01-19 04:31:04, success
2023-01-19 08:32:12, success
2023-01-19 12:34:21, success
2023-01-19 16:36:38, success
2023-01-19 20:37:10, success
2023-01-20 00:38:34, success
2023-01-20 04:38:36, success
2023-01-20 08:40:03, success
2023-01-20 12:42:54, success
2023-01-20 16:43:00, success
2023-01-20 20:45:34, success
2023-01-21 00:45:43, success
2023-01-21 04:47:20, success
2023-01-21 08:48:11, success
2023-01-21 12:49:03, success
2023-01-21 16:49:53, success
2023-01-21 20:52:51, success
2023-01-22 00:54:43, success
2023-01-22 04:55:17, success
2023-01-22 08:57:42, success
2023-01-22 12:58:54, success
2023-01-22 16:59:46, success
2023-01-22 21:00:23, success
2023-01-23 01:02:37, success
2023-01-23 05:04:33, success
2023-01-23 09:05:09, success
2023-01-23 13:06:56, success
2023-01-23 17:07:32, success
2023-01-23 21:10:09, success
2023-01-24 01:12:45, success
2023-01-24 05:13:18, success
2023-01-24 09:15:09, success
2023-01-24 13:17:08, success
2023-01-24 17:19:52, success
2023-01-24 21:22:22, success
2023-01-25 01:24:02, success
2023-01-25 05:24:19, success
2023-01-25 09:25:10, success
2023-01-25 13:31:41, success
2023-03-25 15:01:56, failed
2023-03-25 21:00:58, failed
2023-03-25 21:48:19, success
<<<<<<< HEAD
2023-03-26 08:16:37, success
=======
2023-03-26 01:48:59, success
>>>>>>> aa894518c388e9e2458f8f3d9e8aea78ac88a56c
2023-03-26 08:23:09, success
<<<<<<< HEAD
2023-03-26 12:39:46, success
=======
<<<<<<< HEAD
2023-03-26 12:25:37, success
=======
2023-03-26 12:23:51, success
>>>>>>> b9c05bd58af84d60cde5826032c245eaba8c8946
2023-03-26 12:29:54, success
>>>>>>> 32e1b65eec651a139ac5524c1db72ee0092bf51d
<<<<<<< HEAD
2023-03-26 12:45:17, success
=======
2023-03-26 12:43:05, success
>>>>>>> c39ea66ce757de7dc50ec501fdc5de32a58be571
