2022-12-16 15:12:16, success
2022-12-16 16:38:29, failed
2022-12-16 19:21:20, success
2022-12-16 22:22:03, success
2022-12-17 01:22:59, success
2022-12-17 04:24:40, success
2022-12-17 07:24:47, success
2022-12-17 10:27:24, success
2022-12-17 13:28:24, success
2022-12-17 16:29:32, success
2022-12-17 19:33:21, success
2022-12-17 22:36:01, success
2022-12-18 01:40:05, success
2022-12-18 04:40:18, success
2022-12-18 07:41:05, success
2022-12-18 10:44:49, success
2022-12-18 13:44:54, success
2022-12-18 16:45:13, success
2022-12-18 19:45:59, success
2022-12-18 22:48:02, success
2022-12-19 01:50:22, success
2022-12-19 04:51:56, success
2022-12-19 07:52:52, success
2022-12-19 10:55:36, success
2022-12-19 13:57:58, success
2022-12-19 16:59:56, success
2022-12-19 20:02:21, success
2022-12-19 23:05:12, success
2022-12-20 02:07:44, success
2022-12-20 05:08:39, success
2022-12-20 08:10:59, success
2022-12-20 11:13:15, success
2022-12-20 14:14:33, success
2022-12-20 17:17:28, success
2022-12-20 20:18:54, success
2022-12-20 23:19:06, success
2022-12-21 02:21:20, success
2022-12-21 05:23:07, success
2022-12-21 08:23:54, success
2022-12-21 11:25:05, success
2022-12-21 14:26:05, success
2022-12-21 17:27:03, success
2022-12-25 20:56:50, success
2022-12-25 23:58:34, success
2022-12-26 02:59:11, success
2022-12-26 06:00:49, success
2022-12-26 09:03:39, success
2022-12-26 12:05:12, success
2022-12-26 15:06:25, success
2022-12-26 18:06:55, success
2022-12-26 21:07:14, success
2022-12-27 00:07:33, success
2022-12-27 03:09:19, success
2022-12-27 06:11:28, success
2022-12-27 09:13:16, success
2022-12-27 12:14:11, success
2022-12-27 15:16:29, success
2022-12-27 18:17:29, success
2022-12-27 21:19:52, success
2022-12-28 00:20:05, success
2022-12-28 03:22:07, success
2022-12-28 06:22:42, success
2022-12-28 09:23:55, success
2022-12-28 12:26:20, success
2022-12-28 15:28:34, success
2022-12-28 18:30:50, success
2022-12-28 21:31:30, success
2022-12-29 00:33:36, success
2022-12-29 03:36:03, success
2022-12-29 06:36:30, success
2022-12-29 09:38:50, success
2022-12-29 12:41:14, success
2022-12-29 15:43:35, success
2022-12-29 18:46:29, success
2022-12-29 21:46:38, success
2022-12-30 00:48:27, success
2022-12-30 03:50:00, success
2022-12-30 06:52:54, success
2022-12-30 09:53:09, success
2022-12-30 12:56:13, success
2022-12-30 15:57:33, success
2022-12-30 18:58:57, success
2022-12-30 22:00:39, success
2022-12-31 01:01:44, success
2022-12-31 04:03:44, success
2022-12-31 07:05:55, success
2022-12-31 10:07:59, success
2022-12-31 13:09:23, success
2022-12-31 16:09:42, success
2022-12-31 19:09:51, success
2022-12-31 22:11:26, success
2023-01-01 01:12:12, success
2023-01-01 04:14:23, success
2023-01-01 07:16:33, success
2023-01-01 10:17:14, success
2023-01-01 13:19:17, success
2023-01-01 16:19:53, success
2023-01-01 19:20:01, success
2023-01-01 22:21:03, success
2023-01-02 01:21:05, success
2023-01-02 04:23:34, success
2023-01-02 07:23:48, success
2023-01-02 10:25:29, success
2023-01-02 13:27:20, success
2023-01-02 16:28:44, success
2023-01-02 19:29:40, success
2023-01-02 22:30:26, success
2023-01-03 01:31:42, success
2023-01-03 04:33:24, success
2023-01-03 07:33:55, success
2023-01-03 10:35:54, success
2023-01-03 13:38:29, success
2023-01-03 16:39:16, success
2023-01-03 19:41:46, success
2023-01-03 22:44:05, success
2023-01-04 01:45:07, success
2023-01-04 04:46:00, success
2023-01-04 07:48:30, success
2023-01-04 10:50:54, success
2023-01-04 13:51:39, success
2023-01-04 16:53:04, success
2023-01-04 19:54:01, success
2023-01-04 22:56:13, success
2023-01-05 01:58:44, success
2023-01-05 05:00:06, success
2023-01-05 08:02:12, success
2023-01-05 11:02:14, success
2023-01-05 14:03:26, success
2023-01-05 17:03:42, success
2023-01-05 20:04:24, success
2023-01-05 23:05:31, success
2023-01-06 02:06:17, success
2023-01-06 05:08:46, success
2023-01-06 08:09:56, success
2023-01-06 11:12:39, success
2023-01-06 14:14:01, success
2023-01-06 17:15:03, success
2023-01-06 20:16:28, success
2023-01-06 23:16:44, success
2023-01-07 02:18:53, success
2023-01-07 05:20:28, success
2023-01-07 08:22:37, success
2023-01-07 11:25:28, success
2023-01-07 14:28:19, success
2023-01-07 17:29:42, success
2023-01-07 20:31:02, success
2023-01-07 23:32:05, success
2023-01-08 02:34:16, success
2023-01-08 05:34:49, success
2023-01-08 08:37:17, success
2023-01-08 11:38:37, success
2023-01-08 14:38:43, success
2023-01-08 17:40:26, success
2023-01-08 20:42:17, success
2023-01-08 23:42:19, success
2023-01-09 02:42:29, success
2023-01-09 05:43:04, success
2023-01-09 08:43:49, success
2023-01-09 11:45:06, success
2023-01-09 14:47:44, success
2023-01-09 17:48:45, success
2023-01-09 20:50:46, success
2023-01-09 23:51:36, success
2023-01-10 02:52:07, success
2023-01-10 05:52:07, success
2023-01-10 08:52:55, success
2023-01-10 11:55:07, success
2023-01-10 14:55:37, success
2023-01-10 17:56:05, success
2023-01-10 20:56:31, success
2023-01-10 23:57:26, success
2023-01-11 03:00:03, success
2023-01-11 06:00:53, success
2023-01-11 09:02:17, success
2023-01-11 12:04:51, success
2023-01-11 15:05:37, success
2023-01-11 18:07:51, success
2023-01-11 21:08:43, success
2023-01-12 00:08:53, success
2023-01-12 03:10:59, success
2023-01-12 06:12:34, success
2023-01-12 09:14:28, success
2023-01-12 12:15:02, success
2023-01-12 15:16:25, success
2023-01-12 18:19:30, success
2023-01-12 21:20:00, success
2023-01-13 00:20:20, success
2023-01-13 03:21:08, success
2023-01-13 06:23:19, success
2023-01-13 09:24:35, success
2023-01-13 12:27:00, success
2023-01-13 15:29:03, success
2023-01-13 18:35:33, success
2023-01-13 21:36:08, success
2023-01-14 00:37:47, success
2023-01-14 03:38:54, success
2023-01-14 06:39:44, success
2023-01-14 09:39:48, success
2023-01-14 12:39:50, success
2023-01-14 15:42:11, success
2023-01-14 18:44:27, success
2023-01-14 21:45:04, success
2023-01-15 16:00:30, success
2023-01-15 19:00:59, success
2023-01-15 22:01:36, success
2023-01-16 01:03:28, success
2023-01-16 04:06:08, success
2023-01-16 07:07:01, success
2023-01-16 10:09:15, success
2023-01-16 13:10:46, success
2023-01-16 16:12:03, success
2023-01-16 19:12:53, success
2023-01-16 22:13:03, success
2023-01-17 01:13:28, success
2023-01-17 04:15:35, success
2023-01-17 07:16:02, success
2023-01-17 10:17:40, success
2023-01-17 13:20:23, success
2023-01-17 16:23:01, success
2023-01-17 19:25:05, success
2023-01-17 22:27:11, success
2023-01-18 01:40:14, success
2023-01-18 04:42:16, success
2023-01-18 07:43:30, success
2023-01-18 10:45:20, success
2023-01-18 13:45:34, success
2023-01-18 16:47:55, success
2023-01-18 19:48:11, success
2023-01-18 22:48:26, success
2023-01-19 01:49:56, success
2023-01-19 04:51:11, success
2023-01-19 07:52:27, success
2023-01-19 10:53:21, success
2023-01-19 13:55:46, success
2023-01-19 16:57:54, success
2023-01-19 20:00:43, success
2023-01-19 23:02:04, success
2023-01-20 02:04:44, success
2023-01-20 05:07:21, success
2023-01-20 08:08:51, success
2023-01-20 11:10:31, success
2023-01-20 14:12:42, success
2023-01-20 17:13:28, success
2023-01-20 20:14:47, success
2023-01-20 23:17:13, success
2023-01-21 02:18:24, success
2023-01-21 05:18:56, success
2023-01-21 08:21:02, success
2023-01-21 11:22:54, success
2023-01-21 14:25:35, success
2023-01-21 17:26:28, success
2023-01-21 20:27:29, success
2023-01-21 23:27:32, success
2023-01-22 02:29:00, success
2023-01-22 05:30:23, success
2023-01-22 08:32:23, success
2023-01-22 11:31:19, failed
2023-01-22 11:48:14, success
2023-01-22 14:49:03, success
2023-01-22 17:51:47, success
2023-01-22 20:55:24, success
2023-01-22 23:55:49, success
2023-01-23 02:56:38, success
2023-01-23 05:58:31, success
2023-01-23 09:01:02, success
2023-01-23 12:02:44, success
2023-01-23 15:03:52, success
2023-01-23 18:04:00, success
2023-01-23 21:06:16, success
2023-01-24 00:07:47, success
2023-01-24 03:09:03, success
2023-01-24 06:09:21, success
2023-01-24 09:11:27, success
2023-01-24 12:12:27, success
2023-01-24 15:13:22, success
2023-01-24 18:15:18, success
2023-01-24 21:15:30, success
2023-01-25 00:16:05, success
2023-01-25 03:16:41, success
2023-01-25 06:19:37, success
2023-01-25 09:21:06, success
2023-01-25 12:21:11, success
2023-01-25 13:13:06, failed
2023-01-25 13:23:13, success
2023-01-25 13:49:43, failed
2023-01-25 14:50:24, success
2023-03-25 15:00:47, success
2023-03-25 20:59:22, success
<<<<<<< HEAD
2023-03-26 08:14:51, success
=======
2023-03-26 00:21:14, success
>>>>>>> aa894518c388e9e2458f8f3d9e8aea78ac88a56c
2023-03-26 08:21:39, success
<<<<<<< HEAD
2023-03-26 11:28:47, success
=======
2023-03-26 11:28:16, success
>>>>>>> 9d53db250e74bad2eb99232681ee4ad8afc21816
2023-03-26 11:35:41, success
