2022-12-18 13:11:39, success
2022-12-18 16:13:03, success
2022-12-18 19:14:03, success
2022-12-18 22:06:35, failed
2022-12-18 22:12:41, success
2022-12-18 22:15:27, failed
2022-12-18 22:18:44, success
2022-12-18 22:21:33, failed
2022-12-18 22:24:47, success
2022-12-18 23:15:13, failed
2022-12-18 23:27:32, success
2022-12-18 23:33:17, failed
2022-12-18 23:40:06, success
2022-12-19 02:42:32, success
2022-12-19 05:44:41, success
2022-12-19 08:44:43, success
2022-12-19 11:46:30, success
2022-12-19 14:49:11, success
2022-12-19 17:49:41, success
2022-12-19 20:51:43, success
2022-12-19 23:54:02, success
2022-12-20 02:56:30, success
2022-12-20 05:59:33, success
2022-12-20 09:01:18, success
2022-12-20 12:01:35, success
2022-12-20 15:03:59, success
2022-12-20 18:07:17, success
2022-12-20 21:07:53, success
2022-12-21 00:08:24, success
2022-12-21 03:10:13, success
2022-12-21 06:12:37, success
2022-12-21 09:13:04, success
2022-12-21 12:17:44, success
2022-12-21 15:22:03, success
2022-12-21 18:24:10, success
2022-12-25 20:55:48, success
2022-12-25 23:57:57, success
2022-12-26 02:58:35, success
2022-12-26 06:00:07, success
2022-12-26 09:03:00, success
2022-12-26 12:04:27, success
2022-12-26 15:05:46, success
2022-12-26 18:06:17, success
2022-12-26 21:06:33, success
2022-12-27 00:06:50, success
2022-12-27 03:08:12, success
2022-12-27 06:08:20, success
2022-12-27 09:09:50, success
2022-12-27 12:12:35, success
2022-12-27 15:13:24, success
2022-12-27 18:16:49, success
2022-12-27 21:19:15, success
2022-12-28 00:19:30, success
2022-12-28 03:21:31, success
2022-12-28 06:21:53, success
2022-12-28 09:23:16, success
2022-12-28 12:25:37, success
2022-12-28 15:27:53, success
2022-12-28 18:30:10, success
2022-12-28 19:22:59, failed
2022-12-28 19:25:52, success
2022-12-28 20:19:13, failed
2022-12-28 20:22:16, success
2022-12-28 23:23:01, success
2022-12-29 02:24:21, success
2022-12-29 05:25:21, success
2022-12-29 08:26:31, success
2022-12-29 11:26:55, success
2022-12-29 14:27:17, success
2022-12-29 17:28:02, success
2022-12-29 20:28:28, success
2022-12-29 23:29:12, success
2022-12-30 02:30:30, success
2022-12-30 05:31:24, success
2022-12-30 08:32:16, success
2022-12-30 11:32:24, success
2022-12-30 14:32:48, success
2022-12-30 17:35:13, success
2022-12-30 20:35:24, success
2022-12-30 23:36:04, success
2022-12-31 02:36:14, success
2022-12-31 05:38:05, success
2022-12-31 08:39:09, success
2022-12-31 11:40:34, success
2022-12-31 14:42:04, success
2022-12-31 17:23:45, failed
2022-12-31 17:29:44, success
2022-12-31 17:58:54, failed
2022-12-31 18:01:55, success
2022-12-31 21:04:16, success
2023-01-01 00:05:49, success
2023-01-01 01:08:12, failed
2023-01-01 01:11:34, success
2023-01-01 04:13:48, success
2023-01-01 07:16:01, success
2023-01-01 10:16:40, success
2023-01-01 13:18:40, success
2023-01-01 16:19:16, success
2023-01-01 19:19:26, success
2023-01-01 22:20:26, success
2023-01-02 01:20:31, success
2023-01-02 04:22:55, success
2023-01-02 07:23:14, success
2023-01-02 10:24:23, success
2023-01-02 13:07:13, failed
2023-01-02 13:10:04, success
2023-01-02 16:12:28, success
2023-01-02 19:14:07, success
2023-01-02 22:14:34, success
2023-01-03 01:15:31, success
2023-01-03 04:16:05, success
2023-01-03 07:17:52, success
2023-01-03 10:19:39, success
2023-01-03 13:21:11, success
2023-01-03 16:22:13, success
2023-01-03 19:23:57, success
2023-01-03 22:25:11, success
2023-01-04 01:25:48, success
2023-01-04 04:26:59, success
2023-01-04 07:28:51, success
2023-01-04 10:31:04, success
2023-01-04 13:33:38, success
2023-01-04 16:39:46, success
2023-01-04 18:28:12, failed
2023-01-04 18:49:22, success
2023-01-04 21:51:17, success
2023-01-04 22:34:50, failed
2023-01-04 22:44:01, success
2023-01-05 01:45:01, success
2023-01-05 04:46:20, success
2023-01-05 07:47:43, success
2023-01-05 10:48:06, success
2023-01-05 13:49:16, success
2023-01-05 16:49:18, success
2023-01-05 19:50:35, success
2023-01-05 21:26:43, failed
2023-01-05 21:37:58, success
2023-01-06 00:39:02, success
2023-01-06 03:39:54, success
2023-01-06 06:40:34, success
2023-01-06 09:42:41, success
2023-01-06 12:43:28, success
2023-01-06 15:44:19, success
2023-01-06 18:45:35, success
2023-01-06 21:47:09, success
2023-01-07 00:47:25, success
2023-01-07 03:47:33, success
2023-01-07 06:48:01, success
2023-01-07 08:56:33, failed
2023-01-07 08:59:51, success
2023-01-07 11:59:55, success
2023-01-07 15:00:53, success
2023-01-07 18:01:39, success
2023-01-07 21:03:36, success
2023-01-08 00:04:13, success
2023-01-08 03:04:34, success
2023-01-08 06:06:24, success
2023-01-08 09:08:30, success
2023-01-08 12:09:21, success
2023-01-08 15:11:30, success
2023-01-08 18:12:39, success
2023-01-08 21:13:40, success
2023-01-09 00:16:06, success
2023-01-09 02:32:37, failed
2023-01-09 02:47:43, success
2023-01-09 05:48:09, success
2023-01-09 08:48:40, success
2023-01-09 11:09:03, failed
2023-01-09 11:14:55, success
2023-01-09 12:53:15, failed
2023-01-09 13:11:31, success
2023-01-09 13:22:24, failed
2023-01-09 13:25:34, success
2023-01-09 16:27:25, success
2023-01-09 19:28:58, success
2023-01-09 22:29:55, success
2023-01-10 01:31:02, success
2023-01-10 04:32:35, success
2023-01-10 07:33:29, success
2023-01-10 10:34:25, success
2023-01-10 12:48:30, failed
2023-01-10 12:51:39, success
2023-01-10 16:00:26, success
2023-01-10 19:03:15, success
2023-01-10 22:03:37, success
2023-01-11 01:05:30, success
2023-01-11 04:08:30, success
2023-01-11 07:08:59, success
2023-01-11 10:09:43, success
2023-01-11 13:10:23, success
2023-01-11 16:12:22, success
2023-01-11 19:14:30, success
2023-01-11 22:18:17, success
2023-01-12 01:18:59, success
2023-01-12 04:21:42, success
2023-01-12 07:22:16, success
2023-01-12 10:23:06, success
2023-01-12 13:23:58, success
2023-01-12 16:26:31, success
2023-01-12 19:29:12, success
2023-01-12 22:30:31, success
2023-01-13 01:31:15, success
2023-01-13 04:31:20, success
2023-01-13 07:32:29, success
2023-01-13 10:34:15, success
2023-01-13 13:37:01, success
2023-01-13 16:38:48, success
2023-01-13 19:40:41, success
2023-01-13 22:40:46, success
2023-01-14 01:41:37, success
2023-01-14 04:46:05, success
2023-01-14 07:48:55, success
2023-01-14 10:51:57, success
2023-01-14 13:52:48, success
2023-01-14 16:54:46, success
2023-01-14 19:55:07, success
2023-01-14 22:57:31, success
2023-01-15 15:59:32, success
2023-01-15 19:00:20, success
2023-01-15 22:01:01, success
2023-01-16 01:02:55, success
2023-01-16 04:05:32, success
2023-01-16 07:06:28, success
2023-01-16 10:08:38, success
2023-01-16 13:10:10, success
2023-01-16 16:11:21, success
2023-01-16 19:12:19, success
2023-01-16 22:12:27, success
2023-01-17 01:12:45, success
2023-01-17 04:14:58, success
2023-01-17 07:15:25, success
2023-01-17 10:16:47, success
2023-01-17 13:17:02, success
2023-01-17 16:19:43, success
2023-01-17 19:21:48, success
2023-01-17 22:23:47, success
2023-01-18 01:25:13, success
2023-01-18 04:27:52, success
2023-01-18 07:29:00, success
2023-01-18 10:30:10, success
2023-01-18 13:31:37, success
2023-01-18 16:31:43, success
2023-01-18 19:33:28, success
2023-01-18 22:33:45, success
2023-01-19 01:36:15, success
2023-01-19 04:38:44, success
2023-01-19 07:39:52, success
2023-01-19 10:40:06, success
2023-01-19 13:43:03, success
2023-01-19 16:44:59, success
2023-01-19 19:47:45, success
2023-01-19 22:48:48, success
2023-01-20 01:49:15, success
2023-01-20 04:51:40, success
2023-01-20 07:53:27, success
2023-01-20 10:54:45, success
2023-01-20 13:56:22, success
2023-01-20 16:59:36, success
2023-01-20 20:02:22, success
2023-01-20 23:03:47, success
2023-01-21 02:05:09, success
2023-01-21 05:06:34, success
2023-01-21 08:09:02, success
2023-01-21 11:09:45, success
2023-01-21 14:12:30, success
2023-01-21 17:13:22, success
2023-01-21 20:14:47, success
2023-01-21 23:14:48, success
2023-01-22 02:16:07, success
2023-01-22 05:20:07, success
2023-01-22 08:23:12, success
2023-01-22 11:24:17, success
2023-01-22 14:24:47, success
2023-01-22 17:26:24, success
2023-01-22 20:28:18, success
2023-01-22 23:30:33, success
2023-01-23 02:31:08, success
2023-01-23 05:31:50, success
2023-01-23 08:34:38, success
2023-01-23 11:38:37, success
2023-01-23 14:39:03, success
2023-01-23 17:40:20, success
2023-01-23 20:42:12, success
2023-01-23 23:43:33, success
2023-01-24 02:45:22, success
2023-01-24 05:45:58, success
2023-01-24 08:47:59, success
2023-01-24 11:49:15, success
2023-01-24 14:50:07, success
2023-01-24 17:50:45, success
2023-01-24 20:52:36, success
2023-01-24 23:54:26, success
2023-01-25 02:56:38, success
2023-01-25 05:59:14, success
2023-01-25 09:00:09, success
2023-01-25 12:02:03, success
2023-01-25 15:02:29, success
2023-03-25 13:01:55, success
2023-03-25 20:57:53, success
<<<<<<< HEAD
2023-03-26 08:13:16, success
=======
2023-03-26 00:19:40, success
>>>>>>> aa894518c388e9e2458f8f3d9e8aea78ac88a56c
