2022-12-16 15:11:09, success
2022-12-16 18:15:18, success
2022-12-16 21:16:22, success
2022-12-17 00:19:39, success
2022-12-17 03:22:56, success
2022-12-17 06:24:13, success
2022-12-17 09:25:24, success
2022-12-17 12:28:29, success
2022-12-17 15:31:05, success
2022-12-17 18:31:09, success
2022-12-17 21:32:16, success
2022-12-18 00:34:06, success
2022-12-18 03:37:14, success
2022-12-18 06:38:38, success
2022-12-18 09:39:34, success
2022-12-18 12:43:37, success
2022-12-18 15:43:55, success
2022-12-18 18:45:13, success
2022-12-18 21:46:17, success
2022-12-19 00:47:10, success
2022-12-19 03:48:23, success
2022-12-19 06:49:50, success
2022-12-19 09:51:55, success
2022-12-19 12:55:20, success
2022-12-19 15:57:39, success
2022-12-19 18:58:12, success
2022-12-19 21:59:47, success
2022-12-20 01:02:21, success
2022-12-20 04:04:53, success
2022-12-20 07:06:34, success
2022-12-20 10:09:00, success
2022-12-20 13:09:11, success
2022-12-20 16:12:10, success
2022-12-20 19:14:16, success
2022-12-20 22:14:35, success
2022-12-21 01:16:54, success
2022-12-21 04:18:20, success
2022-12-21 07:19:31, success
2022-12-21 10:21:41, success
2022-12-21 13:23:37, success
2022-12-21 16:25:52, success
2022-12-21 19:27:10, success
2022-12-25 20:55:55, success
2022-12-25 23:58:01, success
2022-12-26 02:58:39, success
2022-12-26 06:00:13, success
2022-12-26 09:03:05, success
2022-12-26 12:04:33, success
2022-12-26 15:05:51, success
2022-12-26 18:06:24, success
2022-12-26 21:06:38, success
2022-12-27 00:06:55, success
2022-12-27 03:08:22, success
2022-12-27 06:08:25, success
2022-12-27 09:09:56, success
2022-12-27 12:12:40, success
2022-12-27 15:13:29, success
2022-12-27 18:16:54, success
2022-12-27 21:19:20, success
2022-12-28 00:19:35, success
2022-12-28 03:21:35, success
2022-12-28 06:21:59, success
2022-12-28 09:23:22, success
2022-12-28 12:25:42, success
2022-12-28 15:27:59, success
2022-12-28 18:30:15, success
2022-12-28 21:31:00, success
2022-12-29 00:33:03, success
2022-12-29 03:33:04, success
2022-12-29 06:33:34, success
2022-12-29 09:35:38, success
2022-12-29 12:37:56, success
2022-12-29 15:38:06, success
2022-12-29 18:40:34, success
2022-12-29 21:40:52, success
2022-12-30 00:43:06, success
2022-12-30 03:44:30, success
2022-12-30 06:46:13, success
2022-12-30 09:49:07, success
2022-12-30 12:51:53, success
2022-12-30 15:54:11, success
2022-12-30 18:55:46, success
2022-12-30 21:57:27, success
2022-12-31 00:58:45, success
2022-12-31 04:00:39, success
2022-12-31 07:02:46, success
2022-12-31 10:03:20, success
2022-12-31 13:05:47, success
2022-12-31 16:06:13, success
2022-12-31 19:06:32, success
2022-12-31 22:08:08, success
2023-01-01 01:08:40, success
2023-01-01 04:11:16, success
2023-01-01 07:13:29, success
2023-01-01 10:13:59, success
2023-01-01 13:16:07, success
2023-01-01 16:16:48, success
2023-01-01 19:17:05, success
2023-01-01 22:18:00, success
2023-01-02 01:20:36, success
2023-01-02 04:23:01, success
2023-01-02 07:23:18, success
2023-01-02 10:24:36, success
2023-01-02 13:26:50, success
2023-01-02 16:28:14, success
2023-01-02 19:29:13, success
2023-01-02 22:29:50, success
2023-01-03 01:31:10, success
2023-01-03 04:32:54, success
2023-01-03 07:33:18, success
2023-01-03 10:35:22, success
2023-01-03 13:37:56, success
2023-01-03 16:38:40, success
2023-01-03 19:41:11, success
2023-01-03 22:43:30, success
2023-01-04 01:44:36, success
2023-01-04 04:45:24, success
2023-01-04 07:47:57, success
2023-01-04 10:50:19, success
2023-01-04 13:51:07, success
2023-01-04 16:52:34, success
2023-01-04 19:53:31, success
2023-01-04 22:55:39, success
2023-01-05 01:58:12, success
2023-01-05 04:59:35, success
2023-01-05 08:01:41, success
2023-01-05 11:01:44, success
2023-01-05 14:02:56, success
2023-01-05 17:03:10, success
2023-01-05 17:13:56, failed
2023-01-05 17:17:21, success
2023-01-05 20:19:18, success
2023-01-05 23:21:07, success
2023-01-06 02:22:11, success
2023-01-06 05:23:59, success
2023-01-06 08:25:33, success
2023-01-06 11:25:55, success
2023-01-06 14:26:52, success
2023-01-06 17:28:20, success
2023-01-06 20:29:56, success
2023-01-06 23:30:48, success
2023-01-07 02:32:24, success
2023-01-07 05:33:57, success
2023-01-07 08:36:29, success
2023-01-07 11:39:13, success
2023-01-07 14:41:56, success
2023-01-07 17:42:46, success
2023-01-07 20:43:10, success
2023-01-07 23:44:35, success
2023-01-08 02:46:36, success
2023-01-08 05:47:51, success
2023-01-08 08:50:14, success
2023-01-08 11:51:02, success
2023-01-08 14:52:50, success
2023-01-08 17:55:40, success
2023-01-08 20:56:19, success
2023-01-08 23:57:56, success
2023-01-09 02:58:45, success
2023-01-09 05:59:05, success
2023-01-09 08:59:56, success
2023-01-09 12:01:38, success
2023-01-09 15:03:48, success
2023-01-09 18:04:29, success
2023-01-09 21:07:19, success
2023-01-10 00:08:46, success
2023-01-10 03:10:10, success
2023-01-10 06:12:52, success
2023-01-10 09:15:11, success
2023-01-10 12:15:48, success
2023-01-10 15:18:01, success
2023-01-10 18:18:44, success
2023-01-10 21:18:57, success
2023-01-11 00:19:05, success
2023-01-11 03:19:51, success
2023-01-11 06:22:00, success
2023-01-11 09:22:40, success
2023-01-11 12:22:44, success
2023-01-11 15:23:52, success
2023-01-11 18:24:16, success
2023-01-11 21:26:18, success
2023-01-12 00:28:56, success
2023-01-12 03:29:38, success
2023-01-12 06:30:38, success
2023-01-12 09:30:39, success
2023-01-12 12:31:51, success
2023-01-12 15:32:24, success
2023-01-12 18:33:33, success
2023-01-12 21:34:56, success
2023-01-13 00:36:17, success
2023-01-13 02:05:57, failed
2023-01-13 02:09:11, success
2023-01-13 05:10:49, success
2023-01-13 08:10:58, success
2023-01-13 11:11:48, success
2023-01-13 14:12:29, success
2023-01-13 17:13:28, success
2023-01-13 20:15:30, success
2023-01-13 23:18:00, success
2023-01-14 02:19:46, success
2023-01-14 05:20:38, success
2023-01-14 08:23:07, success
2023-01-14 11:25:54, success
2023-01-14 14:28:18, success
2023-01-14 17:31:09, success
2023-01-14 20:32:05, success
2023-01-14 23:32:49, success
2023-01-15 15:59:39, success
2023-01-15 19:00:24, success
2023-01-15 22:01:04, success
2023-01-16 01:02:59, success
2023-01-16 04:05:37, success
2023-01-16 07:06:33, success
2023-01-16 10:08:42, success
2023-01-16 13:10:15, success
2023-01-16 16:11:26, success
2023-01-16 19:12:23, success
2023-01-16 22:12:32, success
2023-01-17 01:12:51, success
2023-01-17 04:15:03, success
2023-01-17 07:15:29, success
2023-01-17 10:16:52, success
2023-01-17 13:17:06, success
2023-01-17 16:19:46, success
2023-01-17 19:21:53, success
2023-01-17 22:23:51, success
2023-01-18 01:25:16, success
2023-01-18 04:25:17, success
2023-01-18 07:26:19, success
2023-01-18 10:27:22, success
2023-01-18 13:28:47, success
2023-01-18 16:29:03, success
2023-01-18 19:30:54, success
2023-01-18 22:31:01, success
2023-01-19 01:31:12, success
2023-01-19 04:32:41, success
2023-01-19 07:34:03, success
2023-01-19 10:37:06, success
2023-01-19 13:40:01, success
2023-01-19 16:41:42, success
2023-01-19 19:44:34, success
2023-01-19 22:45:45, success
2023-01-20 01:46:25, success
2023-01-20 04:48:53, success
2023-01-20 07:50:20, success
2023-01-20 10:51:53, success
2023-01-20 13:53:18, success
2023-01-20 16:53:20, success
2023-01-20 19:56:10, success
2023-01-20 22:56:21, success
2023-01-21 01:59:07, success
2023-01-21 05:00:38, success
2023-01-21 08:03:17, success
2023-01-21 11:03:33, success
2023-01-21 14:06:09, success
2023-01-21 17:07:09, success
2023-01-21 20:08:53, success
2023-01-21 23:11:39, success
2023-01-22 02:13:05, success
2023-01-22 05:15:42, success
2023-01-22 08:19:18, success
2023-01-22 11:20:48, success
2023-01-22 14:21:59, success
2023-01-22 17:23:28, success
2023-01-22 20:25:19, success
2023-01-22 23:27:32, success
2023-01-23 02:28:04, success
2023-01-23 05:29:02, success
2023-01-23 08:31:35, success
2023-01-23 11:34:23, success
2023-01-23 14:36:12, success
2023-01-23 17:37:15, success
2023-01-23 20:39:10, success
2023-01-23 23:40:47, success
2023-01-24 02:42:30, success
2023-01-24 05:43:10, success
2023-01-24 08:45:14, success
2023-01-24 11:45:54, success
2023-01-24 14:47:21, success
2023-01-24 17:47:51, success
2023-01-24 20:49:41, success
2023-01-24 23:51:42, success
2023-01-25 02:54:13, success
2023-01-25 05:55:38, success
2023-01-25 08:57:50, success
2023-01-25 11:59:28, success
2023-01-25 13:42:45, failed
2023-01-25 14:35:48, success
2023-01-25 15:13:14, failed
2023-01-25 15:16:20, success
2023-01-25 15:21:23, failed
2023-01-25 15:24:15, success
2023-03-25 13:02:01, success
2023-03-25 20:58:04, success
<<<<<<< HEAD
2023-03-26 08:13:25, success
=======
2023-03-26 00:19:48, success
>>>>>>> aa894518c388e9e2458f8f3d9e8aea78ac88a56c
2023-03-26 08:20:18, success
2023-03-26 11:26:59, success
