2022-12-15 13:25:41, success
2022-12-15 16:26:36, success
2022-12-15 19:28:38, success
2022-12-15 22:29:31, success
2022-12-16 01:31:59, success
2022-12-16 04:34:10, success
2022-12-16 07:34:54, success
2022-12-16 10:37:07, success
2022-12-16 13:41:16, success
2022-12-16 16:41:46, success
2022-12-16 19:47:03, success
2022-12-16 22:48:43, success
2022-12-17 01:52:30, success
2022-12-17 03:38:43, failed
2022-12-17 03:43:11, success
2022-12-17 06:45:38, success
2022-12-17 09:46:56, success
2022-12-17 12:48:53, success
2022-12-17 15:51:25, success
2022-12-17 18:53:38, success
2022-12-17 21:56:04, success
2022-12-18 00:57:29, success
2022-12-18 04:01:01, success
2022-12-18 07:02:19, success
2022-12-18 10:04:26, success
2022-12-18 13:07:18, success
2022-12-18 16:07:39, success
2022-12-18 19:08:26, success
2022-12-18 22:09:34, success
2022-12-19 01:12:09, success
2022-12-19 04:13:01, success
2022-12-19 07:15:12, success
2022-12-19 10:18:31, success
2022-12-19 13:19:41, success
2022-12-19 16:21:15, success
2022-12-19 19:22:29, success
2022-12-19 22:24:54, success
2022-12-20 01:25:00, success
2022-12-20 04:25:30, success
2022-12-20 07:27:16, success
2022-12-20 10:28:41, success
2022-12-20 13:29:47, success
2022-12-20 16:32:08, success
2022-12-20 19:33:18, success
2022-12-20 22:34:41, success
2022-12-21 01:35:32, success
2022-12-21 04:37:57, success
2022-12-21 07:39:29, success
2022-12-21 10:43:27, success
2022-12-21 13:45:06, success
2022-12-21 16:45:31, success
2022-12-21 19:45:50, success
2022-12-25 20:55:35, success
2022-12-25 23:57:47, success
2022-12-26 02:58:26, success
2022-12-26 05:59:57, success
2022-12-26 09:02:51, success
2022-12-26 12:04:19, success
2022-12-26 15:05:37, success
2022-12-26 18:06:08, success
2022-12-26 21:06:23, success
2022-12-27 00:06:41, success
2022-12-27 03:08:00, success
2022-12-27 06:08:11, success
2022-12-27 09:09:41, success
2022-12-27 12:12:22, success
2022-12-27 15:13:15, success
2022-12-27 18:16:41, success
2022-12-27 21:19:04, success
2022-12-28 00:19:19, success
2022-12-28 03:21:20, success
2022-12-28 06:21:43, success
2022-12-28 09:23:06, success
2022-12-28 12:25:26, success
2022-12-28 15:27:43, success
2022-12-28 18:30:00, success
2022-12-28 21:30:47, success
2022-12-29 00:32:48, success
2022-12-29 03:32:49, success
2022-12-29 06:33:18, success
2022-12-29 09:35:22, success
2022-12-29 12:37:41, success
2022-12-29 15:37:48, success
2022-12-29 18:40:17, success
2022-12-29 21:40:38, success
2022-12-30 00:42:53, success
2022-12-30 03:44:15, success
2022-12-30 06:45:58, success
2022-12-30 09:48:46, success
2022-12-30 12:51:32, success
2022-12-30 15:53:57, success
2022-12-30 18:55:30, success
2022-12-30 21:57:14, success
2022-12-31 00:58:30, success
2022-12-31 04:00:24, success
2022-12-31 07:02:33, success
2022-12-31 10:03:07, success
2022-12-31 13:05:30, success
2022-12-31 16:05:59, success
2022-12-31 19:06:16, success
2022-12-31 22:07:53, success
2023-01-01 01:08:03, success
2023-01-01 04:08:14, success
2023-01-01 07:10:31, success
2023-01-01 10:11:00, success
2023-01-01 13:13:13, success
2023-01-01 16:14:04, success
2023-01-01 19:14:18, success
2023-01-01 22:15:07, success
2023-01-02 01:17:27, success
2023-01-02 04:19:58, success
2023-01-02 07:20:11, success
2023-01-02 10:20:18, success
2023-01-02 13:20:41, success
2023-01-02 16:22:46, success
2023-01-02 19:24:05, success
2023-01-02 22:24:21, success
2023-01-03 01:25:38, success
2023-01-03 04:27:02, success
2023-01-03 07:27:52, success
2023-01-03 10:29:49, success
2023-01-03 13:32:17, success
2023-01-03 16:32:50, success
2023-01-03 19:34:47, success
2023-01-03 22:35:28, success
2023-01-04 01:36:22, success
2023-01-04 04:37:15, success
2023-01-04 07:39:40, success
2023-01-04 10:41:46, success
2023-01-04 13:42:22, success
2023-01-04 16:44:15, success
2023-01-04 19:45:16, success
2023-01-04 22:46:39, success
2023-01-05 01:47:30, success
2023-01-05 04:48:50, success
2023-01-05 07:50:27, success
2023-01-05 10:50:47, success
2023-01-05 13:51:52, success
2023-01-05 16:54:28, success
2023-01-05 19:55:40, success
2023-01-05 22:56:50, success
2023-01-06 01:57:20, success
2023-01-06 04:57:34, success
2023-01-06 07:58:37, success
2023-01-06 11:01:01, success
2023-01-06 14:01:43, success
2023-01-06 17:03:23, success
2023-01-06 20:04:40, success
2023-01-06 23:07:09, success
2023-01-07 02:09:25, success
2023-01-07 05:11:06, success
2023-01-07 08:13:05, success
2023-01-07 11:13:17, success
2023-01-07 14:16:03, success
2023-01-07 17:17:47, success
2023-01-07 20:17:53, success
2023-01-07 23:20:28, success
2023-01-08 02:23:06, success
2023-01-08 05:24:44, success
2023-01-08 08:26:32, success
2023-01-08 11:29:15, success
2023-01-08 14:29:15, success
2023-01-08 17:29:37, success
2023-01-08 20:30:04, success
2023-01-08 23:30:48, success
2023-01-09 02:32:28, success
2023-01-09 05:34:15, success
2023-01-09 08:34:44, success
2023-01-09 11:36:18, success
2023-01-09 14:38:48, success
2023-01-09 17:39:28, success
2023-01-09 20:41:25, success
2023-01-09 23:42:10, success
2023-01-10 02:44:20, success
2023-01-10 05:45:20, success
2023-01-10 08:47:06, success
2023-01-10 11:48:54, success
2023-01-10 14:51:37, success
2023-01-10 17:52:30, success
2023-01-10 20:52:48, success
2023-01-10 23:54:05, success
2023-01-11 02:56:19, success
2023-01-11 05:57:29, success
2023-01-11 08:58:43, success
2023-01-11 12:01:01, success
2023-01-11 15:01:53, success
2023-01-11 18:04:14, success
2023-01-11 21:04:52, success
2023-01-12 00:05:16, success
2023-01-12 03:07:21, success
2023-01-12 06:09:12, success
2023-01-12 09:11:07, success
2023-01-12 12:11:14, success
2023-01-12 15:12:47, success
2023-01-12 18:14:31, success
2023-01-12 21:16:20, success
2023-01-13 00:17:03, success
2023-01-13 03:17:32, success
2023-01-13 06:19:38, success
2023-01-13 09:20:51, success
2023-01-13 12:21:02, success
2023-01-13 15:22:15, success
2023-01-13 18:23:17, success
2023-01-13 21:24:59, success
2023-01-14 00:25:19, success
2023-01-14 03:27:39, success
2023-01-14 06:29:55, success
2023-01-14 09:30:32, success
2023-01-14 12:30:43, success
2023-01-14 15:31:55, success
2023-01-14 18:32:15, success
2023-01-14 21:34:12, success
2023-01-15 15:59:18, success
2023-01-15 19:00:11, success
2023-01-15 22:00:53, success
2023-01-16 01:02:46, success
2023-01-16 04:05:23, success
2023-01-16 07:06:18, success
2023-01-16 10:08:29, success
2023-01-16 13:10:01, success
2023-01-16 16:11:12, success
2023-01-16 19:12:11, success
2023-01-16 22:12:18, success
2023-01-17 01:12:35, success
2023-01-17 04:14:48, success
2023-01-17 07:15:15, success
2023-01-17 10:16:37, success
2023-01-17 13:16:52, success
2023-01-17 16:19:32, success
2023-01-17 19:21:39, success
2023-01-17 22:23:38, success
2023-01-18 01:25:03, success
2023-01-18 04:25:04, success
2023-01-18 07:26:06, success
2023-01-18 10:27:09, success
2023-01-18 13:28:33, success
2023-01-18 16:28:49, success
2023-01-18 19:30:40, success
2023-01-18 22:30:47, success
2023-01-19 01:31:00, success
2023-01-19 04:32:28, success
2023-01-19 07:33:49, success
2023-01-19 10:36:52, success
2023-01-19 13:39:48, success
2023-01-19 16:41:29, success
2023-01-19 19:44:19, success
2023-01-19 22:45:30, success
2023-01-20 01:46:12, success
2023-01-20 04:48:39, success
2023-01-20 07:50:09, success
2023-01-20 10:51:37, success
2023-01-20 13:53:03, success
2023-01-20 16:53:05, success
2023-01-20 19:55:56, success
2023-01-20 22:56:08, success
2023-01-21 01:58:52, success
2023-01-21 05:00:24, success
2023-01-21 08:03:03, success
2023-01-21 11:03:20, success
2023-01-21 14:05:55, success
2023-01-21 17:06:56, success
2023-01-21 20:08:38, success
2023-01-21 23:11:25, success
2023-01-22 02:12:50, success
2023-01-22 05:15:28, success
2023-01-22 08:18:51, success
2023-01-22 11:20:35, success
2023-01-22 14:21:45, success
2023-01-22 17:23:15, success
2023-01-22 20:25:04, success
2023-01-22 23:27:19, success
2023-01-23 02:27:52, success
2023-01-23 05:28:47, success
2023-01-23 08:31:22, success
2023-01-23 11:34:03, success
2023-01-23 14:36:00, success
2023-01-23 17:37:00, success
2023-01-23 20:38:57, success
2023-01-23 23:40:35, success
2023-01-24 02:42:15, success
2023-01-24 05:42:57, success
2023-01-24 08:45:00, success
2023-01-24 11:45:41, success
2023-01-24 14:47:06, success
2023-01-24 17:47:36, success
2023-01-24 20:49:26, success
2023-01-24 23:51:29, success
2023-01-25 02:53:59, success
2023-01-25 05:55:12, success
2023-01-25 08:57:36, success
2023-01-25 11:59:13, success
2023-01-25 12:40:57, failed
2023-01-25 12:50:59, success
2023-01-25 13:20:05, failed
2023-01-25 13:26:59, success
2023-01-25 13:41:06, failed
2023-01-25 14:24:40, success
2023-03-25 13:01:43, success
2023-03-25 20:57:34, success
<<<<<<< HEAD
2023-03-26 08:12:58, success
=======
2023-03-26 00:19:22, success
>>>>>>> aa894518c388e9e2458f8f3d9e8aea78ac88a56c
