2022-12-18 06:03:31, success
2022-12-18 09:07:18, success
2022-12-18 12:09:06, success
2022-12-18 15:10:23, success
2022-12-18 18:11:14, success
2022-12-18 21:11:56, success
2022-12-19 00:13:13, success
2022-12-19 03:13:56, success
2022-12-19 06:14:14, success
2022-12-19 09:15:41, success
2022-12-19 12:17:00, success
2022-12-19 15:18:53, success
2022-12-19 18:19:36, success
2022-12-19 21:20:02, success
2022-12-20 00:20:56, success
2022-12-20 03:21:34, success
2022-12-20 06:22:37, success
2022-12-20 09:23:49, success
2022-12-20 12:26:37, success
2022-12-20 15:29:28, success
2022-12-20 18:32:59, success
2022-12-20 21:34:05, success
2022-12-21 00:34:07, success
2022-12-21 03:35:11, success
2022-12-21 06:37:18, success
2022-12-21 09:37:42, success
2022-12-21 12:41:38, success
2022-12-21 15:45:53, success
2022-12-21 18:46:20, success
2022-12-25 20:57:37, success
2022-12-25 23:59:04, success
2022-12-26 02:59:45, success
2022-12-26 06:01:20, success
2022-12-26 09:01:26, success
2022-12-26 12:03:13, success
2022-12-26 15:04:26, success
2022-12-26 18:05:02, success
2022-12-26 21:05:11, success
2022-12-27 00:05:37, success
2022-12-27 03:05:59, success
2022-12-27 06:07:01, success
2022-12-27 09:08:25, success
2022-12-27 12:11:06, success
2022-12-27 15:11:53, success
2022-12-27 18:14:44, success
2022-12-27 21:17:14, success
2022-12-28 00:18:12, success
2022-12-28 03:20:15, success
2022-12-28 06:20:36, success
2022-12-28 09:21:40, success
2022-12-28 12:23:50, success
2022-12-28 15:24:04, success
2022-12-28 18:24:17, success
2022-12-28 21:24:58, success
2022-12-29 00:26:48, success
2022-12-29 03:29:20, success
2022-12-29 06:29:39, success
2022-12-29 09:31:38, success
2022-12-29 12:33:52, success
2022-12-29 15:34:10, success
2022-12-29 18:34:12, success
2022-12-29 21:33:42, failed
2022-12-29 21:41:57, success
2022-12-30 00:44:13, success
2022-12-30 03:45:37, success
2022-12-30 06:47:17, success
2022-12-30 09:51:00, success
2022-12-30 12:53:49, success
2022-12-30 15:55:22, success
2022-12-30 18:56:55, success
2022-12-30 21:58:32, success
2022-12-31 00:12:30, failed
2022-12-31 00:20:18, success
2022-12-31 00:25:14, failed
2022-12-31 00:33:18, success
2022-12-31 03:33:38, success
2022-12-31 06:33:50, success
2022-12-31 08:48:42, failed
2022-12-31 08:51:38, success
2022-12-31 08:56:55, failed
2022-12-31 09:19:22, success
2022-12-31 11:33:17, failed
2022-12-31 11:41:54, success
2022-12-31 11:44:36, failed
2022-12-31 12:27:49, success
2022-12-31 14:22:28, failed
2022-12-31 17:25:28, failed
2022-12-31 17:33:40, success
2022-12-31 19:15:45, failed
2022-12-31 19:40:54, success
2022-12-31 21:02:39, failed
2022-12-31 21:38:55, success
2022-12-31 21:41:31, failed
2023-01-01 00:44:06, failed
2023-01-01 03:45:32, failed
2023-01-01 06:47:33, failed
2023-01-01 09:49:50, failed
2023-01-01 11:41:06, success
2023-01-01 11:44:02, failed
2023-01-01 11:47:02, success
2023-01-01 14:49:02, success
2023-01-01 17:50:40, success
2023-01-01 20:52:50, success
2023-01-01 23:53:33, success
2023-01-02 02:53:42, success
2023-01-02 05:55:00, success
2023-01-02 08:56:26, success
2023-01-02 11:57:21, success
2023-01-02 14:59:45, success
2023-01-02 18:01:45, success
2023-01-02 21:03:12, success
2023-01-03 00:04:23, success
2023-01-03 03:06:19, success
2023-01-03 06:07:00, success
2023-01-03 09:07:01, success
2023-01-03 12:07:10, success
2023-01-03 15:07:21, success
2023-01-03 18:08:01, success
2023-01-03 21:10:10, success
2023-01-04 00:11:42, success
2023-01-04 03:12:42, success
2023-01-04 06:13:08, success
2023-01-04 09:14:54, success
2023-01-04 12:16:47, success
2023-01-04 15:19:28, success
2023-01-04 18:21:17, success
2023-01-04 21:22:29, success
2023-01-05 00:23:45, success
2023-01-05 03:26:22, success
2023-01-05 06:28:52, success
2023-01-05 09:30:40, success
2023-01-05 12:31:34, success
2023-01-05 15:32:43, success
2023-01-05 18:34:39, success
2023-01-05 21:36:09, success
2023-01-06 00:37:43, success
2023-01-06 03:38:31, success
2023-01-06 06:39:13, success
2023-01-06 09:41:14, success
2023-01-06 12:41:58, success
2023-01-06 13:48:23, failed
2023-01-06 14:03:08, success
2023-01-06 14:05:58, failed
2023-01-06 14:12:05, success
2023-01-06 17:13:00, success
2023-01-06 20:14:00, success
2023-01-06 23:14:33, success
2023-01-07 02:16:44, success
2023-01-07 05:18:23, success
2023-01-07 08:20:32, success
2023-01-07 11:23:16, success
2023-01-07 14:25:49, success
2023-01-07 17:27:32, success
2023-01-07 20:29:12, success
2023-01-07 23:30:12, success
2023-01-08 02:32:22, success
2023-01-08 05:32:49, success
2023-01-08 08:35:12, success
2023-01-08 11:36:40, success
2023-01-08 14:39:24, success
2023-01-08 17:41:05, success
2023-01-08 20:43:08, success
2023-01-08 23:45:44, success
2023-01-09 02:46:22, success
2023-01-09 05:46:29, success
2023-01-09 08:47:13, success
2023-01-09 11:49:02, success
2023-01-09 14:51:33, success
2023-01-09 17:52:12, success
2023-01-09 20:54:16, success
2023-01-09 23:55:02, success
2023-01-10 02:57:02, success
2023-01-10 05:59:09, success
2023-01-10 09:01:07, success
2023-01-10 12:01:33, success
2023-01-10 15:01:45, success
2023-01-10 18:02:32, success
2023-01-10 21:02:51, success
2023-01-11 00:04:33, success
2023-01-11 03:06:14, success
2023-01-11 06:07:02, success
2023-01-11 09:07:56, success
2023-01-11 12:08:26, success
2023-01-11 15:09:11, success
2023-01-11 18:11:26, success
2023-01-11 21:12:35, success
2023-01-12 00:15:34, success
2023-01-12 03:17:11, success
2023-01-12 06:18:40, success
2023-01-12 09:20:40, success
2023-01-12 12:21:51, success
2023-01-12 15:22:41, success
2023-01-12 18:23:35, success
2023-01-12 21:24:12, success
2023-01-13 00:26:25, success
2023-01-13 03:27:46, success
2023-01-13 06:29:46, success
2023-01-13 09:31:36, success
2023-01-13 12:32:52, success
2023-01-13 15:36:00, success
2023-01-13 18:37:00, success
2023-01-13 21:39:42, success
2023-01-14 00:42:05, success
2023-01-14 03:42:59, success
2023-01-14 06:43:23, success
2023-01-14 09:43:23, success
2023-01-14 12:46:05, success
2023-01-14 15:49:31, success
2023-01-14 18:50:50, success
2023-01-14 21:53:23, success
2023-01-15 16:01:35, success
2023-01-15 19:01:43, success
2023-01-15 22:02:17, success
2023-01-16 01:04:08, success
2023-01-16 04:06:52, success
2023-01-16 07:07:43, success
2023-01-16 10:10:00, success
2023-01-16 13:11:26, success
2023-01-16 16:12:46, success
2023-01-16 19:13:34, success
2023-01-16 22:13:47, success
2023-01-17 01:14:09, success
2023-01-17 04:16:16, success
2023-01-17 07:16:43, success
2023-01-17 10:18:20, success
2023-01-17 13:18:22, success
2023-01-17 16:21:02, success
2023-01-17 19:23:06, success
2023-01-17 22:25:08, success
2023-01-18 01:26:32, success
2023-01-18 04:29:15, success
2023-01-18 07:30:19, success
2023-01-18 10:31:30, success
2023-01-18 13:33:04, success
2023-01-18 16:35:36, success
2023-01-18 19:37:39, success
2023-01-18 22:37:56, success
2023-01-19 01:40:14, success
2023-01-19 04:43:02, success
2023-01-19 07:44:16, success
2023-01-19 10:44:50, success
2023-01-19 13:47:28, success
2023-01-19 16:49:31, success
2023-01-19 19:52:10, success
2023-01-19 22:53:11, success
2023-01-20 01:53:34, success
2023-01-20 04:55:50, success
2023-01-20 07:57:36, success
2023-01-20 10:58:55, success
2023-01-20 14:00:50, success
2023-01-20 17:00:57, success
2023-01-20 20:03:45, success
2023-01-20 23:05:19, success
2023-01-21 02:06:39, success
2023-01-21 05:07:53, success
2023-01-21 08:10:17, success
2023-01-21 11:11:08, success
2023-01-21 14:13:51, success
2023-01-21 17:14:44, success
2023-01-21 20:16:06, success
2023-01-21 23:16:09, success
2023-01-22 02:17:24, success
2023-01-22 05:22:49, success
2023-01-22 08:25:07, success
2023-01-22 11:25:38, success
2023-01-22 14:26:04, success
2023-01-22 17:27:44, success
2023-01-22 20:29:39, success
2023-01-22 23:31:56, success
2023-01-23 02:32:29, success
2023-01-23 05:33:05, success
2023-01-23 08:35:54, success
2023-01-23 11:36:29, success
2023-01-23 14:37:32, success
2023-01-23 17:38:33, success
2023-01-23 20:40:41, success
2023-01-23 23:42:03, success
2023-01-24 02:43:51, success
2023-01-24 05:44:29, success
2023-01-24 08:46:30, success
2023-01-24 11:47:26, success
2023-01-24 14:48:37, success
2023-01-24 17:49:15, success
2023-01-24 20:51:00, success
2023-01-24 23:52:58, success
2023-01-25 02:55:20, success
2023-01-25 05:57:27, success
2023-01-25 08:58:50, success
2023-01-25 12:00:38, success
2023-01-25 13:58:14, failed
2023-01-25 14:51:13, success
2023-03-25 15:01:30, success
2023-03-25 21:00:36, success
<<<<<<< HEAD
2023-03-26 08:16:14, success
=======
2023-03-26 00:22:31, success
>>>>>>> aa894518c388e9e2458f8f3d9e8aea78ac88a56c
2023-03-26 08:22:51, success
2023-03-26 11:29:35, success
