2023-03-26 13:54:31, success
2023-03-26 17:28:15, success
2023-03-26 20:46:05, success
2023-03-26 23:54:57, success
2023-03-27 02:56:03, success
2023-03-27 06:26:21, success
2023-03-27 09:26:48, success
2023-03-27 12:29:18, success
2023-03-27 15:29:43, success
2023-03-27 18:52:57, success
2023-03-27 21:58:59, success
2023-03-28 00:59:00, success
2023-03-28 04:00:34, success
2023-03-28 05:35:32, failed
2023-03-28 05:39:46, success
2023-03-28 08:41:30, success
2023-03-28 11:51:06, success
2023-03-28 14:54:22, success
2023-03-28 17:55:40, success
2023-03-28 21:00:13, success
<<<<<<< HEAD
2023-03-29 00:07:20, success
=======
2023-03-29 00:03:36, success
>>>>>>> c7480734ca4ed6ecefe6afbe180d0fb09ee8add6
