2022-12-19 00:14:28, success
2022-12-19 03:14:45, success
2022-12-19 06:15:18, success
2022-12-19 09:16:34, success
2022-12-19 12:17:58, success
2022-12-19 15:19:51, success
2022-12-19 18:20:41, success
2022-12-19 21:20:58, success
2022-12-20 00:21:55, success
2022-12-20 03:22:39, success
2022-12-20 06:23:42, success
2022-12-20 09:24:42, success
2022-12-20 12:28:00, success
2022-12-20 15:30:55, success
2022-12-20 18:33:54, success
2022-12-20 21:35:05, success
2022-12-20 21:57:08, failed
2022-12-20 22:00:17, success
2022-12-21 01:02:03, success
2022-12-21 04:03:59, success
2022-12-21 07:04:22, success
2022-12-21 10:05:04, success
2022-12-21 12:56:51, failed
2022-12-21 13:01:52, success
2022-12-21 16:04:20, success
2022-12-21 19:06:47, success
2022-12-25 20:54:58, success
2022-12-25 23:57:24, success
2022-12-26 02:58:05, success
2022-12-26 05:59:34, success
2022-12-26 09:02:26, success
2022-12-26 12:03:56, success
2022-12-26 15:05:15, success
2022-12-26 18:05:45, success
2022-12-26 21:06:01, success
2022-12-27 00:06:18, success
2022-12-27 03:07:21, success
2022-12-27 06:07:49, success
2022-12-27 09:09:15, success
2022-12-27 12:11:59, success
2022-12-27 15:12:50, success
2022-12-27 18:12:50, success
2022-12-27 21:15:28, success
2022-12-28 00:16:02, success
2022-12-28 03:18:21, success
2022-12-28 06:18:54, success
2022-12-28 09:19:45, success
2022-12-28 12:21:38, success
2022-12-28 15:22:16, success
2022-12-28 15:38:21, failed
2022-12-28 15:48:47, success
2022-12-28 18:50:21, success
2022-12-28 21:52:31, success
2022-12-29 00:54:29, success
2022-12-29 03:56:13, success
2022-12-29 06:56:36, success
2022-12-29 09:58:10, success
2022-12-29 12:58:21, success
2022-12-29 16:00:25, success
2022-12-29 16:57:23, failed
2022-12-29 17:07:11, success
2022-12-29 17:10:22, failed
2022-12-29 17:13:49, success
2022-12-29 20:15:10, success
2022-12-29 23:15:20, success
2022-12-30 02:17:33, success
2022-12-30 05:18:52, success
2022-12-30 08:19:05, success
2022-12-30 11:21:19, success
2022-12-30 14:21:33, success
2022-12-30 17:23:50, success
2022-12-30 20:24:42, success
2022-12-30 23:26:17, success
2022-12-31 02:28:33, success
2022-12-31 05:29:51, success
2022-12-31 08:30:49, success
2022-12-31 11:31:26, success
2022-12-31 14:32:41, success
2022-12-31 17:34:20, success
2022-12-31 20:36:20, success
2022-12-31 23:38:31, success
2023-01-01 02:42:05, success
2023-01-01 05:44:49, success
2023-01-01 08:46:58, success
2023-01-01 11:47:48, success
2023-01-01 14:49:45, success
2023-01-01 17:51:22, success
2023-01-01 20:53:31, success
2023-01-01 23:54:16, success
2023-01-02 02:54:23, success
2023-01-02 05:55:40, success
2023-01-02 08:57:19, success
2023-01-02 11:58:15, success
2023-01-02 15:00:27, success
2023-01-02 18:02:35, success
2023-01-02 21:03:57, success
2023-01-03 00:05:08, success
2023-01-03 03:07:06, success
2023-01-03 06:07:42, success
2023-01-03 09:10:16, success
2023-01-03 12:10:41, success
2023-01-03 15:11:07, success
2023-01-03 18:11:31, success
2023-01-03 21:13:47, success
2023-01-04 00:15:01, success
2023-01-04 03:16:00, success
2023-01-04 06:16:40, success
2023-01-04 09:18:25, success
2023-01-04 12:20:41, success
2023-01-04 15:23:06, success
2023-01-04 17:40:15, failed
2023-01-04 17:47:22, success
2023-01-04 17:54:08, failed
2023-01-04 17:57:31, success
2023-01-04 20:58:01, success
2023-01-04 23:59:50, success
2023-01-05 03:00:34, success
2023-01-05 06:01:17, success
2023-01-05 09:02:51, success
2023-01-05 12:03:54, success
2023-01-05 15:05:53, success
2023-01-05 18:06:38, success
2023-01-05 21:08:08, success
2023-01-06 00:10:47, success
2023-01-06 03:11:15, success
2023-01-06 06:13:42, success
2023-01-06 09:15:19, success
2023-01-06 10:49:26, failed
2023-01-06 10:52:34, success
2023-01-06 13:55:31, success
2023-01-06 16:57:31, success
2023-01-06 19:58:43, success
2023-01-06 23:00:54, success
2023-01-07 02:03:24, success
2023-01-07 05:05:00, success
2023-01-07 08:06:30, success
2023-01-07 11:06:51, success
2023-01-07 14:07:21, success
2023-01-07 17:09:07, success
2023-01-07 20:09:54, success
2023-01-07 23:10:49, success
2023-01-08 02:13:00, success
2023-01-08 05:13:01, success
2023-01-08 08:13:03, success
2023-01-08 11:14:45, success
2023-01-08 14:15:40, success
2023-01-08 17:16:27, success
2023-01-08 20:18:11, success
2023-01-08 23:18:32, success
2023-01-09 02:20:55, success
2023-01-09 05:22:46, success
2023-01-09 08:23:22, success
2023-01-09 11:25:10, success
2023-01-09 14:27:43, success
2023-01-09 16:08:42, failed
2023-01-09 16:12:14, success
2023-01-09 19:12:33, success
2023-01-09 22:15:19, success
2023-01-10 01:16:59, success
2023-01-10 04:17:11, success
2023-01-10 07:19:37, success
2023-01-10 10:20:38, success
2023-01-10 11:32:16, failed
2023-01-10 11:35:23, success
2023-01-10 14:36:39, success
2023-01-10 17:37:52, success
2023-01-10 18:53:37, failed
2023-01-10 18:56:54, success
2023-01-10 21:57:23, success
2023-01-11 00:59:48, success
2023-01-11 04:02:15, success
2023-01-11 07:02:48, success
2023-01-11 10:03:37, success
2023-01-11 13:06:22, success
2023-01-11 16:08:54, success
2023-01-11 19:10:58, success
2023-01-11 22:17:17, success
2023-01-12 01:18:22, success
2023-01-12 04:21:05, success
2023-01-12 07:21:41, success
2023-01-12 10:22:30, success
2023-01-12 13:23:18, success
2023-01-12 16:25:56, success
2023-01-12 17:15:26, failed
2023-01-12 17:18:43, success
2023-01-12 17:22:44, failed
2023-01-12 17:26:08, success
2023-01-12 18:17:36, failed
2023-01-12 18:24:25, success
2023-01-12 18:51:05, failed
2023-01-12 18:54:33, success
2023-01-12 22:02:56, success
2023-01-13 01:03:35, success
2023-01-13 04:05:06, success
2023-01-13 07:07:40, success
2023-01-13 10:10:05, success
2023-01-13 13:11:40, success
2023-01-13 16:12:16, success
2023-01-13 19:13:21, success
2023-01-13 22:13:34, success
2023-01-14 01:14:32, success
2023-01-14 04:16:19, success
2023-01-14 07:17:13, success
2023-01-14 10:18:16, success
2023-01-14 13:19:02, success
2023-01-14 16:19:51, success
2023-01-14 19:21:01, success
2023-01-14 22:21:27, success
2023-01-15 15:58:33, success
2023-01-15 18:59:39, success
2023-01-15 22:00:27, success
2023-01-16 01:02:21, success
2023-01-16 04:04:57, success
2023-01-16 07:05:47, success
2023-01-16 10:07:50, success
2023-01-16 13:09:35, success
2023-01-16 16:10:45, success
2023-01-16 19:11:45, success
2023-01-16 22:11:51, success
2023-01-17 01:12:06, success
2023-01-17 04:14:20, success
2023-01-17 07:14:44, success
2023-01-17 10:16:10, success
2023-01-17 13:16:25, success
2023-01-17 16:19:04, success
2023-01-17 19:21:11, success
2023-01-17 22:23:07, success
2023-01-18 01:24:34, success
2023-01-18 04:27:12, success
2023-01-18 07:28:22, success
2023-01-18 10:29:27, success
2023-01-18 13:30:59, success
2023-01-18 16:31:00, success
2023-01-18 19:32:50, success
2023-01-18 22:33:04, success
2023-01-19 01:33:06, success
2023-01-19 04:34:50, success
2023-01-19 07:36:05, success
2023-01-19 10:36:10, success
2023-01-19 13:39:09, success
2023-01-19 16:40:42, success
2023-01-19 19:43:37, success
2023-01-19 22:44:52, success
2023-01-20 01:45:32, success
2023-01-20 04:47:59, success
2023-01-20 07:49:28, success
2023-01-20 10:50:56, success
2023-01-20 13:52:22, success
2023-01-20 16:52:24, success
2023-01-20 19:55:08, success
2023-01-20 22:55:26, success
2023-01-21 01:58:10, success
2023-01-21 04:59:42, success
2023-01-21 08:02:23, success
2023-01-21 11:02:41, success
2023-01-21 14:05:14, success
2023-01-21 17:06:17, success
2023-01-21 20:07:58, success
2023-01-21 23:10:44, success
2023-01-22 02:12:09, success
2023-01-22 05:14:50, success
2023-01-22 08:18:00, success
2023-01-22 11:19:57, success
2023-01-22 14:21:04, success
2023-01-22 17:22:09, success
2023-01-22 20:24:24, success
2023-01-22 23:26:41, success
2023-01-23 02:27:13, success
2023-01-23 05:28:06, success
2023-01-23 08:30:41, success
2023-01-23 11:33:04, success
2023-01-23 14:35:30, success
2023-01-23 17:36:27, success
2023-01-23 20:38:29, success
2023-01-23 23:40:05, success
2023-01-24 02:41:46, success
2023-01-24 05:42:27, success
2023-01-24 08:44:28, success
2023-01-24 11:45:09, success
2023-01-24 14:46:28, success
2023-01-24 17:47:03, success
2023-01-24 20:48:54, success
2023-01-24 23:50:59, success
2023-01-25 02:53:25, success
2023-01-25 05:54:32, success
2023-01-25 08:54:33, success
2023-01-25 11:56:13, success
2023-01-25 14:58:57, success
2023-01-25 15:45:21, failed
2023-01-25 15:48:23, success
2023-01-25 16:16:14, failed
2023-03-25 13:00:28, success
2023-03-25 20:56:17, success
<<<<<<< HEAD
2023-03-26 08:11:36, success
=======
2023-03-26 00:18:07, success
>>>>>>> aa894518c388e9e2458f8f3d9e8aea78ac88a56c
2023-03-26 08:18:19, success
2023-03-26 11:25:19, success
