2022-12-16 03:29:55, success
2022-12-16 06:32:55, success
2022-12-16 09:34:22, success
2022-12-16 12:35:00, success
2022-12-16 15:35:51, success
2022-12-16 18:37:58, success
2022-12-16 21:41:06, success
2022-12-17 00:44:43, success
2022-12-17 03:48:02, success
2022-12-17 06:48:51, success
2022-12-17 09:50:04, success
2022-12-17 12:52:01, success
2022-12-17 15:54:37, success
2022-12-17 18:58:22, success
2022-12-17 22:01:32, success
2022-12-18 01:02:41, success
2022-12-18 04:06:19, success
2022-12-18 07:09:29, success
2022-12-18 10:09:48, success
2022-12-18 13:12:09, success
2022-12-18 16:13:20, success
2022-12-18 19:14:21, success
2022-12-18 22:16:13, success
2022-12-19 01:18:17, success
2022-12-19 04:19:55, success
2022-12-19 07:20:46, success
2022-12-19 10:23:33, success
2022-12-19 13:24:45, success
2022-12-19 16:27:36, success
2022-12-19 19:29:02, success
2022-12-19 22:31:38, success
2022-12-20 01:33:53, success
2022-12-20 04:34:53, success
2022-12-20 07:35:39, success
2022-12-20 10:37:39, success
2022-12-20 13:39:32, success
2022-12-20 16:40:53, success
2022-12-20 19:42:15, success
2022-12-20 22:43:34, success
2022-12-21 01:44:04, success
2022-12-21 04:44:16, success
2022-12-21 07:45:13, success
2022-12-21 10:49:40, success
2022-12-21 13:50:09, success
2022-12-21 16:53:21, success
2022-12-21 19:55:04, success
2022-12-25 20:56:17, success
2022-12-25 23:58:14, success
2022-12-26 02:58:51, success
2022-12-26 06:00:26, success
2022-12-26 09:03:18, success
2022-12-26 12:04:46, success
2022-12-26 15:06:03, success
2022-12-26 18:06:35, success
2022-12-26 21:06:49, success
2022-12-27 00:07:07, success
2022-12-27 03:08:49, success
2022-12-27 06:11:05, success
2022-12-27 09:12:55, success
2022-12-27 12:16:46, success
2022-12-27 15:18:54, success
2022-12-27 18:20:14, success
2022-12-27 21:22:11, success
2022-12-27 21:34:30, failed
2022-12-27 21:37:50, success
2022-12-28 00:39:40, success
2022-12-28 03:41:53, success
2022-12-28 06:43:55, success
2022-12-28 09:46:13, success
2022-12-28 12:46:14, success
2022-12-28 15:46:21, success
2022-12-28 18:48:24, success
2022-12-28 21:48:29, success
2022-12-29 00:50:24, success
2022-12-29 03:52:05, success
2022-12-29 06:52:50, success
2022-12-29 09:54:00, success
2022-12-29 12:54:17, success
2022-12-29 15:55:23, success
2022-12-29 18:55:32, success
2022-12-29 21:56:14, success
2022-12-30 00:57:44, success
2022-12-30 03:59:17, success
2022-12-30 07:00:24, success
2022-12-30 10:00:43, success
2022-12-30 13:01:24, success
2022-12-30 16:02:39, success
2022-12-30 19:03:48, success
2022-12-30 22:05:26, success
2022-12-31 01:06:01, success
2022-12-31 04:08:02, success
2022-12-31 07:08:15, success
2022-12-31 10:10:51, success
2022-12-31 13:11:40, success
2022-12-31 16:12:10, success
2022-12-31 19:14:41, success
2022-12-31 22:16:39, success
2023-01-01 01:17:24, success
2023-01-01 04:19:41, success
2023-01-01 07:21:33, success
2023-01-01 10:22:33, success
2023-01-01 13:24:18, success
2023-01-01 16:24:56, success
2023-01-01 19:27:23, success
2023-01-01 22:28:27, success
2023-01-02 01:28:43, success
2023-01-02 04:31:17, success
2023-01-02 07:31:36, success
2023-01-02 10:33:33, success
2023-01-02 13:36:27, success
2023-01-02 16:39:07, success
2023-01-02 19:39:32, success
2023-01-02 22:40:14, success
2023-01-03 01:41:55, success
2023-01-03 04:43:55, success
2023-01-03 07:46:24, success
2023-01-03 10:46:35, success
2023-01-03 13:49:48, success
2023-01-03 16:49:56, success
2023-01-03 19:50:24, success
2023-01-03 22:51:33, success
2023-01-04 01:52:56, success
2023-01-04 04:53:27, success
2023-01-04 07:53:34, success
2023-01-04 10:55:55, success
2023-01-04 13:58:50, success
2023-01-04 17:00:40, success
2023-01-04 20:10:21, success
2023-01-04 23:12:07, success
2023-01-05 02:14:18, success
2023-01-05 05:15:26, success
2023-01-05 08:17:21, success
2023-01-05 11:18:04, success
2023-01-05 14:19:35, success
2023-01-05 17:20:07, success
2023-01-05 20:22:06, success
2023-01-05 23:23:54, success
2023-01-06 02:25:10, success
2023-01-06 05:26:59, success
2023-01-06 08:28:24, success
2023-01-06 11:28:47, success
2023-01-06 14:29:38, success
2023-01-06 17:31:16, success
2023-01-06 20:33:06, success
2023-01-06 23:42:43, success
2023-01-07 02:43:50, success
2023-01-07 05:45:38, success
2023-01-07 08:48:33, success
2023-01-07 11:48:35, success
2023-01-07 14:50:20, success
2023-01-07 17:50:59, success
2023-01-07 20:51:09, success
2023-01-07 23:52:56, success
2023-01-08 02:54:42, success
2023-01-08 05:56:03, success
2023-01-08 08:58:29, success
2023-01-08 11:58:53, success
2023-01-08 15:00:37, success
2023-01-08 18:01:39, success
2023-01-08 21:02:26, success
2023-01-09 00:05:31, success
2023-01-09 03:07:06, success
2023-01-09 06:07:22, success
2023-01-09 09:08:39, success
2023-01-09 12:10:12, success
2023-01-09 15:12:31, success
2023-01-09 18:15:22, success
2023-01-09 21:16:19, success
2023-01-10 00:17:14, success
2023-01-10 03:19:13, success
2023-01-10 06:21:48, success
2023-01-10 09:24:42, success
2023-01-10 12:26:35, success
2023-01-10 15:26:57, success
2023-01-10 18:28:00, success
2023-01-10 21:30:08, success
2023-01-11 00:32:16, success
2023-01-11 03:33:29, success
2023-01-11 06:33:47, success
2023-01-11 09:35:43, success
2023-01-11 12:37:58, success
2023-01-11 15:40:47, success
2023-01-11 18:48:15, success
2023-01-11 21:49:54, success
2023-01-12 00:51:19, success
2023-01-12 03:51:42, success
2023-01-12 06:52:28, success
2023-01-12 09:52:50, success
2023-01-12 12:53:15, success
2023-01-12 15:55:21, success
2023-01-12 18:55:30, success
2023-01-12 21:43:43, failed
2023-01-12 21:50:03, success
2023-01-12 22:24:37, failed
2023-01-12 22:30:49, success
2023-01-13 01:31:33, success
2023-01-13 04:31:37, success
2023-01-13 07:32:48, success
2023-01-13 10:34:34, success
2023-01-13 13:37:20, success
2023-01-13 16:39:27, success
2023-01-13 19:41:01, success
2023-01-13 22:41:04, success
2023-01-14 01:41:55, success
2023-01-14 04:46:43, success
2023-01-14 07:49:18, success
2023-01-14 10:52:14, success
2023-01-14 13:53:05, success
2023-01-14 16:55:02, success
2023-01-14 19:55:23, success
2023-01-14 22:57:50, success
2023-01-15 16:00:03, success
2023-01-15 19:00:39, success
2023-01-15 22:01:18, success
2023-01-16 01:03:12, success
2023-01-16 04:05:50, success
2023-01-16 07:06:45, success
2023-01-16 10:08:57, success
2023-01-16 13:10:28, success
2023-01-16 16:11:40, success
2023-01-16 19:12:35, success
2023-01-16 22:12:46, success
2023-01-17 01:13:07, success
2023-01-17 04:15:15, success
2023-01-17 07:15:42, success
2023-01-17 10:17:20, success
2023-01-17 13:17:21, success
2023-01-17 16:20:05, success
2023-01-17 19:22:06, success
2023-01-17 22:24:05, success
2023-01-18 01:25:31, success
2023-01-18 04:28:10, success
2023-01-18 07:29:17, success
2023-01-18 10:30:28, success
2023-01-18 13:31:54, success
2023-01-18 16:32:02, success
2023-01-18 19:33:46, success
2023-01-18 22:34:04, success
2023-01-19 01:34:04, success
2023-01-19 04:36:00, success
2023-01-19 07:37:09, success
2023-01-19 10:37:18, success
2023-01-19 13:40:16, success
2023-01-19 16:42:03, success
2023-01-19 19:44:50, success
2023-01-19 22:45:59, success
2023-01-20 01:46:39, success
2023-01-20 04:49:05, success
2023-01-20 07:50:34, success
2023-01-20 10:52:07, success
2023-01-20 13:53:36, success
2023-01-20 16:56:36, success
2023-01-20 19:59:36, success
2023-01-20 23:00:17, success
2023-01-21 02:02:26, success
2023-01-21 05:03:54, success
2023-01-21 08:06:22, success
2023-01-21 11:06:51, success
2023-01-21 14:09:37, success
2023-01-21 17:10:37, success
2023-01-21 20:12:02, success
2023-01-21 23:15:05, success
2023-01-22 02:16:22, success
2023-01-22 05:20:46, success
2023-01-22 08:23:41, success
2023-01-22 11:24:33, success
2023-01-22 14:25:07, success
2023-01-22 17:26:43, success
2023-01-22 20:28:35, success
2023-01-22 23:30:51, success
2023-01-23 02:31:26, success
2023-01-23 05:32:07, success
2023-01-23 08:34:55, success
2023-01-23 11:38:54, success
2023-01-23 14:39:20, success
2023-01-23 17:40:38, success
2023-01-23 20:42:29, success
2023-01-23 23:43:51, success
2023-01-24 02:45:39, success
2023-01-24 05:46:15, success
2023-01-24 08:48:16, success
2023-01-24 11:49:32, success
2023-01-24 14:50:25, success
2023-01-24 17:51:02, success
2023-01-24 20:52:52, success
2023-01-24 23:54:43, success
2023-01-25 02:56:55, success
2023-01-25 05:59:52, success
2023-01-25 09:00:28, success
2023-01-25 12:02:20, success
2023-01-25 15:02:46, success
2023-03-25 13:02:33, success
2023-03-25 20:58:39, success
<<<<<<< HEAD
2023-03-26 08:14:06, success
=======
2023-03-26 00:20:31, success
>>>>>>> aa894518c388e9e2458f8f3d9e8aea78ac88a56c
2023-03-26 08:20:55, success
2023-03-26 11:28:12, success
