2022-12-15 14:27:01, success
2022-12-15 17:30:59, success
2022-12-15 20:34:08, success
2022-12-15 23:37:11, success
2022-12-16 00:40:02, failed
2022-12-16 00:51:14, success
2022-12-16 03:51:24, success
2022-12-16 06:52:05, success
2022-12-16 09:53:16, success
2022-12-16 12:54:12, success
2022-12-16 15:55:52, success
2022-12-16 18:58:34, success
2022-12-16 22:00:58, success
2022-12-17 01:04:27, success
2022-12-17 04:07:53, success
2022-12-17 07:08:20, success
2022-12-17 10:08:56, success
2022-12-17 13:11:19, success
2022-12-17 16:11:42, success
2022-12-17 19:13:14, success
2022-12-17 22:13:50, success
2022-12-18 01:14:44, success
2022-12-18 04:18:17, success
2022-12-18 07:19:18, success
2022-12-18 10:22:45, success
2022-12-18 13:23:53, success
2022-12-18 16:26:17, success
2022-12-18 19:29:04, success
2022-12-18 22:30:32, success
2022-12-19 01:31:53, success
2022-12-19 04:32:41, success
2022-12-19 07:33:50, success
2022-12-19 10:35:07, success
2022-12-19 13:36:59, success
2022-12-19 16:39:47, success
2022-12-19 19:41:04, success
2022-12-19 22:43:40, success
2022-12-20 01:44:47, success
2022-12-20 04:46:45, success
2022-12-20 07:49:11, success
2022-12-20 10:49:18, success
2022-12-20 13:53:08, success
2022-12-20 16:57:03, success
2022-12-20 19:58:47, success
2022-12-20 22:59:26, success
2022-12-21 02:01:06, success
2022-12-21 05:03:33, success
2022-12-21 08:06:36, success
2022-12-21 11:10:43, success
2022-12-21 14:11:36, success
2022-12-21 17:13:27, success
2022-12-25 20:56:10, success
2022-12-25 23:58:10, success
2022-12-26 02:58:48, success
2022-12-26 06:00:22, success
2022-12-26 09:03:14, success
2022-12-26 12:04:42, success
2022-12-26 15:05:59, success
2022-12-26 18:06:31, success
2022-12-26 21:06:46, success
2022-12-27 00:07:03, success
2022-12-27 03:08:41, success
2022-12-27 06:11:01, success
2022-12-27 09:12:51, success
2022-12-27 12:16:42, success
2022-12-27 15:18:50, success
2022-12-27 18:20:11, success
2022-12-27 21:22:07, success
2022-12-28 00:22:09, success
2022-12-28 03:24:10, success
2022-12-28 06:24:37, success
2022-12-28 09:26:12, success
2022-12-28 12:28:45, success
2022-12-28 15:30:39, success
2022-12-28 18:32:55, success
2022-12-28 21:33:36, success
2022-12-29 00:35:36, success
2022-12-29 03:38:09, success
2022-12-29 06:38:27, success
2022-12-29 09:40:59, success
2022-12-29 12:43:21, success
2022-12-29 15:45:40, success
2022-12-29 18:46:01, success
2022-12-29 21:46:10, success
2022-12-30 00:47:59, success
2022-12-30 03:49:35, success
2022-12-30 06:52:12, success
2022-12-30 09:52:47, success
2022-12-30 12:55:47, success
2022-12-30 15:57:10, success
2022-12-30 18:58:29, success
2022-12-30 22:00:13, success
2022-12-31 01:01:15, success
2022-12-31 04:03:19, success
2022-12-31 07:05:30, success
2022-12-31 10:07:19, success
2022-12-31 13:08:57, success
2022-12-31 16:09:17, success
2022-12-31 19:09:22, success
2022-12-31 22:11:03, success
2023-01-01 01:11:49, success
2023-01-01 04:14:04, success
2023-01-01 07:16:13, success
2023-01-01 10:16:54, success
2023-01-01 13:18:54, success
2023-01-01 16:19:31, success
2023-01-01 19:19:41, success
2023-01-01 22:20:38, success
2023-01-02 01:20:45, success
2023-01-02 04:23:09, success
2023-01-02 07:23:26, success
2023-01-02 10:24:51, success
2023-01-02 13:26:58, success
2023-01-02 16:28:22, success
2023-01-02 19:29:21, success
2023-01-02 22:29:57, success
2023-01-03 01:31:20, success
2023-01-03 04:33:03, success
2023-01-03 07:33:26, success
2023-01-03 10:35:31, success
2023-01-03 13:38:05, success
2023-01-03 16:38:50, success
2023-01-03 19:41:21, success
2023-01-03 22:43:37, success
2023-01-04 01:44:46, success
2023-01-04 04:45:35, success
2023-01-04 07:48:07, success
2023-01-04 10:50:29, success
2023-01-04 13:51:16, success
2023-01-04 16:52:43, success
2023-01-04 19:53:39, success
2023-01-04 22:55:51, success
2023-01-05 01:58:21, success
2023-01-05 04:59:44, success
2023-01-05 08:01:50, success
2023-01-05 11:01:53, success
2023-01-05 14:03:05, success
2023-01-05 17:03:18, success
2023-01-05 20:04:00, success
2023-01-05 23:05:09, success
2023-01-06 02:05:54, success
2023-01-06 05:08:26, success
2023-01-06 08:09:34, success
2023-01-06 11:12:17, success
2023-01-06 14:13:36, success
2023-01-06 17:14:43, success
2023-01-06 20:15:54, success
2023-01-06 23:16:12, success
2023-01-07 02:18:19, success
2023-01-07 05:19:57, success
2023-01-07 08:22:08, success
2023-01-07 11:25:00, success
2023-01-07 14:27:56, success
2023-01-07 17:29:15, success
2023-01-07 20:30:39, success
2023-01-07 23:31:44, success
2023-01-08 02:33:53, success
2023-01-08 05:34:25, success
2023-01-08 08:36:56, success
2023-01-08 11:38:17, success
2023-01-08 14:38:22, success
2023-01-08 17:40:05, success
2023-01-08 20:41:54, success
2023-01-08 23:41:59, success
2023-01-09 02:45:17, success
2023-01-09 05:45:24, success
2023-01-09 08:46:08, success
2023-01-09 11:47:32, success
2023-01-09 14:50:27, success
2023-01-09 17:51:06, success
2023-01-09 20:53:12, success
2023-01-09 23:54:01, success
2023-01-10 02:55:39, success
2023-01-10 05:57:57, success
2023-01-10 09:00:10, success
2023-01-10 12:00:25, success
2023-01-10 15:00:45, success
2023-01-10 18:01:26, success
2023-01-10 21:01:48, success
2023-01-11 00:03:23, success
2023-01-11 03:05:16, success
2023-01-11 06:06:01, success
2023-01-11 09:06:59, success
2023-01-11 12:07:20, success
2023-01-11 15:08:07, success
2023-01-11 18:10:14, success
2023-01-11 21:11:18, success
2023-01-12 00:11:25, success
2023-01-12 03:13:25, success
2023-01-12 06:14:51, success
2023-01-12 09:16:53, success
2023-01-12 12:17:30, success
2023-01-12 15:18:52, success
2023-01-12 18:19:03, success
2023-01-12 21:19:31, success
2023-01-13 00:19:58, success
2023-01-13 03:20:48, success
2023-01-13 06:22:54, success
2023-01-13 09:24:09, success
2023-01-13 12:26:40, success
2023-01-13 15:28:36, success
2023-01-13 18:34:56, success
2023-01-13 21:35:47, success
2023-01-14 00:37:24, success
2023-01-14 03:38:31, success
2023-01-14 06:39:23, success
2023-01-14 09:39:27, success
2023-01-14 12:39:29, success
2023-01-14 15:41:47, success
2023-01-14 18:44:06, success
2023-01-14 21:44:41, success
2023-01-15 15:59:55, success
2023-01-15 19:00:35, success
2023-01-15 22:01:14, success
2023-01-16 01:03:09, success
2023-01-16 04:05:46, success
2023-01-16 07:06:41, success
2023-01-16 10:08:53, success
2023-01-16 13:10:24, success
2023-01-16 16:11:36, success
2023-01-16 19:12:32, success
2023-01-16 22:12:42, success
2023-01-17 01:13:02, success
2023-01-17 04:15:11, success
2023-01-17 07:15:38, success
2023-01-17 10:17:15, success
2023-01-17 13:17:17, success
2023-01-17 16:20:01, success
2023-01-17 19:22:02, success
2023-01-17 22:24:02, success
2023-01-18 01:25:27, success
2023-01-18 04:25:27, success
2023-01-18 07:26:29, success
2023-01-18 10:27:31, success
2023-01-18 13:28:57, success
2023-01-18 16:29:13, success
2023-01-18 19:31:03, success
2023-01-18 22:31:11, success
2023-01-19 01:31:22, success
2023-01-19 04:32:50, success
2023-01-19 07:34:13, success
2023-01-19 10:37:14, success
2023-01-19 13:40:12, success
2023-01-19 16:41:59, success
2023-01-19 19:44:46, success
2023-01-19 22:45:55, success
2023-01-20 01:46:35, success
2023-01-20 04:49:01, success
2023-01-20 07:50:31, success
2023-01-20 10:52:02, success
2023-01-20 13:53:31, success
2023-01-20 16:56:32, success
2023-01-20 19:59:32, success
2023-01-20 23:00:14, success
2023-01-21 02:02:22, success
2023-01-21 05:03:50, success
2023-01-21 08:06:18, success
2023-01-21 11:06:47, success
2023-01-21 14:09:33, success
2023-01-21 17:10:33, success
2023-01-21 20:11:58, success
2023-01-21 23:15:01, success
2023-01-22 02:16:19, success
2023-01-22 05:20:33, success
2023-01-22 08:23:31, success
2023-01-22 11:24:30, success
2023-01-22 14:25:02, success
2023-01-22 17:26:39, success
2023-01-22 20:28:31, success
2023-01-22 23:30:46, success
2023-01-23 02:31:22, success
2023-01-23 05:32:03, success
2023-01-23 08:34:51, success
2023-01-23 11:38:51, success
2023-01-23 14:39:17, success
2023-01-23 17:40:33, success
2023-01-23 20:42:25, success
2023-01-23 23:43:47, success
2023-01-24 02:45:36, success
2023-01-24 05:46:12, success
2023-01-24 08:48:13, success
2023-01-24 11:49:28, success
2023-01-24 14:50:21, success
2023-01-24 17:50:58, success
2023-01-24 20:52:49, success
2023-01-24 23:54:39, success
2023-01-25 02:56:51, success
2023-01-25 05:59:42, success
2023-01-25 09:00:24, success
2023-01-25 12:02:16, success
2023-01-25 15:02:42, success
2023-03-25 13:02:21, success
2023-03-25 20:58:24, success
<<<<<<< HEAD
2023-03-26 08:13:48, success
=======
2023-03-26 00:20:16, success
>>>>>>> aa894518c388e9e2458f8f3d9e8aea78ac88a56c
2023-03-26 08:20:36, success
2023-03-26 11:27:19, success
