2022-12-17 10:56:03, success
2022-12-17 13:56:36, success
2022-12-17 16:56:45, success
2022-12-17 19:59:07, success
2022-12-17 20:03:22, failed
2022-12-17 20:12:37, success
2022-12-17 20:16:41, failed
2022-12-17 23:18:02, failed
2022-12-18 02:18:56, failed
2022-12-18 05:19:15, failed
2022-12-18 08:19:34, failed
2022-12-18 11:21:42, failed
2022-12-18 11:34:47, success
2022-12-18 14:36:33, success
2022-12-18 17:37:47, success
2022-12-18 20:39:08, success
2022-12-18 23:39:58, success
2022-12-19 02:42:26, success
2022-12-19 05:44:35, success
2022-12-19 08:44:36, success
2022-12-19 11:46:09, success
2022-12-19 14:48:47, success
2022-12-19 17:49:33, success
2022-12-19 20:51:35, success
2022-12-19 23:53:55, success
2022-12-20 02:56:23, success
2022-12-20 05:59:19, success
2022-12-20 09:01:12, success
2022-12-20 12:01:29, success
2022-12-20 15:03:38, success
2022-12-20 18:06:57, success
2022-12-20 21:07:47, success
2022-12-21 00:08:17, success
2022-12-21 03:10:07, success
2022-12-21 06:12:31, success
2022-12-21 09:12:58, success
2022-12-21 12:17:23, success
2022-12-21 15:21:42, success
2022-12-21 18:23:39, success
2022-12-25 20:55:39, success
2022-12-25 23:57:50, success
2022-12-26 02:58:29, success
2022-12-26 06:00:00, success
2022-12-26 09:02:54, success
2022-12-26 12:04:20, success
2022-12-26 15:05:40, success
2022-12-26 18:06:11, success
2022-12-26 21:06:25, success
2022-12-27 00:06:43, success
2022-12-27 03:08:03, success
2022-12-27 06:08:14, success
2022-12-27 09:09:43, success
2022-12-27 09:12:19, failed
2022-12-27 12:12:23, failed
2022-12-27 15:05:14, success
2022-12-27 18:06:55, success
2022-12-27 19:04:35, failed
2022-12-27 19:07:27, success
2022-12-27 22:09:42, success
2022-12-28 01:11:58, success
2022-12-28 04:13:36, success
2022-12-28 07:14:07, success
2022-12-28 10:14:39, success
2022-12-28 13:15:30, success
2022-12-28 16:17:43, success
2022-12-28 19:17:44, success
2022-12-28 22:19:44, success
2022-12-29 01:23:23, success
2022-12-29 04:24:28, success
2022-12-29 07:26:22, success
2022-12-29 10:27:59, success
2022-12-29 13:28:52, success
2022-12-29 16:29:58, success
2022-12-29 19:32:10, success
2022-12-29 22:34:36, success
2022-12-30 01:36:02, success
2022-12-30 04:36:56, success
2022-12-30 07:37:19, success
2022-12-30 10:37:50, success
2022-12-30 13:38:47, success
2022-12-30 16:41:24, success
2022-12-30 19:41:40, success
2022-12-30 22:43:19, success
2022-12-31 01:43:49, success
2022-12-31 04:44:44, success
2022-12-31 07:46:32, success
2022-12-31 10:47:43, success
2022-12-31 13:48:33, success
2022-12-31 16:50:21, success
2022-12-31 19:52:35, success
2022-12-31 22:54:54, success
2023-01-01 01:56:30, success
2023-01-01 04:56:47, success
2023-01-01 07:58:35, success
2023-01-01 11:00:07, success
2023-01-01 14:01:37, success
2023-01-01 17:02:54, success
2023-01-01 20:05:31, success
2023-01-01 23:07:12, success
2023-01-02 02:07:20, success
2023-01-02 05:09:13, success
2023-01-02 08:10:00, success
2023-01-02 11:10:36, success
2023-01-02 14:11:10, success
2023-01-02 17:12:30, success
2023-01-02 20:14:32, success
2023-01-02 23:15:31, success
2023-01-03 02:18:03, success
2023-01-03 05:18:39, success
2023-01-03 08:19:18, success
2023-01-03 11:19:39, success
2023-01-03 14:20:24, success
2023-01-03 17:22:14, success
2023-01-03 20:24:02, success
2023-01-03 23:25:20, success
2023-01-04 02:26:50, success
2023-01-04 05:29:19, success
2023-01-04 08:32:24, success
2023-01-04 11:34:48, success
2023-01-04 14:35:13, success
2023-01-04 17:37:12, success
2023-01-04 20:38:52, success
2023-01-04 23:39:14, success
2023-01-05 02:39:37, success
2023-01-05 05:41:34, success
2023-01-05 08:42:34, success
2023-01-05 11:42:47, success
2023-01-05 14:44:27, success
2023-01-05 17:46:08, success
2023-01-05 20:47:53, success
2023-01-05 23:50:34, success
2023-01-06 02:52:33, success
2023-01-06 05:53:25, success
2023-01-06 08:54:41, success
2023-01-06 11:55:43, success
2023-01-06 14:57:14, success
2023-01-06 17:58:17, success
2023-01-06 20:58:42, success
2023-01-07 00:00:52, success
2023-01-07 03:12:25, success
2023-01-07 06:13:21, success
2023-01-07 09:14:16, success
2023-01-07 12:14:35, success
2023-01-07 15:14:48, success
2023-01-07 18:15:23, success
2023-01-07 21:16:19, success
2023-01-08 00:17:32, success
2023-01-08 03:17:42, success
2023-01-08 06:19:21, success
2023-01-08 09:21:36, success
2023-01-08 12:22:35, success
2023-01-08 15:24:30, success
2023-01-08 18:26:40, success
2023-01-08 21:27:56, success
2023-01-09 00:29:29, success
2023-01-09 03:31:23, success
2023-01-09 06:33:47, success
2023-01-09 09:35:50, success
2023-01-09 12:38:18, success
2023-01-09 15:39:33, success
2023-01-09 18:41:21, success
2023-01-09 21:41:34, success
2023-01-10 00:41:35, success
2023-01-10 03:42:16, success
2023-01-10 06:42:24, success
2023-01-10 09:42:28, success
2023-01-10 12:42:30, success
2023-01-10 15:43:55, success
2023-01-10 18:44:49, success
2023-01-10 21:46:34, success
2023-01-11 00:47:16, success
2023-01-11 01:49:18, failed
2023-01-11 03:19:39, success
2023-01-11 06:21:47, success
2023-01-11 09:22:29, success
2023-01-11 12:22:32, success
2023-01-11 15:23:36, success
2023-01-11 18:24:03, success
2023-01-11 21:26:03, success
2023-01-12 00:28:43, success
2023-01-12 03:29:25, success
2023-01-12 06:30:25, success
2023-01-12 09:30:28, success
2023-01-12 12:31:40, success
2023-01-12 15:32:12, success
2023-01-12 18:33:16, success
2023-01-12 21:34:45, success
2023-01-13 00:36:06, success
2023-01-13 03:37:38, success
2023-01-13 06:39:38, success
2023-01-13 09:41:19, success
2023-01-13 12:42:02, success
2023-01-13 15:43:32, success
2023-01-13 18:44:14, success
2023-01-13 21:44:45, success
2023-01-14 00:48:08, success
2023-01-14 03:50:47, success
2023-01-14 06:51:14, success
2023-01-14 09:53:26, success
2023-01-14 12:56:12, success
2023-01-14 15:58:20, success
2023-01-14 19:00:03, success
2023-01-14 22:00:38, success
2023-01-15 15:59:21, success
2023-01-15 19:00:13, success
2023-01-15 22:00:54, success
2023-01-16 01:02:49, success
2023-01-16 04:05:26, success
2023-01-16 07:06:21, success
2023-01-16 10:08:30, success
2023-01-16 13:10:03, success
2023-01-16 16:11:14, success
2023-01-16 19:12:12, success
2023-01-16 22:12:21, success
2023-01-17 01:12:38, success
2023-01-17 04:14:50, success
2023-01-17 07:15:17, success
2023-01-17 10:16:39, success
2023-01-17 13:16:55, success
2023-01-17 16:19:35, success
2023-01-17 19:21:41, success
2023-01-17 22:23:41, success
2023-01-18 01:25:05, success
2023-01-18 04:25:05, success
2023-01-18 07:26:08, success
2023-01-18 10:27:11, success
2023-01-18 13:28:35, success
2023-01-18 16:28:52, success
2023-01-18 19:30:42, success
2023-01-18 22:30:50, success
2023-01-19 01:31:01, success
2023-01-19 04:32:30, success
2023-01-19 07:33:51, success
2023-01-19 10:36:55, success
2023-01-19 13:39:50, success
2023-01-19 16:41:31, success
2023-01-19 19:44:21, success
2023-01-19 22:45:33, success
2023-01-20 01:46:14, success
2023-01-20 04:48:42, success
2023-01-20 07:50:11, success
2023-01-20 10:51:40, success
2023-01-20 13:53:06, success
2023-01-20 16:53:08, success
2023-01-20 19:55:58, success
2023-01-20 22:56:11, success
2023-01-21 01:58:55, success
2023-01-21 05:00:26, success
2023-01-21 08:03:05, success
2023-01-21 11:03:23, success
2023-01-21 14:05:58, success
2023-01-21 17:06:59, success
2023-01-21 20:08:41, success
2023-01-21 23:11:29, success
2023-01-22 02:12:53, success
2023-01-22 05:15:31, success
2023-01-22 08:18:54, success
2023-01-22 11:20:38, success
2023-01-22 14:21:48, success
2023-01-22 17:23:17, success
2023-01-22 20:25:07, success
2023-01-22 23:27:22, success
2023-01-23 02:27:54, success
2023-01-23 05:28:50, success
2023-01-23 08:31:24, success
2023-01-23 11:34:06, success
2023-01-23 14:36:01, success
2023-01-23 17:37:03, success
2023-01-23 20:39:00, success
2023-01-23 23:40:37, success
2023-01-24 02:42:19, success
2023-01-24 05:42:59, success
2023-01-24 08:45:03, success
2023-01-24 11:45:42, success
2023-01-24 14:47:09, success
2023-01-24 17:47:39, success
2023-01-24 20:49:29, success
2023-01-24 23:51:32, success
2023-01-25 02:54:01, success
2023-01-25 05:55:15, success
2023-01-25 08:57:39, success
2023-01-25 11:59:16, success
2023-01-25 12:41:22, failed
2023-01-25 12:56:13, success
2023-01-25 13:41:31, failed
2023-01-25 14:26:54, success
2023-03-25 13:01:44, success
2023-03-25 20:57:37, success
<<<<<<< HEAD
2023-03-26 08:13:02, success
=======
2023-03-26 00:19:27, success
>>>>>>> aa894518c388e9e2458f8f3d9e8aea78ac88a56c
2023-03-26 08:19:54, success
<<<<<<< HEAD
2023-03-26 11:27:14, success
=======
2023-03-26 11:26:37, success
>>>>>>> 9d53db250e74bad2eb99232681ee4ad8afc21816
2023-03-26 11:33:58, success
