2022-12-17 12:39:38, failed
2022-12-17 12:43:41, success
2022-12-17 15:45:56, success
2022-12-17 18:46:33, success
2022-12-17 21:48:45, success
2022-12-17 22:34:36, failed
2022-12-17 22:43:35, success
2022-12-18 01:47:27, success
2022-12-18 02:23:55, failed
2022-12-18 02:28:17, success
2022-12-18 05:28:53, success
2022-12-18 08:29:37, success
2022-12-18 11:31:19, success
2022-12-18 14:31:31, success
2022-12-18 17:32:30, success
2022-12-18 20:33:32, success
2022-12-18 23:33:54, success
2022-12-19 02:34:39, success
2022-12-19 05:34:40, success
2022-12-19 08:37:01, success
2022-12-19 11:38:52, success
2022-12-19 14:40:45, success
2022-12-19 17:43:00, success
2022-12-19 20:43:10, success
2022-12-19 23:45:12, success
2022-12-20 02:47:52, success
2022-12-20 05:50:32, success
2022-12-20 08:50:46, success
2022-12-20 11:52:02, success
2022-12-20 14:52:30, success
2022-12-20 17:55:37, success
2022-12-20 20:57:04, success
2022-12-20 23:59:07, success
2022-12-21 00:08:33, failed
2022-12-21 00:11:29, success
2022-12-21 03:13:07, success
2022-12-21 06:15:15, success
2022-12-21 09:15:49, success
2022-12-21 12:18:02, success
2022-12-21 15:22:19, success
2022-12-21 18:24:20, success
2022-12-25 20:56:02, success
2022-12-25 23:58:06, success
2022-12-26 02:58:44, success
2022-12-26 06:00:17, success
2022-12-26 09:03:11, success
2022-12-26 12:04:38, success
2022-12-26 15:05:55, success
2022-12-26 18:06:28, success
2022-12-26 21:06:42, success
2022-12-27 00:06:59, success
2022-12-27 03:08:34, success
2022-12-27 06:10:56, success
2022-12-27 07:39:04, failed
2022-12-27 07:42:01, success
2022-12-27 10:43:11, success
2022-12-27 13:45:45, success
2022-12-27 16:46:49, success
2022-12-27 19:49:07, success
2022-12-27 22:50:01, success
2022-12-28 01:50:33, success
2022-12-28 04:52:37, success
2022-12-28 07:54:19, success
2022-12-28 10:55:42, success
2022-12-28 13:58:04, success
2022-12-28 16:58:44, success
2022-12-28 19:58:53, success
2022-12-28 22:59:10, success
2022-12-29 02:00:22, success
2022-12-29 05:00:56, success
2022-12-29 08:01:31, success
2022-12-29 11:02:08, success
2022-12-29 14:02:48, success
2022-12-29 17:04:30, success
2022-12-29 20:05:19, success
2022-12-29 23:06:05, success
2022-12-30 02:08:04, success
2022-12-30 05:10:10, success
2022-12-30 08:12:22, success
2022-12-30 11:14:07, success
2022-12-30 14:14:24, success
2022-12-30 17:16:36, success
2022-12-30 20:17:49, success
2022-12-30 23:20:01, success
2022-12-31 02:21:59, success
2022-12-31 05:22:51, success
2022-12-31 08:23:34, success
2022-12-31 11:24:10, success
2022-12-31 14:24:30, success
2022-12-31 17:27:12, success
2022-12-31 20:28:52, success
2022-12-31 23:30:50, success
2023-01-01 02:43:13, success
2023-01-01 05:45:34, success
2023-01-01 08:47:48, success
2023-01-01 11:48:33, success
2023-01-01 14:50:30, success
2023-01-01 17:52:11, success
2023-01-01 20:54:16, success
2023-01-01 23:55:02, success
2023-01-02 02:55:07, success
2023-01-02 05:56:25, success
2023-01-02 08:58:11, success
2023-01-02 11:59:02, success
2023-01-02 15:01:12, success
2023-01-02 18:03:21, success
2023-01-02 21:04:41, success
2023-01-03 00:05:55, success
2023-01-03 03:07:52, success
2023-01-03 06:08:44, success
2023-01-03 09:11:01, success
2023-01-03 12:11:28, success
2023-01-03 15:11:54, success
2023-01-03 18:12:17, success
2023-01-03 21:14:33, success
2023-01-04 00:15:44, success
2023-01-04 03:16:45, success
2023-01-04 06:17:26, success
2023-01-04 09:19:16, success
2023-01-04 12:21:27, success
2023-01-04 15:23:54, success
2023-01-04 18:25:32, success
2023-01-04 21:26:50, success
2023-01-05 00:27:55, success
2023-01-05 03:30:30, success
2023-01-05 06:32:51, success
2023-01-05 09:34:44, success
2023-01-05 12:36:13, success
2023-01-05 15:36:51, success
2023-01-05 18:38:50, success
2023-01-05 21:40:50, success
2023-01-06 00:42:10, success
2023-01-06 03:42:49, success
2023-01-06 06:43:16, success
2023-01-06 09:45:27, success
2023-01-06 12:46:25, success
2023-01-06 15:47:12, success
2023-01-06 18:48:31, success
2023-01-06 21:50:21, success
2023-01-07 00:50:21, success
2023-01-07 03:50:31, success
2023-01-07 06:51:11, success
2023-01-07 09:52:21, success
2023-01-07 12:54:04, success
2023-01-07 15:54:37, success
2023-01-07 16:44:43, failed
2023-01-07 16:47:48, success
2023-01-07 19:49:44, success
2023-01-07 22:52:03, success
2023-01-08 01:52:50, success
2023-01-08 04:55:22, success
2023-01-08 07:57:48, success
2023-01-08 10:59:53, success
2023-01-08 14:00:15, success
2023-01-08 17:01:56, success
2023-01-08 20:03:49, success
2023-01-08 23:06:07, success
2023-01-09 02:07:35, success
2023-01-09 05:07:41, success
2023-01-09 08:07:48, success
2023-01-09 11:09:36, success
2023-01-09 14:11:57, success
2023-01-09 17:14:28, success
2023-01-09 20:15:30, success
2023-01-09 23:17:26, success
2023-01-10 02:17:49, success
2023-01-10 05:19:09, success
2023-01-10 08:19:35, success
2023-01-10 11:21:58, success
2023-01-10 14:23:28, success
2023-01-10 17:24:03, success
2023-01-10 20:24:15, success
2023-01-10 23:26:49, success
2023-01-11 02:28:34, success
2023-01-11 05:30:33, success
2023-01-11 08:31:27, success
2023-01-11 11:33:38, success
2023-01-11 14:37:15, success
2023-01-11 17:38:42, success
2023-01-11 20:41:29, success
2023-01-11 23:41:56, success
2023-01-12 02:42:41, success
2023-01-12 05:44:34, success
2023-01-12 08:46:35, success
2023-01-12 11:47:58, success
2023-01-12 14:50:09, success
2023-01-12 17:52:44, success
2023-01-12 20:53:58, success
2023-01-12 23:54:19, success
2023-01-13 02:55:06, success
2023-01-13 05:56:39, success
2023-01-13 08:57:42, success
2023-01-13 11:59:31, success
2023-01-13 15:00:11, success
2023-01-13 18:01:04, success
2023-01-13 21:03:13, success
2023-01-14 00:06:18, success
2023-01-14 03:06:51, success
2023-01-14 06:07:51, success
2023-01-14 09:08:06, success
2023-01-14 12:08:43, success
2023-01-14 15:10:25, success
2023-01-14 18:12:38, success
2023-01-14 21:14:11, success
2023-01-15 00:16:19, success
2023-01-15 15:59:45, success
2023-01-15 19:00:29, success
2023-01-15 22:01:10, success
2023-01-16 01:03:04, success
2023-01-16 04:05:41, success
2023-01-16 07:06:37, success
2023-01-16 10:08:47, success
2023-01-16 13:10:19, success
2023-01-16 16:11:30, success
2023-01-16 19:12:27, success
2023-01-16 22:12:36, success
2023-01-17 01:12:55, success
2023-01-17 04:15:07, success
2023-01-17 07:15:34, success
2023-01-17 10:17:10, success
2023-01-17 13:17:11, success
2023-01-17 16:19:56, success
2023-01-17 19:21:57, success
2023-01-17 22:23:56, success
2023-01-18 01:25:22, success
2023-01-18 04:28:01, success
2023-01-18 07:29:08, success
2023-01-18 10:30:19, success
2023-01-18 13:31:45, success
2023-01-18 16:31:52, success
2023-01-18 19:33:37, success
2023-01-18 22:33:54, success
2023-01-19 01:33:54, success
2023-01-19 04:35:51, success
2023-01-19 07:37:01, success
2023-01-19 10:37:10, success
2023-01-19 13:40:06, success
2023-01-19 16:41:46, success
2023-01-19 19:44:40, success
2023-01-19 22:45:49, success
2023-01-20 01:46:29, success
2023-01-20 04:48:57, success
2023-01-20 07:50:25, success
2023-01-20 10:51:57, success
2023-01-20 13:53:28, success
2023-01-20 16:56:28, success
2023-01-20 19:59:28, success
2023-01-20 23:00:09, success
2023-01-21 02:02:17, success
2023-01-21 05:03:45, success
2023-01-21 08:06:13, success
2023-01-21 11:06:41, success
2023-01-21 14:09:28, success
2023-01-21 17:10:28, success
2023-01-21 20:11:54, success
2023-01-21 23:14:57, success
2023-01-22 02:16:15, success
2023-01-22 05:20:26, success
2023-01-22 08:23:27, success
2023-01-22 11:24:25, success
2023-01-22 14:24:58, success
2023-01-22 17:15:13, failed
2023-01-22 17:20:04, success
2023-01-22 20:22:21, success
2023-01-22 23:24:36, success
2023-01-23 02:25:08, success
2023-01-23 05:26:09, success
2023-01-23 08:28:28, success
2023-01-23 11:29:13, success
2023-01-23 14:30:34, success
2023-01-23 17:31:35, success
2023-01-23 20:33:30, success
2023-01-23 23:35:35, success
2023-01-24 02:36:38, success
2023-01-24 05:37:21, success
2023-01-24 08:39:34, success
2023-01-24 11:40:05, success
2023-01-24 14:41:54, success
2023-01-24 17:42:08, success
2023-01-24 20:44:06, success
2023-01-24 23:46:02, success
2023-01-25 02:46:48, success
2023-01-25 05:48:29, success
2023-01-25 08:51:52, success
2023-01-25 11:53:27, success
2023-01-25 14:57:11, success
2023-03-25 13:02:08, success
2023-03-25 20:58:12, success
<<<<<<< HEAD
2023-03-26 08:13:34, success
=======
2023-03-26 00:19:56, success
>>>>>>> aa894518c388e9e2458f8f3d9e8aea78ac88a56c
2023-03-26 08:20:26, success
<<<<<<< HEAD
2023-03-26 11:27:44, success
=======
2023-03-26 11:27:09, success
>>>>>>> 9d53db250e74bad2eb99232681ee4ad8afc21816
2023-03-26 11:34:30, success
