2023-01-04 06:45:48, samwebstudio:50
2023-01-07 13:33:22, globalsolutionit:25
2023-01-10 06:20:01, codexera:12
2023-01-13 08:19:05, webnethub:12
2023-01-16 04:42:17, codexera:6
2023-01-16 07:54:58, zapbooking:50
2023-01-18 04:55:27, roctics:25
2023-01-19 04:23:54, codexera:3
2023-01-19 19:00:19, globalsolutionit:12
2023-01-22 20:56:01, webworldeasy:25
2023-03-25 13:00:36, chahartechnologies:50
2023-03-25 13:00:36, chahartechnologies:25
2023-03-25 13:00:36, chahartechnologies:12
2023-03-25 13:00:36, chahartechnologies:6
2023-03-25 13:00:36, chahartechnologies:3
2023-03-25 13:02:07, techsamadhan:50
2023-03-25 13:02:20, nexgitsolutions:25
2023-03-25 13:02:20, nexgitsolutions:12
2023-03-25 15:00:51, digitaldezire:12
2023-03-25 15:01:06, netcreator-co:25
2023-03-25 15:01:26, dunzo:50
2023-03-25 15:01:26, dunzo:25
2023-03-25 15:01:28, rajputanacabs:50
2023-03-25 15:01:28, rajputanacabs:25
2023-03-26 08:14:05, axissoftwaresolutions:25
2023-03-26 08:16:10, rajputanacabs:12
2023-03-27 06:29:44, digitaldezire:6
2023-03-27 06:30:03, netcreator-co:50
2023-03-27 06:30:08, unitedwebsoft:50
2023-03-27 06:30:40, megatasktechnologies:50
2023-03-27 06:30:44, bytosoft:50
2023-03-27 06:31:23, loadtraxs:50
2023-03-27 06:31:45, fb:50
2023-03-27 06:31:45, fb:25
2023-03-27 06:31:45, fb:12
2023-03-27 07:21:03, facebook:50
2023-03-27 07:21:03, facebook:25
2023-03-27 07:21:03, facebook:12
2023-03-27 07:21:39, onlinefront:50
2023-03-27 07:21:46, acnosoft:50
2023-03-27 07:21:54, codeyiizen:50
2023-03-27 07:21:57, webnethub:50
2023-03-27 07:21:57, webnethub:25
2023-03-27 07:22:00, p3soft:50
2023-03-27 07:22:06, maishainfotech:50
2023-03-27 07:22:17, delhitaxiservices:50
2023-03-27 07:22:24, qpos.co:50
2023-03-27 07:22:29, posgst:50
2023-03-27 07:22:32, indussoft:50
2023-03-27 07:22:36, bustrawler:50
2023-03-27 07:23:31, planetwebit:50
2023-03-27 07:24:00, softlabx:50
2023-03-27 07:24:09, nexgitsolutions:50
2023-03-27 07:24:23, axissoftwaresolutions:50
2023-03-27 07:24:39, hitechsoftservices:50
2023-03-27 07:24:57, sysfosolutions:50
2023-03-27 07:25:08, aaryawebsolution:50
2023-03-27 07:25:19, digitaldezire:50
2023-03-27 07:25:19, digitaldezire:25
2023-03-27 08:01:23, mydigitalhp:50
2023-03-27 22:03:36, freshlist:50
2023-03-28 00:12:48, inner-wise:50
2023-03-28 06:51:51, bytosoft:25
2023-03-28 06:51:54, dunzo:12
2023-03-28 20:57:31, web4u:50
2023-03-28 20:57:31, web4u:25
2023-03-28 20:57:31, web4u:12
2023-03-29 06:34:49, linuxhelp:50
2023-03-29 11:01:44, middlewareinventory:50
2023-03-30 07:17:06, acpitzone:50
2023-03-30 07:17:41, perfectkode:50
2023-03-30 07:18:48, digitaldezire:3
2023-03-30 19:07:18, softlabx:25
2023-03-31 05:30:12, innovativefolks:50
2023-03-31 05:32:46, nexgitsolutions:6
2023-04-01 19:45:22, netcreator-co:12
2023-04-03 02:43:58, defuzed:50
2023-04-03 12:43:24, findbestopensource:50
2023-04-05 06:24:13, shadowinfosystem:50
2023-04-06 11:07:41, webgrowsolution:50
2023-04-07 19:45:55, netcreator-co:6
2023-04-07 22:14:44, webstrendy:50
2023-04-08 10:46:52, kiranamarket:50
2023-04-08 20:45:30, amityedgesolutions:50
2023-04-09 04:44:32, zivost:50
2023-04-09 06:35:15, rashienterprises:50
2023-04-09 06:35:19, teknikoglobal:50
2023-04-09 08:16:51, emvsoftwares:50
2023-04-09 10:11:34, frugivore:50
2023-04-09 23:10:26, webworldeasy:50
2023-04-10 12:13:09, starbazaarindia:50
2023-04-10 18:51:50, web-players.co:50
2023-04-10 19:46:41, netcreator-co:3
2023-04-12 19:09:39, softlabx:12
2023-04-13 06:30:29, sam-erp:50
2023-04-14 16:45:44, websolutioncentre:50
2023-04-16 06:38:58, megatasktechnologies:25
2023-04-17 06:33:35, getmecab:50
2023-04-18 02:42:48, xpresswebsolutions:50
2023-04-18 19:09:10, softlabx:6
2023-04-19 06:34:37, maishainfotech:25
2023-04-20 20:12:08, idea2reality:50
2023-04-21 09:49:03, bloatware:50
2023-04-21 19:08:50, softlabx:3
2023-04-23 04:45:08, corewave:50
2023-04-24 00:44:02, easysolutions360:50
2023-04-24 06:34:34, acpitzone:25
2023-04-24 06:35:01, perfectkode:25
