2022-12-16 12:12:15, success
2022-12-16 15:15:51, success
2022-12-16 18:15:57, success
2022-12-16 21:17:01, success
2022-12-17 00:20:21, success
2022-12-17 03:23:39, success
2022-12-17 06:24:53, success
2022-12-17 09:25:45, success
2022-12-17 12:28:48, success
2022-12-17 15:31:24, success
2022-12-17 18:31:50, success
2022-12-17 21:32:53, success
2022-12-18 00:34:44, success
2022-12-18 03:37:52, success
2022-12-18 06:38:56, success
2022-12-18 09:40:12, success
2022-12-18 12:40:14, success
2022-12-18 15:41:36, success
2022-12-18 18:42:36, success
2022-12-18 21:42:50, success
2022-12-19 00:44:46, success
2022-12-19 03:45:57, success
2022-12-19 06:47:26, success
2022-12-19 09:48:49, success
2022-12-19 12:51:54, success
2022-12-19 15:52:01, success
2022-12-19 18:52:32, success
2022-12-19 21:54:19, success
2022-12-20 00:56:26, success
2022-12-20 03:56:29, success
2022-12-20 06:59:01, success
2022-12-20 10:00:26, success
2022-12-20 13:00:27, success
2022-12-20 16:04:04, success
2022-12-20 19:06:48, success
2022-12-20 22:09:28, success
2022-12-20 23:27:05, failed
2022-12-20 23:37:11, success
2022-12-21 00:59:33, failed
2022-12-21 01:06:06, success
2022-12-21 04:07:38, success
2022-12-21 07:08:43, success
2022-12-21 10:09:17, success
2022-12-21 13:11:40, success
2022-12-21 16:22:25, success
2022-12-21 19:24:28, success
2022-12-25 20:56:23, success
2022-12-25 23:58:19, success
2022-12-26 02:58:55, success
2022-12-26 06:00:31, success
2022-12-26 09:03:25, success
2022-12-26 12:04:51, success
2022-12-26 15:06:08, success
2022-12-26 18:06:41, success
2022-12-26 21:06:56, success
2022-12-27 00:07:13, success
2022-12-27 03:08:56, success
2022-12-27 06:11:10, success
2022-12-27 09:13:00, success
2022-12-27 12:16:51, success
2022-12-27 15:18:59, success
2022-12-27 18:20:19, success
2022-12-27 21:22:16, success
2022-12-28 00:22:18, success
2022-12-28 03:24:19, success
2022-12-28 06:24:46, success
2022-12-28 09:26:21, success
2022-12-28 12:28:54, success
2022-12-28 15:30:47, success
2022-12-28 18:33:09, success
2022-12-28 21:33:44, success
2022-12-29 00:35:46, success
2022-12-29 03:38:18, success
2022-12-29 06:38:36, success
2022-12-29 09:41:09, success
2022-12-29 12:43:29, success
2022-12-29 15:45:50, success
2022-12-29 18:46:09, success
2022-12-29 21:46:20, success
2022-12-30 00:48:07, success
2022-12-30 03:49:45, success
2022-12-30 06:52:27, success
2022-12-30 09:52:55, success
2022-12-30 12:55:56, success
2022-12-30 15:57:18, success
2022-12-30 18:58:38, success
2022-12-30 22:00:21, success
2022-12-31 01:01:26, success
2022-12-31 04:03:29, success
2022-12-31 07:05:38, success
2022-12-31 10:07:34, success
2022-12-31 13:09:08, success
2022-12-31 16:09:25, success
2022-12-31 19:09:33, success
2022-12-31 22:11:11, success
2023-01-01 01:11:56, success
2023-01-01 04:14:11, success
2023-01-01 07:16:21, success
2023-01-01 10:17:01, success
2023-01-01 13:19:02, success
2023-01-01 16:19:39, success
2023-01-01 19:19:48, success
2023-01-01 22:20:46, success
2023-01-02 01:20:52, success
2023-01-02 04:23:18, success
2023-01-02 07:23:33, success
2023-01-02 10:25:03, success
2023-01-02 13:27:04, success
2023-01-02 16:28:31, success
2023-01-02 19:29:27, success
2023-01-02 22:30:05, success
2023-01-03 01:31:28, success
2023-01-03 04:33:10, success
2023-01-03 07:33:33, success
2023-01-03 10:35:39, success
2023-01-03 13:38:12, success
2023-01-03 16:39:00, success
2023-01-03 19:41:30, success
2023-01-03 22:43:47, success
2023-01-04 01:44:53, success
2023-01-04 04:45:46, success
2023-01-04 07:48:15, success
2023-01-04 10:50:36, success
2023-01-04 13:51:23, success
2023-01-04 16:52:50, success
2023-01-04 19:53:47, success
2023-01-04 22:56:00, success
2023-01-05 01:58:30, success
2023-01-05 04:59:53, success
2023-01-05 08:01:58, success
2023-01-05 11:02:00, success
2023-01-05 14:03:13, success
2023-01-05 17:03:25, success
2023-01-05 20:04:09, success
2023-01-05 23:05:17, success
2023-01-06 02:06:02, success
2023-01-06 05:08:33, success
2023-01-06 08:09:41, success
2023-01-06 11:12:25, success
2023-01-06 14:13:43, success
2023-01-06 17:14:50, success
2023-01-06 20:16:12, success
2023-01-06 23:16:29, success
2023-01-07 02:18:37, success
2023-01-07 05:20:14, success
2023-01-07 08:22:24, success
2023-01-07 11:25:13, success
2023-01-07 14:28:03, success
2023-01-07 17:29:29, success
2023-01-07 20:30:47, success
2023-01-07 23:31:52, success
2023-01-08 02:34:01, success
2023-01-08 05:34:32, success
2023-01-08 08:37:04, success
2023-01-08 11:38:24, success
2023-01-08 14:38:30, success
2023-01-08 17:40:13, success
2023-01-08 20:42:01, success
2023-01-08 23:42:06, success
2023-01-09 02:42:07, success
2023-01-09 05:42:51, success
2023-01-09 08:43:36, success
2023-01-09 11:44:49, success
2023-01-09 14:47:31, success
2023-01-09 17:48:34, success
2023-01-09 20:50:29, success
2023-01-09 23:51:21, success
2023-01-10 02:51:42, success
2023-01-10 05:51:52, success
2023-01-10 08:52:42, success
2023-01-10 11:54:54, success
2023-01-10 14:55:21, success
2023-01-10 17:55:50, success
2023-01-10 20:56:12, success
2023-01-10 23:57:11, success
2023-01-11 02:59:43, success
2023-01-11 06:00:36, success
2023-01-11 09:02:05, success
2023-01-11 12:04:36, success
2023-01-11 15:05:20, success
2023-01-11 18:07:38, success
2023-01-11 21:08:29, success
2023-01-12 00:08:37, success
2023-01-12 03:10:46, success
2023-01-12 06:12:22, success
2023-01-12 09:14:16, success
2023-01-12 12:14:48, success
2023-01-12 15:16:07, success
2023-01-12 18:19:14, success
2023-01-12 21:19:38, success
2023-01-13 00:20:07, success
2023-01-13 03:20:55, success
2023-01-13 06:23:04, success
2023-01-13 09:24:16, success
2023-01-13 12:24:16, success
2023-01-13 15:25:54, success
2023-01-13 18:35:12, success
2023-01-13 21:35:55, success
2023-01-14 00:37:33, success
2023-01-14 03:38:40, success
2023-01-14 06:39:30, success
2023-01-14 09:39:33, success
2023-01-14 12:39:36, success
2023-01-14 15:41:54, success
2023-01-14 18:44:13, success
2023-01-14 21:44:48, success
2023-01-15 16:00:08, success
2023-01-15 19:00:42, success
2023-01-15 22:01:21, success
2023-01-16 01:03:15, success
2023-01-16 04:05:54, success
2023-01-16 07:06:49, success
2023-01-16 10:09:00, success
2023-01-16 13:10:32, success
2023-01-16 16:11:44, success
2023-01-16 19:12:39, success
2023-01-16 22:12:50, success
2023-01-17 01:13:12, success
2023-01-17 04:15:19, success
2023-01-17 07:15:48, success
2023-01-17 10:17:25, success
2023-01-17 13:17:25, success
2023-01-17 16:20:08, success
2023-01-17 19:22:09, success
2023-01-17 22:24:10, success
2023-01-18 01:25:35, success
2023-01-18 04:28:14, success
2023-01-18 07:29:20, success
2023-01-18 10:30:31, success
2023-01-18 13:31:57, success
2023-01-18 16:32:06, success
2023-01-18 19:33:50, success
2023-01-18 22:34:09, success
2023-01-19 01:36:39, success
2023-01-19 04:39:05, success
2023-01-19 07:40:12, success
2023-01-19 10:40:43, success
2023-01-19 13:43:24, success
2023-01-19 16:45:19, success
2023-01-19 19:48:07, success
2023-01-19 22:49:09, success
2023-01-20 01:49:36, success
2023-01-20 04:52:01, success
2023-01-20 07:53:46, success
2023-01-20 10:55:07, success
2023-01-20 13:56:53, success
2023-01-20 16:59:58, success
2023-01-20 20:02:43, success
2023-01-20 23:04:09, success
2023-01-21 02:05:32, success
2023-01-21 05:06:56, success
2023-01-21 08:09:23, success
2023-01-21 11:10:06, success
2023-01-21 14:12:51, success
2023-01-21 17:13:44, success
2023-01-21 20:15:08, success
2023-01-21 23:15:08, success
2023-01-22 02:16:26, success
2023-01-22 05:20:57, success
2023-01-22 08:23:50, success
2023-01-22 11:24:36, success
2023-01-22 14:25:10, success
2023-01-22 17:26:46, success
2023-01-22 20:28:39, success
2023-01-22 23:30:54, success
2023-01-23 02:31:29, success
2023-01-23 05:32:10, success
2023-01-23 08:34:58, success
2023-01-23 11:38:58, success
2023-01-23 14:39:25, success
2023-01-23 17:40:42, success
2023-01-23 20:42:35, success
2023-01-23 23:43:56, success
2023-01-24 02:45:43, success
2023-01-24 05:46:19, success
2023-01-24 08:48:20, success
2023-01-24 11:49:37, success
2023-01-24 14:50:31, success
2023-01-24 17:51:07, success
2023-01-24 20:52:57, success
2023-01-24 23:54:46, success
2023-01-25 02:56:59, success
2023-01-25 06:00:01, success
2023-01-25 09:00:31, success
2023-01-25 12:02:24, success
2023-01-25 13:02:59, failed
2023-01-25 13:28:11, success
2023-01-25 13:34:32, failed
2023-01-25 13:46:22, success
2023-01-25 14:08:42, failed
2023-01-25 14:57:22, success
2023-03-25 15:00:13, success
2023-03-25 20:58:45, success
<<<<<<< HEAD
2023-03-26 08:14:13, success
=======
2023-03-26 00:20:38, success
>>>>>>> aa894518c388e9e2458f8f3d9e8aea78ac88a56c
2023-03-26 08:21:03, success
2023-03-26 11:28:18, success
