2022-12-11 02:55:53, success
2022-12-11 06:57:41, success
2022-12-11 10:59:11, success
2022-12-11 15:01:53, success
2022-12-11 19:02:02, success
2022-12-11 23:03:19, success
2022-12-12 03:04:55, success
2022-12-12 07:07:14, success
2022-12-12 11:09:11, success
2022-12-12 15:09:12, success
2022-12-12 19:11:42, success
2022-12-12 23:13:16, success
2022-12-13 03:13:48, success
2022-12-13 07:16:25, success
2022-12-13 11:17:10, success
2022-12-13 15:17:28, success
2022-12-13 19:20:24, success
2022-12-13 23:21:48, success
2022-12-14 03:23:00, success
2022-12-14 07:26:30, success
2022-12-14 11:30:29, success
2022-12-14 15:32:04, success
2022-12-14 19:35:47, success
2022-12-14 23:36:55, success
2022-12-15 03:38:56, success
2022-12-15 07:40:48, success
2022-12-15 11:41:35, success
2022-12-15 15:42:09, success
2022-12-15 19:43:23, success
2022-12-15 23:44:38, success
2022-12-16 03:46:29, success
2022-12-16 07:49:04, success
2022-12-16 11:50:32, success
2022-12-16 15:53:40, success
2022-12-16 19:54:34, success
2022-12-16 23:56:15, success
2022-12-17 03:57:24, success
2022-12-17 07:58:12, success
2022-12-17 11:59:12, success
2022-12-17 16:01:34, success
2022-12-17 20:01:49, success
2022-12-18 00:02:29, success
2022-12-18 04:03:45, success
2022-12-18 08:06:08, success
2022-12-18 12:09:17, success
2022-12-18 16:11:53, success
2022-12-18 20:14:35, success
2022-12-19 00:16:53, success
2022-12-19 04:18:08, success
2022-12-19 08:19:34, success
2022-12-19 12:21:15, success
2022-12-19 16:22:52, success
2022-12-19 20:23:38, success
2022-12-20 00:23:58, success
2022-12-20 04:24:17, success
2022-12-20 08:25:09, success
2022-12-20 12:26:50, success
2022-12-20 16:30:42, success
2022-12-20 20:30:50, success
2022-12-21 00:31:35, success
2022-12-21 04:33:38, success
2022-12-21 08:36:43, success
2022-12-21 12:37:49, success
2022-12-21 16:40:37, success
2022-12-25 20:57:49, success
2022-12-26 00:59:30, success
2022-12-26 05:00:09, success
2022-12-26 09:01:45, success
2022-12-26 13:03:15, success
2022-12-26 17:04:46, success
2022-12-26 21:05:22, success
2022-12-27 01:06:20, success
2022-12-27 05:08:34, success
2022-12-27 09:08:35, success
2022-12-27 13:08:38, success
2022-12-27 17:08:57, success
2022-12-27 21:09:24, success
2022-12-28 01:10:59, success
2022-12-28 05:13:02, success
2022-12-28 09:14:14, success
2022-12-28 13:14:18, success
2022-12-28 17:16:13, success
2022-12-28 21:17:52, success
2022-12-29 01:18:34, success
2022-12-29 05:19:22, success
2022-12-29 09:21:37, success
2022-12-29 13:22:17, success
2022-12-29 17:24:30, success
2022-12-29 21:26:01, success
2022-12-30 01:27:42, success
2022-12-30 05:27:56, success
2022-12-30 09:28:58, success
2022-12-30 13:29:29, success
2022-12-30 17:31:10, success
2022-12-30 21:31:18, success
2022-12-31 01:33:04, success
2022-12-31 05:34:31, success
2022-12-31 09:35:42, success
2022-12-31 13:36:24, success
2022-12-31 17:36:36, success
2022-12-31 21:39:08, success
2023-01-01 01:41:23, success
2023-01-01 05:41:28, success
2023-01-01 09:41:59, success
2023-01-01 13:44:11, success
2023-01-01 17:45:33, success
2023-01-01 21:48:01, success
2023-01-02 01:50:42, success
2023-01-02 05:52:25, success
2023-01-02 09:53:27, success
2023-01-02 13:54:26, success
2023-01-02 17:56:25, success
2023-01-02 21:57:35, success
2023-01-03 01:58:03, success
2023-01-03 05:59:27, success
2023-01-03 10:00:13, success
2023-01-03 14:02:39, success
2023-01-03 18:02:39, success
2023-01-03 22:03:48, success
2023-01-04 02:04:53, success
2023-01-04 06:05:28, success
2023-01-04 10:06:30, success
2023-01-04 14:09:56, success
2023-01-04 18:10:26, success
2023-01-04 22:11:41, success
2023-01-05 02:12:48, success
2023-01-05 06:13:38, success
2023-01-05 10:16:17, success
2023-01-05 14:18:08, success
2023-01-05 18:19:04, success
2023-01-05 22:20:14, success
2023-01-06 02:20:48, success
2023-01-06 06:21:07, success
2023-01-06 10:24:00, success
2023-01-06 14:25:39, success
2023-01-06 18:27:29, success
2023-01-06 22:28:45, success
2023-01-07 02:31:10, success
2023-01-07 06:34:50, success
2023-01-07 10:36:58, success
2023-01-07 14:37:56, success
2023-01-07 18:39:10, success
2023-01-07 22:40:21, success
2023-01-08 02:42:50, success
2023-01-08 06:45:05, success
2023-01-08 10:45:17, success
2023-01-08 14:47:11, success
2023-01-08 18:48:56, success
2023-01-08 22:51:06, success
2023-01-09 02:52:09, success
2023-01-09 06:54:35, success
2023-01-09 10:54:42, success
2023-01-09 14:57:15, success
2023-01-09 18:58:45, success
2023-01-09 23:00:57, success
2023-01-10 03:03:11, success
2023-01-10 07:04:06, success
2023-01-10 11:04:24, success
2023-01-10 15:04:50, success
2023-01-10 19:04:52, success
2023-01-10 23:06:30, success
2023-01-11 03:09:09, success
2023-01-11 07:10:37, success
2023-01-11 11:12:38, success
2023-01-11 15:14:57, success
2023-01-11 19:16:13, success
2023-01-11 23:17:19, success
2023-01-12 03:17:21, success
2023-01-12 07:18:42, success
2023-01-12 11:21:11, success
2023-01-12 15:22:52, success
2023-01-12 19:25:15, success
2023-01-12 23:26:09, success
2023-01-13 03:27:56, success
2023-01-13 07:30:56, success
2023-01-13 11:31:03, success
2023-01-13 15:33:09, success
2023-01-13 19:33:53, success
2023-01-13 23:36:29, success
2023-01-14 00:03:33, failed
2023-01-14 00:14:47, success
2023-01-14 00:42:15, failed
2023-01-14 01:02:36, success
2023-01-14 01:17:54, failed
2023-01-14 01:27:25, success
2023-01-14 01:46:17, failed
2023-01-14 02:05:52, success
2023-01-14 02:14:08, failed
2023-01-14 02:30:54, success
2023-01-14 02:52:15, failed
2023-01-14 03:05:15, success
2023-01-14 03:39:45, failed
2023-01-14 03:59:10, success
2023-01-14 06:52:54, failed
2023-01-14 06:59:42, success
2023-01-14 11:00:02, success
2023-01-14 15:01:02, success
2023-01-14 15:49:42, failed
2023-01-14 17:49:43, success
2023-01-14 17:52:25, failed
2023-01-14 17:59:35, success
2023-01-14 22:03:10, success
2023-01-15 16:02:13, success
2023-01-15 20:02:52, success
2023-01-16 00:06:34, success
2023-01-16 04:07:01, success
2023-01-16 04:17:03, failed
2023-01-16 04:20:49, success
2023-01-16 05:20:06, failed
2023-01-16 05:36:08, success
2023-01-16 08:06:25, failed
2023-01-16 08:10:02, success
2023-01-16 10:34:59, failed
2023-01-16 10:55:03, success
2023-01-16 11:15:17, failed
2023-01-16 11:35:02, success
2023-01-16 11:40:39, failed
2023-01-16 11:44:38, success
2023-01-16 13:56:30, failed
2023-01-16 14:03:24, success
2023-01-16 14:08:47, failed
2023-01-16 14:15:31, success
2023-01-16 14:23:16, failed
2023-01-16 14:26:43, success
2023-01-16 15:01:13, failed
2023-01-16 15:40:03, success
2023-01-16 19:41:21, success
2023-01-16 20:10:17, failed
2023-01-16 20:16:52, success
2023-01-17 00:17:23, success
2023-01-17 04:19:16, success
2023-01-17 08:20:23, success
2023-01-17 11:45:21, failed
2023-01-17 11:49:00, success
2023-01-17 15:50:17, success
2023-01-17 19:51:40, success
2023-01-17 23:53:47, success
2023-01-18 03:56:21, success
2023-01-18 07:58:15, success
2023-01-18 11:58:22, success
2023-01-18 15:59:26, success
2023-01-18 20:00:18, success
2023-01-19 00:04:11, success
2023-01-19 04:05:26, success
2023-01-19 08:07:49, success
2023-01-19 12:09:31, success
2023-01-19 16:11:12, success
2023-01-19 20:11:17, success
2023-01-20 00:11:54, success
2023-01-20 04:11:57, success
2023-01-20 08:12:49, success
2023-01-20 12:14:28, success
2023-01-20 16:16:02, success
2023-01-20 20:18:38, success
2023-01-21 00:19:53, success
2023-01-21 04:20:52, success
2023-01-21 08:21:53, success
2023-01-21 12:23:20, success
2023-01-21 16:24:38, success
2023-01-21 20:25:17, success
2023-01-22 00:25:39, success
2023-01-22 04:27:41, success
2023-01-22 08:29:29, success
2023-01-22 12:31:30, success
2023-01-22 16:33:16, success
2023-01-22 20:36:03, success
2023-01-23 00:37:25, success
2023-01-23 04:38:28, success
2023-01-23 08:39:23, success
2023-01-23 12:41:51, success
2023-01-23 16:41:51, success
2023-01-23 20:43:47, success
2023-01-24 00:45:01, success
2023-01-24 04:47:38, success
2023-01-24 08:49:31, success
2023-01-24 12:51:02, success
2023-01-24 16:52:34, success
2023-01-24 20:54:06, success
2023-01-25 00:54:50, success
2023-01-25 04:55:04, success
2023-01-25 08:56:36, success
2023-01-25 12:59:50, success
2023-01-25 13:30:51, failed
2023-01-25 13:37:15, success
2023-03-25 15:02:31, success
2023-03-25 21:01:14, failed
<<<<<<< HEAD
2023-03-25 21:26:06, success
=======
<<<<<<< HEAD
2023-03-25 21:14:31, success
=======
2023-03-25 21:10:52, success
>>>>>>> bf3dbf7aeef14c0daa0e0d4679a24588dbaf3ef5
2023-03-25 21:19:10, success
>>>>>>> 16e2bc36877b66f71a74126031fa0689d1d5af3b
2023-03-25 21:30:23, success
2023-03-25 21:43:33, failed
2023-03-25 22:19:13, success
2023-03-26 08:16:41, success
