2022-12-16 08:26:10, success
2022-12-16 11:28:23, success
2022-12-16 14:29:54, success
2022-12-16 17:30:40, success
2022-12-16 20:32:28, success
2022-12-16 23:35:33, success
2022-12-17 02:36:46, success
2022-12-17 05:38:32, success
2022-12-17 08:40:49, success
2022-12-17 11:42:43, success
2022-12-17 14:43:58, success
2022-12-17 17:45:57, success
2022-12-17 20:48:18, success
2022-12-17 23:48:53, success
2022-12-18 02:49:41, success
2022-12-18 05:51:01, success
2022-12-18 08:53:41, success
2022-12-18 11:56:26, success
2022-12-18 14:56:56, success
2022-12-18 17:59:44, success
2022-12-18 21:00:24, success
2022-12-19 00:03:18, success
2022-12-19 03:05:15, success
2022-12-19 06:06:16, success
2022-12-19 09:07:32, success
2022-12-19 12:08:14, success
2022-12-19 15:10:00, success
2022-12-19 18:10:15, success
2022-12-19 21:10:54, success
2022-12-20 00:11:30, success
2022-12-20 03:12:17, success
2022-12-20 06:14:11, success
2022-12-20 09:15:35, success
2022-12-20 12:15:44, success
2022-12-20 15:17:19, success
2022-12-20 18:20:37, success
2022-12-20 21:22:35, success
2022-12-21 00:23:02, success
2022-12-21 03:24:17, success
2022-12-21 06:28:34, success
2022-12-21 09:28:48, success
2022-12-21 12:32:52, success
2022-12-21 15:36:54, success
2022-12-21 18:37:43, success
2022-12-25 20:57:16, success
2022-12-25 23:58:51, success
2022-12-26 02:59:28, success
2022-12-26 06:01:06, success
2022-12-26 09:03:57, success
2022-12-26 12:05:30, success
2022-12-26 15:06:45, success
2022-12-26 18:07:11, success
2022-12-26 21:07:30, success
2022-12-27 00:07:48, success
2022-12-27 03:09:48, success
2022-12-27 06:11:45, success
2022-12-27 09:13:37, success
2022-12-27 12:14:38, success
2022-12-27 15:16:47, success
2022-12-27 18:17:47, success
2022-12-27 21:20:07, success
2022-12-28 00:20:29, success
2022-12-28 03:22:27, success
2022-12-28 06:22:57, success
2022-12-28 09:24:13, success
2022-12-28 12:26:38, success
2022-12-28 15:28:53, success
2022-12-28 18:31:06, success
2022-12-28 21:31:45, success
2022-12-29 00:33:51, success
2022-12-29 03:36:21, success
2022-12-29 06:36:46, success
2022-12-29 09:39:07, success
2022-12-29 12:41:34, success
2022-12-29 15:43:51, success
2022-12-29 18:46:47, success
2022-12-29 21:46:57, success
2022-12-30 00:48:43, success
2022-12-30 03:50:20, success
2022-12-30 06:53:22, success
2022-12-30 09:53:28, success
2022-12-30 12:56:30, success
2022-12-30 15:57:52, success
2022-12-30 18:59:19, success
2022-12-30 22:00:56, success
2022-12-31 01:02:00, success
2022-12-31 04:04:00, success
2022-12-31 07:06:21, success
2022-12-31 10:08:34, success
2022-12-31 13:09:51, success
2022-12-31 16:10:10, success
2022-12-31 19:10:17, success
2022-12-31 22:11:51, success
2023-01-01 01:12:38, success
2023-01-01 04:14:49, success
2023-01-01 07:16:58, success
2023-01-01 10:17:40, success
2023-01-01 13:19:49, success
2023-01-01 16:20:18, success
2023-01-01 19:20:26, success
2023-01-01 22:21:29, success
2023-01-02 01:21:39, success
2023-01-02 04:24:02, success
2023-01-02 07:24:14, success
2023-01-02 10:26:07, success
2023-01-02 13:27:44, success
2023-01-02 16:29:09, success
2023-01-02 19:30:08, success
2023-01-02 22:30:51, success
2023-01-03 01:32:08, success
2023-01-03 04:33:51, success
2023-01-03 07:34:19, success
2023-01-03 10:36:20, success
2023-01-03 13:38:57, success
2023-01-03 16:39:44, success
2023-01-03 19:42:14, success
2023-01-03 22:44:30, success
2023-01-04 01:45:34, success
2023-01-04 04:46:24, success
2023-01-04 07:48:58, success
2023-01-04 10:51:21, success
2023-01-04 13:52:29, success
2023-01-04 16:53:31, success
2023-01-04 19:54:36, success
2023-01-04 20:37:13, failed
2023-01-04 20:48:38, success
2023-01-04 20:51:23, failed
2023-01-04 23:07:30, success
2023-01-04 23:15:37, failed
2023-01-04 23:24:13, success
2023-01-05 02:25:28, success
2023-01-05 05:27:01, success
2023-01-05 08:28:32, success
2023-01-05 11:30:14, success
2023-01-05 14:31:37, success
2023-01-05 17:34:10, success
2023-01-05 20:36:19, success
2023-01-05 23:37:59, success
2023-01-06 02:39:43, success
2023-01-06 05:24:56, failed
2023-01-06 05:27:46, success
2023-01-06 05:30:19, failed
2023-01-06 05:33:09, success
2023-01-06 08:34:32, success
2023-01-06 11:35:18, success
2023-01-06 14:35:36, success
2023-01-06 17:37:19, success
2023-01-06 20:39:36, success
2023-01-06 23:43:52, success
2023-01-07 02:44:38, success
2023-01-07 05:46:22, success
2023-01-07 08:46:22, success
2023-01-07 11:46:23, success
2023-01-07 14:48:24, success
2023-01-07 17:49:06, success
2023-01-07 20:49:14, success
2023-01-07 23:51:01, success
2023-01-08 02:52:48, success
2023-01-08 05:54:09, success
2023-01-08 08:56:37, success
2023-01-08 11:57:04, success
2023-01-08 14:58:46, success
2023-01-08 17:59:41, success
2023-01-08 21:00:26, success
2023-01-09 00:02:47, success
2023-01-09 03:05:03, success
2023-01-09 06:05:26, success
2023-01-09 09:06:34, success
2023-01-09 12:08:20, success
2023-01-09 15:10:33, success
2023-01-09 18:10:36, success
2023-01-09 21:11:17, success
2023-01-10 00:12:35, success
2023-01-10 03:14:14, success
2023-01-10 06:17:06, success
2023-01-10 09:18:33, success
2023-01-10 12:19:32, success
2023-01-10 15:22:15, success
2023-01-10 18:22:29, success
2023-01-10 21:22:41, success
2023-01-11 00:25:00, success
2023-01-11 03:26:07, success
2023-01-11 06:28:35, success
2023-01-11 09:28:56, success
2023-01-11 12:30:00, success
2023-01-11 15:30:22, success
2023-01-11 18:31:18, success
2023-01-11 21:33:15, success
2023-01-12 00:33:19, success
2023-01-12 03:36:07, success
2023-01-12 06:37:01, success
2023-01-12 09:37:04, success
2023-01-12 12:39:18, success
2023-01-12 15:42:04, success
2023-01-12 18:44:20, success
2023-01-12 21:44:41, success
2023-01-13 00:45:56, success
2023-01-13 03:46:48, success
2023-01-13 06:49:24, success
2023-01-13 09:50:53, success
2023-01-13 12:51:13, success
2023-01-13 15:53:33, success
2023-01-13 18:53:53, success
2023-01-13 21:55:44, success
2023-01-14 00:56:12, success
2023-01-14 03:58:44, success
2023-01-14 06:59:17, success
2023-01-14 10:00:25, success
2023-01-14 13:02:53, success
2023-01-14 16:05:52, success
2023-01-14 19:06:40, success
2023-01-14 22:07:51, success
2023-01-15 16:01:11, success
2023-01-15 19:01:26, success
2023-01-15 22:02:03, success
2023-01-16 01:03:55, success
2023-01-16 04:06:34, success
2023-01-16 07:07:29, success
2023-01-16 10:09:45, success
2023-01-16 13:11:12, success
2023-01-16 16:12:32, success
2023-01-16 19:13:21, success
2023-01-16 22:13:33, success
2023-01-17 01:13:55, success
2023-01-17 04:16:02, success
2023-01-17 07:16:29, success
2023-01-17 10:18:06, success
2023-01-17 13:18:06, success
2023-01-17 16:20:48, success
2023-01-17 19:22:52, success
2023-01-17 22:24:54, success
2023-01-18 01:26:17, success
2023-01-18 04:28:58, success
2023-01-18 07:30:04, success
2023-01-18 10:31:14, success
2023-01-18 13:32:50, success
2023-01-18 16:35:23, success
2023-01-18 19:37:24, success
2023-01-18 22:37:40, success
2023-01-19 01:40:00, success
2023-01-19 04:42:49, success
2023-01-19 07:44:00, success
2023-01-19 10:44:36, success
2023-01-19 13:47:07, success
2023-01-19 16:49:14, success
2023-01-19 19:51:54, success
2023-01-19 22:52:57, success
2023-01-20 01:53:19, success
2023-01-20 04:55:36, success
2023-01-20 07:57:22, success
2023-01-20 10:58:41, success
2023-01-20 14:00:35, success
2023-01-20 17:00:41, success
2023-01-20 20:03:26, success
2023-01-20 23:05:02, success
2023-01-21 02:06:24, success
2023-01-21 05:07:35, success
2023-01-21 08:10:01, success
2023-01-21 11:10:52, success
2023-01-21 14:13:35, success
2023-01-21 17:14:28, success
2023-01-21 20:15:51, success
2023-01-21 23:15:53, success
2023-01-22 02:17:06, success
2023-01-22 05:22:07, success
2023-01-22 08:24:42, success
2023-01-22 11:25:21, success
2023-01-22 14:25:49, success
2023-01-22 17:27:27, success
2023-01-22 20:29:22, success
2023-01-22 23:31:39, success
2023-01-23 02:32:12, success
2023-01-23 05:32:48, success
2023-01-23 08:35:39, success
2023-01-23 11:35:59, success
2023-01-23 14:37:16, success
2023-01-23 17:38:17, success
2023-01-23 20:40:18, success
2023-01-23 23:41:47, success
2023-01-24 02:43:35, success
2023-01-24 05:44:12, success
2023-01-24 08:46:13, success
2023-01-24 11:47:08, success
2023-01-24 14:48:20, success
2023-01-24 17:48:58, success
2023-01-24 20:50:43, success
2023-01-24 23:52:42, success
2023-01-25 02:55:04, success
2023-01-25 05:56:57, success
2023-01-25 08:58:37, success
2023-01-25 12:00:21, success
2023-01-25 15:00:52, success
2023-03-25 15:01:15, success
2023-03-25 21:00:03, success
<<<<<<< HEAD
2023-03-26 08:15:36, success
=======
2023-03-26 00:21:56, success
>>>>>>> aa894518c388e9e2458f8f3d9e8aea78ac88a56c
2023-03-26 08:22:25, success
